[ 2017-10-21T23:37:34+08:00 ] 127.0.0.1 127.0.0.1 GET /admin/rescue/detail/id/1
[ log ] www.city119.com/admin/rescue/detail/id/1 [运行时间：1.265073s][吞吐率：0.79req/s] [内存消耗：5,534.83kb] [文件加载：67]
[ info ] [ LANG ] D:\Software_Files\website\www.city119.com\thinkphp\lang\zh-cn.php
[ info ] [ ROUTE ] array (
  'type' => 'module',
  'module' => 
  array (
    0 => 'admin',
    1 => 'rescue',
    2 => 'detail',
  ),
)
[ info ] [ HEADER ] array (
  'host' => 'www.city119.com',
  'connection' => 'keep-alive',
  'cache-control' => 'max-age=0',
  'user-agent' => 'Mozilla/5.0 (Windows NT 6.1; Win64; x64) AppleWebKit/537.36 (KHTML, like Gecko) Chrome/61.0.3163.79 Safari/537.36',
  'upgrade-insecure-requests' => '1',
  'accept' => 'text/html,application/xhtml+xml,application/xml;q=0.9,image/webp,image/apng,*/*;q=0.8',
  'accept-encoding' => 'gzip, deflate',
  'accept-language' => 'zh-CN,zh;q=0.8',
  'cookie' => 'PHPSESSID=1br925d3mp7gahilh7qga13370; think_var=zh-cn',
)
[ info ] [ PARAM ] array (
  'id' => '1',
)
[ info ] [ LANG ] D:\Software_Files\website\www.city119.com\public/../app/admin\lang\zh-cn.php
[ info ] [ SESSION ] INIT array (
  'id' => '',
  'var_session_id' => '',
  'prefix' => '',
  'type' => '',
  'auto_start' => true,
)
[ info ] [ DB ] INIT mysql
[ info ] [ RUN ] app\admin\controller\Rescue->detail[ D:\Software_Files\website\www.city119.com\app\admin\controller\Rescue.php ]
[ info ] [ VIEW ] D:\Software_Files\website\www.city119.com\public/../app/admin\view\rescue\detail.html [ array (
  0 => 'set_lang',
  1 => 'user',
  2 => 'menus',
  3 => 'data',
) ]
[ info ] [ LOG ] INIT File
[ sql ] [ DB ] CONNECT:[ UseTime:0.075004s ] mysql:dbname=city119;host=city119.anybind.com;port=3306;charset=utf8
[ sql ] [ SQL ] SHOW COLUMNS FROM `auth_rule` [ RunTime:0.049003s ]
[ sql ] [ SQL ] SELECT COUNT(*) AS tp_count FROM `auth_rule` WHERE  `rule_val` = 'admin/index/index' LIMIT 1 [ RunTime:0.048003s ]
[ sql ] [ SQL ] SHOW COLUMNS FROM `user` [ RunTime:0.049003s ]
[ sql ] [ SQL ] SELECT `role_id` FROM `user` WHERE  `user`.`delete_time` IS NULL  AND `id` = 1 LIMIT 1 [ RunTime:0.048002s ]
[ sql ] [ SQL ] SHOW COLUMNS FROM `auth_access` [ RunTime:0.052003s ]
[ sql ] [ SQL ] SELECT `rule_id` FROM `auth_access` WHERE  `role_id` = 1 [ RunTime:0.050003s ]
[ sql ] [ SQL ] SELECT `rule_val` FROM `auth_rule` WHERE  `id` IN (2) [ RunTime:0.050003s ]
[ sql ] [ SQL ] SELECT COUNT(*) AS tp_count FROM `auth_rule` WHERE  `rule_val` = 'admin/policeman/index' LIMIT 1 [ RunTime:0.049003s ]
[ sql ] [ SQL ] SELECT COUNT(*) AS tp_count FROM `auth_rule` WHERE  `rule_val` = 'admin/rescue/index' LIMIT 1 [ RunTime:0.053003s ]
[ sql ] [ SQL ] SELECT `role_id` FROM `user` WHERE  `user`.`delete_time` IS NULL  AND `id` = 1 LIMIT 1 [ RunTime:0.048003s ]
[ sql ] [ SQL ] SELECT `rule_id` FROM `auth_access` WHERE  `role_id` = 1 [ RunTime:0.049003s ]
[ sql ] [ SQL ] SELECT `rule_val` FROM `auth_rule` WHERE  `id` IN (2) [ RunTime:0.048003s ]
[ sql ] [ SQL ] SELECT COUNT(*) AS tp_count FROM `auth_rule` WHERE  `rule_val` = 'admin/system/index' LIMIT 1 [ RunTime:0.052003s ]
[ sql ] [ SQL ] SELECT COUNT(*) AS tp_count FROM `auth_rule` WHERE  `rule_val` = 'admin/user/index' LIMIT 1 [ RunTime:0.048003s ]
[ sql ] [ SQL ] SELECT `role_id` FROM `user` WHERE  `user`.`delete_time` IS NULL  AND `id` = 1 LIMIT 1 [ RunTime:0.050003s ]
[ sql ] [ SQL ] SELECT `rule_id` FROM `auth_access` WHERE  `role_id` = 1 [ RunTime:0.049002s ]
[ sql ] [ SQL ] SELECT `rule_val` FROM `auth_rule` WHERE  `id` IN (2) [ RunTime:0.053003s ]
[ sql ] [ SQL ] SELECT COUNT(*) AS tp_count FROM `auth_rule` WHERE  `rule_val` = 'admin/role/index' LIMIT 1 [ RunTime:0.057003s ]
[ sql ] [ SQL ] SELECT COUNT(*) AS tp_count FROM `auth_rule` WHERE  `rule_val` = 'admin/authrule/index' LIMIT 1 [ RunTime:0.048003s ]
[ sql ] [ SQL ] SHOW COLUMNS FROM `rescue_info` [ RunTime:0.051003s ]
[ sql ] [ SQL ] SELECT * FROM `rescue_info` WHERE  `id` = 1 LIMIT 1 [ RunTime:0.051003s ]

---------------------------------------------------------------
[ 2017-10-21T23:37:48+08:00 ] 127.0.0.1 127.0.0.1 GET /admin/rescue/detail/id/1
[ log ] www.city119.com/admin/rescue/detail/id/1 [运行时间：1.315075s][吞吐率：0.76req/s] [内存消耗：5,535.05kb] [文件加载：67]
[ info ] [ LANG ] D:\Software_Files\website\www.city119.com\thinkphp\lang\zh-cn.php
[ info ] [ ROUTE ] array (
  'type' => 'module',
  'module' => 
  array (
    0 => 'admin',
    1 => 'rescue',
    2 => 'detail',
  ),
)
[ info ] [ HEADER ] array (
  'host' => 'www.city119.com',
  'connection' => 'keep-alive',
  'cache-control' => 'max-age=0',
  'user-agent' => 'Mozilla/5.0 (Windows NT 6.1; Win64; x64) AppleWebKit/537.36 (KHTML, like Gecko) Chrome/61.0.3163.79 Safari/537.36',
  'upgrade-insecure-requests' => '1',
  'accept' => 'text/html,application/xhtml+xml,application/xml;q=0.9,image/webp,image/apng,*/*;q=0.8',
  'accept-encoding' => 'gzip, deflate',
  'accept-language' => 'zh-CN,zh;q=0.8',
  'cookie' => 'PHPSESSID=1br925d3mp7gahilh7qga13370; think_var=zh-cn',
)
[ info ] [ PARAM ] array (
  'id' => '1',
)
[ info ] [ LANG ] D:\Software_Files\website\www.city119.com\public/../app/admin\lang\zh-cn.php
[ info ] [ SESSION ] INIT array (
  'id' => '',
  'var_session_id' => '',
  'prefix' => '',
  'type' => '',
  'auto_start' => true,
)
[ info ] [ DB ] INIT mysql
[ info ] [ RUN ] app\admin\controller\Rescue->detail[ D:\Software_Files\website\www.city119.com\app\admin\controller\Rescue.php ]
[ info ] [ VIEW ] D:\Software_Files\website\www.city119.com\public/../app/admin\view\rescue\detail.html [ array (
  0 => 'set_lang',
  1 => 'user',
  2 => 'menus',
  3 => 'data',
) ]
[ info ] [ LOG ] INIT File
[ sql ] [ DB ] CONNECT:[ UseTime:0.083005s ] mysql:dbname=city119;host=city119.anybind.com;port=3306;charset=utf8
[ sql ] [ SQL ] SHOW COLUMNS FROM `auth_rule` [ RunTime:0.054003s ]
[ sql ] [ SQL ] SELECT COUNT(*) AS tp_count FROM `auth_rule` WHERE  `rule_val` = 'admin/index/index' LIMIT 1 [ RunTime:0.052003s ]
[ sql ] [ SQL ] SHOW COLUMNS FROM `user` [ RunTime:0.053003s ]
[ sql ] [ SQL ] SELECT `role_id` FROM `user` WHERE  `user`.`delete_time` IS NULL  AND `id` = 1 LIMIT 1 [ RunTime:0.051003s ]
[ sql ] [ SQL ] SHOW COLUMNS FROM `auth_access` [ RunTime:0.053003s ]
[ sql ] [ SQL ] SELECT `rule_id` FROM `auth_access` WHERE  `role_id` = 1 [ RunTime:0.055004s ]
[ sql ] [ SQL ] SELECT `rule_val` FROM `auth_rule` WHERE  `id` IN (2) [ RunTime:0.058003s ]
[ sql ] [ SQL ] SELECT COUNT(*) AS tp_count FROM `auth_rule` WHERE  `rule_val` = 'admin/policeman/index' LIMIT 1 [ RunTime:0.054003s ]
[ sql ] [ SQL ] SELECT COUNT(*) AS tp_count FROM `auth_rule` WHERE  `rule_val` = 'admin/rescue/index' LIMIT 1 [ RunTime:0.053003s ]
[ sql ] [ SQL ] SELECT `role_id` FROM `user` WHERE  `user`.`delete_time` IS NULL  AND `id` = 1 LIMIT 1 [ RunTime:0.052003s ]
[ sql ] [ SQL ] SELECT `rule_id` FROM `auth_access` WHERE  `role_id` = 1 [ RunTime:0.054003s ]
[ sql ] [ SQL ] SELECT `rule_val` FROM `auth_rule` WHERE  `id` IN (2) [ RunTime:0.053004s ]
[ sql ] [ SQL ] SELECT COUNT(*) AS tp_count FROM `auth_rule` WHERE  `rule_val` = 'admin/system/index' LIMIT 1 [ RunTime:0.052003s ]
[ sql ] [ SQL ] SELECT COUNT(*) AS tp_count FROM `auth_rule` WHERE  `rule_val` = 'admin/user/index' LIMIT 1 [ RunTime:0.054003s ]
[ sql ] [ SQL ] SELECT `role_id` FROM `user` WHERE  `user`.`delete_time` IS NULL  AND `id` = 1 LIMIT 1 [ RunTime:0.054003s ]
[ sql ] [ SQL ] SELECT `rule_id` FROM `auth_access` WHERE  `role_id` = 1 [ RunTime:0.051003s ]
[ sql ] [ SQL ] SELECT `rule_val` FROM `auth_rule` WHERE  `id` IN (2) [ RunTime:0.056003s ]
[ sql ] [ SQL ] SELECT COUNT(*) AS tp_count FROM `auth_rule` WHERE  `rule_val` = 'admin/role/index' LIMIT 1 [ RunTime:0.053003s ]
[ sql ] [ SQL ] SELECT COUNT(*) AS tp_count FROM `auth_rule` WHERE  `rule_val` = 'admin/authrule/index' LIMIT 1 [ RunTime:0.052003s ]
[ sql ] [ SQL ] SHOW COLUMNS FROM `rescue_info` [ RunTime:0.053003s ]
[ sql ] [ SQL ] SELECT * FROM `rescue_info` WHERE  `id` = 1 LIMIT 1 [ RunTime:0.055003s ]

---------------------------------------------------------------
[ 2017-10-21T23:40:48+08:00 ] 127.0.0.1 127.0.0.1 GET /admin/rescue/detail/id/1
[ log ] www.city119.com/admin/rescue/detail/id/1 [运行时间：1.260072s][吞吐率：0.79req/s] [内存消耗：5,534.77kb] [文件加载：67]
[ info ] [ LANG ] D:\Software_Files\website\www.city119.com\thinkphp\lang\zh-cn.php
[ info ] [ ROUTE ] array (
  'type' => 'module',
  'module' => 
  array (
    0 => 'admin',
    1 => 'rescue',
    2 => 'detail',
  ),
)
[ info ] [ HEADER ] array (
  'host' => 'www.city119.com',
  'connection' => 'keep-alive',
  'cache-control' => 'max-age=0',
  'user-agent' => 'Mozilla/5.0 (Windows NT 6.1; Win64; x64) AppleWebKit/537.36 (KHTML, like Gecko) Chrome/61.0.3163.79 Safari/537.36',
  'upgrade-insecure-requests' => '1',
  'accept' => 'text/html,application/xhtml+xml,application/xml;q=0.9,image/webp,image/apng,*/*;q=0.8',
  'accept-encoding' => 'gzip, deflate',
  'accept-language' => 'zh-CN,zh;q=0.8',
  'cookie' => 'PHPSESSID=1br925d3mp7gahilh7qga13370; think_var=zh-cn',
)
[ info ] [ PARAM ] array (
  'id' => '1',
)
[ info ] [ LANG ] D:\Software_Files\website\www.city119.com\public/../app/admin\lang\zh-cn.php
[ info ] [ SESSION ] INIT array (
  'id' => '',
  'var_session_id' => '',
  'prefix' => '',
  'type' => '',
  'auto_start' => true,
)
[ info ] [ DB ] INIT mysql
[ info ] [ RUN ] app\admin\controller\Rescue->detail[ D:\Software_Files\website\www.city119.com\app\admin\controller\Rescue.php ]
[ info ] [ VIEW ] D:\Software_Files\website\www.city119.com\public/../app/admin\view\rescue\detail.html [ array (
  0 => 'set_lang',
  1 => 'user',
  2 => 'menus',
  3 => 'data',
) ]
[ info ] [ LOG ] INIT File
[ sql ] [ DB ] CONNECT:[ UseTime:0.097006s ] mysql:dbname=city119;host=city119.anybind.com;port=3306;charset=utf8
[ sql ] [ SQL ] SHOW COLUMNS FROM `auth_rule` [ RunTime:0.049003s ]
[ sql ] [ SQL ] SELECT COUNT(*) AS tp_count FROM `auth_rule` WHERE  `rule_val` = 'admin/index/index' LIMIT 1 [ RunTime:0.049002s ]
[ sql ] [ SQL ] SHOW COLUMNS FROM `user` [ RunTime:0.049002s ]
[ sql ] [ SQL ] SELECT `role_id` FROM `user` WHERE  `user`.`delete_time` IS NULL  AND `id` = 1 LIMIT 1 [ RunTime:0.049003s ]
[ sql ] [ SQL ] SHOW COLUMNS FROM `auth_access` [ RunTime:0.051003s ]
[ sql ] [ SQL ] SELECT `rule_id` FROM `auth_access` WHERE  `role_id` = 1 [ RunTime:0.048003s ]
[ sql ] [ SQL ] SELECT `rule_val` FROM `auth_rule` WHERE  `id` IN (2) [ RunTime:0.051003s ]
[ sql ] [ SQL ] SELECT COUNT(*) AS tp_count FROM `auth_rule` WHERE  `rule_val` = 'admin/policeman/index' LIMIT 1 [ RunTime:0.050003s ]
[ sql ] [ SQL ] SELECT COUNT(*) AS tp_count FROM `auth_rule` WHERE  `rule_val` = 'admin/rescue/index' LIMIT 1 [ RunTime:0.051003s ]
[ sql ] [ SQL ] SELECT `role_id` FROM `user` WHERE  `user`.`delete_time` IS NULL  AND `id` = 1 LIMIT 1 [ RunTime:0.049003s ]
[ sql ] [ SQL ] SELECT `rule_id` FROM `auth_access` WHERE  `role_id` = 1 [ RunTime:0.050003s ]
[ sql ] [ SQL ] SELECT `rule_val` FROM `auth_rule` WHERE  `id` IN (2) [ RunTime:0.048003s ]
[ sql ] [ SQL ] SELECT COUNT(*) AS tp_count FROM `auth_rule` WHERE  `rule_val` = 'admin/system/index' LIMIT 1 [ RunTime:0.052003s ]
[ sql ] [ SQL ] SELECT COUNT(*) AS tp_count FROM `auth_rule` WHERE  `rule_val` = 'admin/user/index' LIMIT 1 [ RunTime:0.051003s ]
[ sql ] [ SQL ] SELECT `role_id` FROM `user` WHERE  `user`.`delete_time` IS NULL  AND `id` = 1 LIMIT 1 [ RunTime:0.049002s ]
[ sql ] [ SQL ] SELECT `rule_id` FROM `auth_access` WHERE  `role_id` = 1 [ RunTime:0.050002s ]
[ sql ] [ SQL ] SELECT `rule_val` FROM `auth_rule` WHERE  `id` IN (2) [ RunTime:0.049003s ]
[ sql ] [ SQL ] SELECT COUNT(*) AS tp_count FROM `auth_rule` WHERE  `rule_val` = 'admin/role/index' LIMIT 1 [ RunTime:0.049003s ]
[ sql ] [ SQL ] SELECT COUNT(*) AS tp_count FROM `auth_rule` WHERE  `rule_val` = 'admin/authrule/index' LIMIT 1 [ RunTime:0.048003s ]
[ sql ] [ SQL ] SHOW COLUMNS FROM `rescue_info` [ RunTime:0.049003s ]
[ sql ] [ SQL ] SELECT * FROM `rescue_info` WHERE  `id` = 1 LIMIT 1 [ RunTime:0.053003s ]

---------------------------------------------------------------
