[ 2017-10-23T22:58:12+08:00 ] 127.0.0.1 127.0.0.1 GET /
[ log ] www.city119.com/ [运行时间：0.748043s][吞吐率：1.34req/s] [内存消耗：3,197.50kb] [文件加载：50]
[ info ] [ LANG ] D:\Software_Files\website\www.city119.com\thinkphp\lang\zh-cn.php
[ info ] [ ROUTE ] array (
  'type' => 'module',
  'module' => 
  array (
    0 => '',
    1 => NULL,
    2 => NULL,
  ),
)
[ info ] [ HEADER ] array (
  'host' => 'www.city119.com',
  'connection' => 'keep-alive',
  'user-agent' => 'Mozilla/5.0 (Windows NT 6.1; Win64; x64) AppleWebKit/537.36 (KHTML, like Gecko) Chrome/61.0.3163.79 Safari/537.36',
  'upgrade-insecure-requests' => '1',
  'accept' => 'text/html,application/xhtml+xml,application/xml;q=0.9,image/webp,image/apng,*/*;q=0.8',
  'accept-encoding' => 'gzip, deflate',
  'accept-language' => 'zh-CN,zh;q=0.8',
)
[ info ] [ PARAM ] array (
)
[ info ] [ LANG ] D:\Software_Files\website\www.city119.com\public/../app/admin\lang\zh-cn.php
[ info ] [ SESSION ] INIT array (
  'id' => '',
  'var_session_id' => '',
  'prefix' => '',
  'type' => '',
  'auto_start' => true,
)
[ info ] [ LOG ] INIT File

---------------------------------------------------------------
[ 2017-10-23T22:58:12+08:00 ] 127.0.0.1 127.0.0.1 GET /admin/login/index
[ log ] www.city119.com/admin/login/index [运行时间：0.092005s][吞吐率：10.87req/s] [内存消耗：3,156.55kb] [文件加载：49]
[ info ] [ LANG ] D:\Software_Files\website\www.city119.com\thinkphp\lang\zh-cn.php
[ info ] [ ROUTE ] array (
  'type' => 'module',
  'module' => 
  array (
    0 => 'admin',
    1 => 'login',
    2 => 'index',
  ),
)
[ info ] [ HEADER ] array (
  'host' => 'www.city119.com',
  'connection' => 'keep-alive',
  'user-agent' => 'Mozilla/5.0 (Windows NT 6.1; Win64; x64) AppleWebKit/537.36 (KHTML, like Gecko) Chrome/61.0.3163.79 Safari/537.36',
  'upgrade-insecure-requests' => '1',
  'accept' => 'text/html,application/xhtml+xml,application/xml;q=0.9,image/webp,image/apng,*/*;q=0.8',
  'accept-encoding' => 'gzip, deflate',
  'accept-language' => 'zh-CN,zh;q=0.8',
  'cookie' => 'think_var=zh-cn; PHPSESSID=r67lok9t7c950gh63551u604q6',
)
[ info ] [ PARAM ] array (
)
[ info ] [ LANG ] D:\Software_Files\website\www.city119.com\public/../app/admin\lang\zh-cn.php
[ info ] [ RUN ] app\admin\controller\Login->index[ D:\Software_Files\website\www.city119.com\app\admin\controller\Login.php ]
[ info ] [ SESSION ] INIT array (
  'id' => '',
  'var_session_id' => '',
  'prefix' => '',
  'type' => '',
  'auto_start' => true,
)
[ info ] [ VIEW ] D:\Software_Files\website\www.city119.com\public/../app/admin\view\login\index.html [ array (
  0 => 'set_lang',
) ]
[ info ] [ LOG ] INIT File

---------------------------------------------------------------
[ 2017-10-23T22:58:13+08:00 ] 127.0.0.1 127.0.0.1 GET /captcha
[ log ] www.city119.com/captcha [运行时间：0.387023s][吞吐率：2.58req/s] [内存消耗：2,512.99kb] [文件加载：36]
[ info ] [ LANG ] D:\Software_Files\website\www.city119.com\thinkphp\lang\zh-cn.php
[ info ] [ ROUTE ] array (
  'type' => 'method',
  'method' => 
  array (
    0 => '\\think\\captcha\\CaptchaController',
    1 => 'index',
  ),
  'var' => 
  array (
  ),
)
[ info ] [ HEADER ] array (
  'host' => 'www.city119.com',
  'connection' => 'keep-alive',
  'user-agent' => 'Mozilla/5.0 (Windows NT 6.1; Win64; x64) AppleWebKit/537.36 (KHTML, like Gecko) Chrome/61.0.3163.79 Safari/537.36',
  'accept' => 'image/webp,image/apng,image/*,*/*;q=0.8',
  'referer' => 'http://www.city119.com/admin/login/index',
  'accept-encoding' => 'gzip, deflate',
  'accept-language' => 'zh-CN,zh;q=0.8',
  'cookie' => 'think_var=zh-cn; PHPSESSID=r67lok9t7c950gh63551u604q6',
)
[ info ] [ PARAM ] array (
  'id' => NULL,
)
[ info ] [ RUN ] think\captcha\CaptchaController->index[ D:\Software_Files\website\www.city119.com\vendor\topthink\think-captcha\src\CaptchaController.php ]
[ info ] [ SESSION ] INIT array (
  'id' => '',
  'var_session_id' => '',
  'prefix' => 'think',
  'type' => '',
  'auto_start' => true,
)
[ info ] [ LOG ] INIT File

---------------------------------------------------------------
[ 2017-10-23T22:58:18+08:00 ] 127.0.0.1 127.0.0.1 POST /admin/login/doLogin
[ log ] www.city119.com/admin/login/doLogin [运行时间：0.675038s][吞吐率：1.48req/s] [内存消耗：5,204.08kb] [文件加载：65]
[ info ] [ LANG ] D:\Software_Files\website\www.city119.com\thinkphp\lang\zh-cn.php
[ info ] [ ROUTE ] array (
  'type' => 'module',
  'module' => 
  array (
    0 => 'admin',
    1 => 'login',
    2 => 'doLogin',
  ),
)
[ info ] [ HEADER ] array (
  'host' => 'www.city119.com',
  'connection' => 'keep-alive',
  'content-length' => '47',
  'accept' => 'application/json, text/javascript, */*; q=0.01',
  'origin' => 'http://www.city119.com',
  'x-requested-with' => 'XMLHttpRequest',
  'user-agent' => 'Mozilla/5.0 (Windows NT 6.1; Win64; x64) AppleWebKit/537.36 (KHTML, like Gecko) Chrome/61.0.3163.79 Safari/537.36',
  'content-type' => 'application/x-www-form-urlencoded; charset=UTF-8',
  'referer' => 'http://www.city119.com/admin/login/index',
  'accept-encoding' => 'gzip, deflate',
  'accept-language' => 'zh-CN,zh;q=0.8',
  'cookie' => 'think_var=zh-cn; PHPSESSID=r67lok9t7c950gh63551u604q6',
)
[ info ] [ PARAM ] array (
  'mobile' => '13800000000',
  'password' => '123456',
  'captcha' => '1681',
)
[ info ] [ LANG ] D:\Software_Files\website\www.city119.com\public/../app/admin\lang\zh-cn.php
[ info ] [ RUN ] app\admin\controller\Login->doLogin[ D:\Software_Files\website\www.city119.com\app\admin\controller\Login.php ]
[ info ] [ SESSION ] INIT array (
  'id' => '',
  'var_session_id' => '',
  'prefix' => '',
  'type' => '',
  'auto_start' => true,
)
[ info ] [ DB ] INIT mysql
[ info ] [ LOG ] INIT File
[ sql ] [ DB ] CONNECT:[ UseTime:0.086005s ] mysql:dbname=city119;host=city119.anybind.com;port=3306;charset=utf8
[ sql ] [ SQL ] SHOW COLUMNS FROM `user` [ RunTime:0.048002s ]
[ sql ] [ SQL ] SELECT * FROM `user` WHERE  `user`.`delete_time` IS NULL  AND `mobile` = '13800000000' LIMIT 1 [ RunTime:0.045002s ]
[ sql ] [ SQL ] SHOW COLUMNS FROM `log_record` [ RunTime:0.048003s ]
[ sql ] [ SQL ] INSERT INTO `log_record` (`remark` , `ip` , `user_id` , `browser` , `os` , `create_time`) VALUES ('登录成功' , '127.0.0.1' , 1 , 'chrome-61' , 'Windows 7' , 1508770697) [ RunTime:0.115006s ]

---------------------------------------------------------------
[ 2017-10-23T22:58:19+08:00 ] 127.0.0.1 127.0.0.1 GET /admin/index/index
[ log ] www.city119.com/admin/index/index [运行时间：1.579091s][吞吐率：0.63req/s] [内存消耗：5,212.51kb] [文件加载：65]
[ info ] [ LANG ] D:\Software_Files\website\www.city119.com\thinkphp\lang\zh-cn.php
[ info ] [ ROUTE ] array (
  'type' => 'module',
  'module' => 
  array (
    0 => 'admin',
    1 => 'index',
    2 => 'index',
  ),
)
[ info ] [ HEADER ] array (
  'host' => 'www.city119.com',
  'connection' => 'keep-alive',
  'upgrade-insecure-requests' => '1',
  'user-agent' => 'Mozilla/5.0 (Windows NT 6.1; Win64; x64) AppleWebKit/537.36 (KHTML, like Gecko) Chrome/61.0.3163.79 Safari/537.36',
  'accept' => 'text/html,application/xhtml+xml,application/xml;q=0.9,image/webp,image/apng,*/*;q=0.8',
  'referer' => 'http://www.city119.com/admin/login/index',
  'accept-encoding' => 'gzip, deflate',
  'accept-language' => 'zh-CN,zh;q=0.8',
  'cookie' => 'think_var=zh-cn; PHPSESSID=r67lok9t7c950gh63551u604q6',
)
[ info ] [ PARAM ] array (
)
[ info ] [ LANG ] D:\Software_Files\website\www.city119.com\public/../app/admin\lang\zh-cn.php
[ info ] [ SESSION ] INIT array (
  'id' => '',
  'var_session_id' => '',
  'prefix' => '',
  'type' => '',
  'auto_start' => true,
)
[ info ] [ DB ] INIT mysql
[ info ] [ RUN ] app\admin\controller\Index->index[ D:\Software_Files\website\www.city119.com\app\admin\controller\Index.php ]
[ info ] [ VIEW ] D:\Software_Files\website\www.city119.com\public/../app/admin\view\index\index.html [ array (
  0 => 'set_lang',
  1 => 'user',
  2 => 'menus',
  3 => 'data',
) ]
[ info ] [ LOG ] INIT File
[ sql ] [ DB ] CONNECT:[ UseTime:0.075004s ] mysql:dbname=city119;host=city119.anybind.com;port=3306;charset=utf8
[ sql ] [ SQL ] SHOW COLUMNS FROM `auth_rule` [ RunTime:0.047003s ]
[ sql ] [ SQL ] SELECT COUNT(*) AS tp_count FROM `auth_rule` WHERE  `rule_val` = 'admin/index/index' LIMIT 1 [ RunTime:0.052003s ]
[ sql ] [ SQL ] SHOW COLUMNS FROM `user` [ RunTime:0.048003s ]
[ sql ] [ SQL ] SELECT `role_id` FROM `user` WHERE  `user`.`delete_time` IS NULL  AND `id` = 1 LIMIT 1 [ RunTime:0.046002s ]
[ sql ] [ SQL ] SHOW COLUMNS FROM `auth_access` [ RunTime:0.046003s ]
[ sql ] [ SQL ] SELECT `rule_id` FROM `auth_access` WHERE  `role_id` = 1 [ RunTime:0.053003s ]
[ sql ] [ SQL ] SELECT `rule_val` FROM `auth_rule` WHERE  `id` IN (2) [ RunTime:0.046003s ]
[ sql ] [ SQL ] SELECT COUNT(*) AS tp_count FROM `auth_rule` WHERE  `rule_val` = 'admin/policeman/index' LIMIT 1 [ RunTime:0.046002s ]
[ sql ] [ SQL ] SELECT COUNT(*) AS tp_count FROM `auth_rule` WHERE  `rule_val` = 'admin/rescue/index' LIMIT 1 [ RunTime:0.045002s ]
[ sql ] [ SQL ] SELECT `role_id` FROM `user` WHERE  `user`.`delete_time` IS NULL  AND `id` = 1 LIMIT 1 [ RunTime:0.049003s ]
[ sql ] [ SQL ] SELECT `rule_id` FROM `auth_access` WHERE  `role_id` = 1 [ RunTime:0.047003s ]
[ sql ] [ SQL ] SELECT `rule_val` FROM `auth_rule` WHERE  `id` IN (2) [ RunTime:0.050003s ]
[ sql ] [ SQL ] SELECT COUNT(*) AS tp_count FROM `auth_rule` WHERE  `rule_val` = 'admin/system/index' LIMIT 1 [ RunTime:0.046003s ]
[ sql ] [ SQL ] SELECT COUNT(*) AS tp_count FROM `auth_rule` WHERE  `rule_val` = 'admin/user/index' LIMIT 1 [ RunTime:0.053003s ]
[ sql ] [ SQL ] SELECT `role_id` FROM `user` WHERE  `user`.`delete_time` IS NULL  AND `id` = 1 LIMIT 1 [ RunTime:0.054003s ]
[ sql ] [ SQL ] SELECT `rule_id` FROM `auth_access` WHERE  `role_id` = 1 [ RunTime:0.046003s ]
[ sql ] [ SQL ] SELECT `rule_val` FROM `auth_rule` WHERE  `id` IN (2) [ RunTime:0.046003s ]
[ sql ] [ SQL ] SELECT COUNT(*) AS tp_count FROM `auth_rule` WHERE  `rule_val` = 'admin/role/index' LIMIT 1 [ RunTime:0.049002s ]
[ sql ] [ SQL ] SELECT COUNT(*) AS tp_count FROM `auth_rule` WHERE  `rule_val` = 'admin/authrule/index' LIMIT 1 [ RunTime:0.056004s ]
[ sql ] [ SQL ] SHOW COLUMNS FROM `log_record` [ RunTime:0.050003s ]
[ sql ] [ SQL ] SELECT `ip` FROM `log_record` [ RunTime:0.069004s ]

---------------------------------------------------------------
[ 2017-10-23T22:58:19+08:00 ] 127.0.0.1 127.0.0.1 GET /captcha?=r0.521629095083038?=r0.7025188482238525
[ log ] www.city119.com/captcha?=r0.521629095083038?=r0.7025188482238525 [运行时间：1.601092s][吞吐率：0.62req/s] [内存消耗：3,136.38kb] [文件加载：41]
[ info ] [ LANG ] D:\Software_Files\website\www.city119.com\thinkphp\lang\zh-cn.php
[ info ] [ ROUTE ] array (
  'type' => 'method',
  'method' => 
  array (
    0 => '\\think\\captcha\\CaptchaController',
    1 => 'index',
  ),
  'var' => 
  array (
  ),
)
[ info ] [ HEADER ] array (
  'host' => 'www.city119.com',
  'connection' => 'keep-alive',
  'user-agent' => 'Mozilla/5.0 (Windows NT 6.1; Win64; x64) AppleWebKit/537.36 (KHTML, like Gecko) Chrome/61.0.3163.79 Safari/537.36',
  'accept' => 'image/webp,image/apng,image/*,*/*;q=0.8',
  'referer' => 'http://www.city119.com/admin/login/index',
  'accept-encoding' => 'gzip, deflate',
  'accept-language' => 'zh-CN,zh;q=0.8',
  'cookie' => 'think_var=zh-cn; PHPSESSID=r67lok9t7c950gh63551u604q6',
)
[ info ] [ PARAM ] array (
  'id' => NULL,
)
[ info ] [ RUN ] think\captcha\CaptchaController->index[ D:\Software_Files\website\www.city119.com\vendor\topthink\think-captcha\src\CaptchaController.php ]
[ info ] [ SESSION ] INIT array (
  'id' => '',
  'var_session_id' => '',
  'prefix' => 'think',
  'type' => '',
  'auto_start' => true,
)
[ info ] [ LOG ] INIT File

---------------------------------------------------------------
[ 2017-10-23T22:58:24+08:00 ] 127.0.0.1 127.0.0.1 GET /admin/rescue/index
[ log ] www.city119.com/admin/rescue/index [运行时间：1.235071s][吞吐率：0.81req/s] [内存消耗：5,163.08kb] [文件加载：63]
[ info ] [ LANG ] D:\Software_Files\website\www.city119.com\thinkphp\lang\zh-cn.php
[ info ] [ ROUTE ] array (
  'type' => 'module',
  'module' => 
  array (
    0 => 'admin',
    1 => 'rescue',
    2 => 'index',
  ),
)
[ info ] [ HEADER ] array (
  'host' => 'www.city119.com',
  'connection' => 'keep-alive',
  'upgrade-insecure-requests' => '1',
  'user-agent' => 'Mozilla/5.0 (Windows NT 6.1; Win64; x64) AppleWebKit/537.36 (KHTML, like Gecko) Chrome/61.0.3163.79 Safari/537.36',
  'accept' => 'text/html,application/xhtml+xml,application/xml;q=0.9,image/webp,image/apng,*/*;q=0.8',
  'referer' => 'http://www.city119.com/admin/index/index',
  'accept-encoding' => 'gzip, deflate',
  'accept-language' => 'zh-CN,zh;q=0.8',
  'cookie' => 'think_var=zh-cn; PHPSESSID=r67lok9t7c950gh63551u604q6',
)
[ info ] [ PARAM ] array (
)
[ info ] [ LANG ] D:\Software_Files\website\www.city119.com\public/../app/admin\lang\zh-cn.php
[ info ] [ SESSION ] INIT array (
  'id' => '',
  'var_session_id' => '',
  'prefix' => '',
  'type' => '',
  'auto_start' => true,
)
[ info ] [ DB ] INIT mysql
[ info ] [ RUN ] app\admin\controller\Rescue->index[ D:\Software_Files\website\www.city119.com\app\admin\controller\Rescue.php ]
[ info ] [ VIEW ] D:\Software_Files\website\www.city119.com\public/../app/admin\view\rescue\index.html [ array (
  0 => 'set_lang',
  1 => 'user',
  2 => 'menus',
) ]
[ info ] [ LOG ] INIT File
[ sql ] [ DB ] CONNECT:[ UseTime:0.085005s ] mysql:dbname=city119;host=city119.anybind.com;port=3306;charset=utf8
[ sql ] [ SQL ] SHOW COLUMNS FROM `auth_rule` [ RunTime:0.057004s ]
[ sql ] [ SQL ] SELECT COUNT(*) AS tp_count FROM `auth_rule` WHERE  `rule_val` = 'admin/index/index' LIMIT 1 [ RunTime:0.068004s ]
[ sql ] [ SQL ] SHOW COLUMNS FROM `user` [ RunTime:0.103006s ]
[ sql ] [ SQL ] SELECT `role_id` FROM `user` WHERE  `user`.`delete_time` IS NULL  AND `id` = 1 LIMIT 1 [ RunTime:0.047002s ]
[ sql ] [ SQL ] SHOW COLUMNS FROM `auth_access` [ RunTime:0.047003s ]
[ sql ] [ SQL ] SELECT `rule_id` FROM `auth_access` WHERE  `role_id` = 1 [ RunTime:0.049003s ]
[ sql ] [ SQL ] SELECT `rule_val` FROM `auth_rule` WHERE  `id` IN (2) [ RunTime:0.059003s ]
[ sql ] [ SQL ] SELECT COUNT(*) AS tp_count FROM `auth_rule` WHERE  `rule_val` = 'admin/policeman/index' LIMIT 1 [ RunTime:0.048003s ]
[ sql ] [ SQL ] SELECT COUNT(*) AS tp_count FROM `auth_rule` WHERE  `rule_val` = 'admin/rescue/index' LIMIT 1 [ RunTime:0.046003s ]
[ sql ] [ SQL ] SELECT `role_id` FROM `user` WHERE  `user`.`delete_time` IS NULL  AND `id` = 1 LIMIT 1 [ RunTime:0.047002s ]
[ sql ] [ SQL ] SELECT `rule_id` FROM `auth_access` WHERE  `role_id` = 1 [ RunTime:0.046002s ]
[ sql ] [ SQL ] SELECT `rule_val` FROM `auth_rule` WHERE  `id` IN (2) [ RunTime:0.048003s ]
[ sql ] [ SQL ] SELECT COUNT(*) AS tp_count FROM `auth_rule` WHERE  `rule_val` = 'admin/system/index' LIMIT 1 [ RunTime:0.047003s ]
[ sql ] [ SQL ] SELECT COUNT(*) AS tp_count FROM `auth_rule` WHERE  `rule_val` = 'admin/user/index' LIMIT 1 [ RunTime:0.048003s ]
[ sql ] [ SQL ] SELECT `role_id` FROM `user` WHERE  `user`.`delete_time` IS NULL  AND `id` = 1 LIMIT 1 [ RunTime:0.046002s ]
[ sql ] [ SQL ] SELECT `rule_id` FROM `auth_access` WHERE  `role_id` = 1 [ RunTime:0.046003s ]
[ sql ] [ SQL ] SELECT `rule_val` FROM `auth_rule` WHERE  `id` IN (2) [ RunTime:0.046003s ]
[ sql ] [ SQL ] SELECT COUNT(*) AS tp_count FROM `auth_rule` WHERE  `rule_val` = 'admin/role/index' LIMIT 1 [ RunTime:0.047002s ]
[ sql ] [ SQL ] SELECT COUNT(*) AS tp_count FROM `auth_rule` WHERE  `rule_val` = 'admin/authrule/index' LIMIT 1 [ RunTime:0.047003s ]

---------------------------------------------------------------
[ 2017-10-23T22:58:26+08:00 ] 127.0.0.1 127.0.0.1 GET /admin/rescue/getlist?offset=0&limit=10
[ log ] www.city119.com/admin/rescue/getlist?offset=0&limit=10 [运行时间：1.369079s][吞吐率：0.73req/s] [内存消耗：5,183.09kb] [文件加载：63]
[ info ] [ LANG ] D:\Software_Files\website\www.city119.com\thinkphp\lang\zh-cn.php
[ info ] [ ROUTE ] array (
  'type' => 'module',
  'module' => 
  array (
    0 => 'admin',
    1 => 'rescue',
    2 => 'getlist',
  ),
)
[ info ] [ HEADER ] array (
  'host' => 'www.city119.com',
  'connection' => 'keep-alive',
  'accept' => 'application/json, text/javascript, */*; q=0.01',
  'x-requested-with' => 'XMLHttpRequest',
  'user-agent' => 'Mozilla/5.0 (Windows NT 6.1; Win64; x64) AppleWebKit/537.36 (KHTML, like Gecko) Chrome/61.0.3163.79 Safari/537.36',
  'content-type' => 'application/json',
  'referer' => 'http://www.city119.com/admin/rescue/index',
  'accept-encoding' => 'gzip, deflate',
  'accept-language' => 'zh-CN,zh;q=0.8',
  'cookie' => 'think_var=zh-cn; PHPSESSID=r67lok9t7c950gh63551u604q6',
)
[ info ] [ PARAM ] array (
  'offset' => '0',
  'limit' => '10',
)
[ info ] [ LANG ] D:\Software_Files\website\www.city119.com\public/../app/admin\lang\zh-cn.php
[ info ] [ SESSION ] INIT array (
  'id' => '',
  'var_session_id' => '',
  'prefix' => '',
  'type' => '',
  'auto_start' => true,
)
[ info ] [ DB ] INIT mysql
[ info ] [ RUN ] app\admin\controller\Rescue->getList[ D:\Software_Files\website\www.city119.com\app\admin\controller\Rescue.php ]
[ info ] [ LOG ] INIT File
[ sql ] [ DB ] CONNECT:[ UseTime:0.076005s ] mysql:dbname=city119;host=city119.anybind.com;port=3306;charset=utf8
[ sql ] [ SQL ] SHOW COLUMNS FROM `auth_rule` [ RunTime:0.050003s ]
[ sql ] [ SQL ] SELECT COUNT(*) AS tp_count FROM `auth_rule` WHERE  `rule_val` = 'admin/index/index' LIMIT 1 [ RunTime:0.053003s ]
[ sql ] [ SQL ] SHOW COLUMNS FROM `user` [ RunTime:0.053003s ]
[ sql ] [ SQL ] SELECT `role_id` FROM `user` WHERE  `user`.`delete_time` IS NULL  AND `id` = 1 LIMIT 1 [ RunTime:0.052003s ]
[ sql ] [ SQL ] SHOW COLUMNS FROM `auth_access` [ RunTime:0.053003s ]
[ sql ] [ SQL ] SELECT `rule_id` FROM `auth_access` WHERE  `role_id` = 1 [ RunTime:0.050003s ]
[ sql ] [ SQL ] SELECT `rule_val` FROM `auth_rule` WHERE  `id` IN (2) [ RunTime:0.051003s ]
[ sql ] [ SQL ] SELECT COUNT(*) AS tp_count FROM `auth_rule` WHERE  `rule_val` = 'admin/policeman/index' LIMIT 1 [ RunTime:0.050003s ]
[ sql ] [ SQL ] SELECT COUNT(*) AS tp_count FROM `auth_rule` WHERE  `rule_val` = 'admin/rescue/index' LIMIT 1 [ RunTime:0.052003s ]
[ sql ] [ SQL ] SELECT `role_id` FROM `user` WHERE  `user`.`delete_time` IS NULL  AND `id` = 1 LIMIT 1 [ RunTime:0.050003s ]
[ sql ] [ SQL ] SELECT `rule_id` FROM `auth_access` WHERE  `role_id` = 1 [ RunTime:0.065004s ]
[ sql ] [ SQL ] SELECT `rule_val` FROM `auth_rule` WHERE  `id` IN (2) [ RunTime:0.049003s ]
[ sql ] [ SQL ] SELECT COUNT(*) AS tp_count FROM `auth_rule` WHERE  `rule_val` = 'admin/system/index' LIMIT 1 [ RunTime:0.054003s ]
[ sql ] [ SQL ] SELECT COUNT(*) AS tp_count FROM `auth_rule` WHERE  `rule_val` = 'admin/user/index' LIMIT 1 [ RunTime:0.054003s ]
[ sql ] [ SQL ] SELECT `role_id` FROM `user` WHERE  `user`.`delete_time` IS NULL  AND `id` = 1 LIMIT 1 [ RunTime:0.051003s ]
[ sql ] [ SQL ] SELECT `rule_id` FROM `auth_access` WHERE  `role_id` = 1 [ RunTime:0.050003s ]
[ sql ] [ SQL ] SELECT `rule_val` FROM `auth_rule` WHERE  `id` IN (2) [ RunTime:0.051003s ]
[ sql ] [ SQL ] SELECT COUNT(*) AS tp_count FROM `auth_rule` WHERE  `rule_val` = 'admin/role/index' LIMIT 1 [ RunTime:0.053003s ]
[ sql ] [ SQL ] SELECT COUNT(*) AS tp_count FROM `auth_rule` WHERE  `rule_val` = 'admin/authrule/index' LIMIT 1 [ RunTime:0.050003s ]
[ sql ] [ SQL ] SHOW COLUMNS FROM `rescue_info` [ RunTime:0.051003s ]
[ sql ] [ SQL ] SELECT COUNT(*) AS tp_count FROM `rescue_info` WHERE  `rescue_info`.`delete_time` IS NULL LIMIT 1 [ RunTime:0.050003s ]
[ sql ] [ SQL ] SELECT * FROM `rescue_info` WHERE  `rescue_info`.`delete_time` IS NULL ORDER BY  status asc LIMIT 0,10 [ RunTime:0.053003s ]

---------------------------------------------------------------
[ 2017-10-23T22:59:13+08:00 ] 127.0.0.1 127.0.0.1 GET /admin/rescue/getlist?offset=0&limit=10&province=130000&city=130100&area=130102
[ log ] www.city119.com/admin/rescue/getlist?offset=0&limit=10&province=130000&city=130100&area=130102 [运行时间：1.339076s][吞吐率：0.75req/s] [内存消耗：5,169.93kb] [文件加载：63]
[ info ] [ LANG ] D:\Software_Files\website\www.city119.com\thinkphp\lang\zh-cn.php
[ info ] [ ROUTE ] array (
  'type' => 'module',
  'module' => 
  array (
    0 => 'admin',
    1 => 'rescue',
    2 => 'getlist',
  ),
)
[ info ] [ HEADER ] array (
  'host' => 'www.city119.com',
  'connection' => 'keep-alive',
  'accept' => 'application/json, text/javascript, */*; q=0.01',
  'x-requested-with' => 'XMLHttpRequest',
  'user-agent' => 'Mozilla/5.0 (Windows NT 6.1; Win64; x64) AppleWebKit/537.36 (KHTML, like Gecko) Chrome/61.0.3163.79 Safari/537.36',
  'content-type' => 'application/json',
  'referer' => 'http://www.city119.com/admin/rescue/index',
  'accept-encoding' => 'gzip, deflate',
  'accept-language' => 'zh-CN,zh;q=0.8',
  'cookie' => 'think_var=zh-cn; PHPSESSID=r67lok9t7c950gh63551u604q6',
)
[ info ] [ PARAM ] array (
  'offset' => '0',
  'limit' => '10',
  'province' => '130000',
  'city' => '130100',
  'area' => '130102',
)
[ info ] [ LANG ] D:\Software_Files\website\www.city119.com\public/../app/admin\lang\zh-cn.php
[ info ] [ SESSION ] INIT array (
  'id' => '',
  'var_session_id' => '',
  'prefix' => '',
  'type' => '',
  'auto_start' => true,
)
[ info ] [ DB ] INIT mysql
[ info ] [ RUN ] app\admin\controller\Rescue->getList[ D:\Software_Files\website\www.city119.com\app\admin\controller\Rescue.php ]
[ info ] [ LOG ] INIT File
[ sql ] [ DB ] CONNECT:[ UseTime:0.074005s ] mysql:dbname=city119;host=city119.anybind.com;port=3306;charset=utf8
[ sql ] [ SQL ] SHOW COLUMNS FROM `auth_rule` [ RunTime:0.052003s ]
[ sql ] [ SQL ] SELECT COUNT(*) AS tp_count FROM `auth_rule` WHERE  `rule_val` = 'admin/index/index' LIMIT 1 [ RunTime:0.049002s ]
[ sql ] [ SQL ] SHOW COLUMNS FROM `user` [ RunTime:0.049002s ]
[ sql ] [ SQL ] SELECT `role_id` FROM `user` WHERE  `user`.`delete_time` IS NULL  AND `id` = 1 LIMIT 1 [ RunTime:0.050003s ]
[ sql ] [ SQL ] SHOW COLUMNS FROM `auth_access` [ RunTime:0.054003s ]
[ sql ] [ SQL ] SELECT `rule_id` FROM `auth_access` WHERE  `role_id` = 1 [ RunTime:0.049003s ]
[ sql ] [ SQL ] SELECT `rule_val` FROM `auth_rule` WHERE  `id` IN (2) [ RunTime:0.050003s ]
[ sql ] [ SQL ] SELECT COUNT(*) AS tp_count FROM `auth_rule` WHERE  `rule_val` = 'admin/policeman/index' LIMIT 1 [ RunTime:0.052003s ]
[ sql ] [ SQL ] SELECT COUNT(*) AS tp_count FROM `auth_rule` WHERE  `rule_val` = 'admin/rescue/index' LIMIT 1 [ RunTime:0.056004s ]
[ sql ] [ SQL ] SELECT `role_id` FROM `user` WHERE  `user`.`delete_time` IS NULL  AND `id` = 1 LIMIT 1 [ RunTime:0.049002s ]
[ sql ] [ SQL ] SELECT `rule_id` FROM `auth_access` WHERE  `role_id` = 1 [ RunTime:0.050002s ]
[ sql ] [ SQL ] SELECT `rule_val` FROM `auth_rule` WHERE  `id` IN (2) [ RunTime:0.055003s ]
[ sql ] [ SQL ] SELECT COUNT(*) AS tp_count FROM `auth_rule` WHERE  `rule_val` = 'admin/system/index' LIMIT 1 [ RunTime:0.054003s ]
[ sql ] [ SQL ] SELECT COUNT(*) AS tp_count FROM `auth_rule` WHERE  `rule_val` = 'admin/user/index' LIMIT 1 [ RunTime:0.058003s ]
[ sql ] [ SQL ] SELECT `role_id` FROM `user` WHERE  `user`.`delete_time` IS NULL  AND `id` = 1 LIMIT 1 [ RunTime:0.050003s ]
[ sql ] [ SQL ] SELECT `rule_id` FROM `auth_access` WHERE  `role_id` = 1 [ RunTime:0.051003s ]
[ sql ] [ SQL ] SELECT `rule_val` FROM `auth_rule` WHERE  `id` IN (2) [ RunTime:0.049003s ]
[ sql ] [ SQL ] SELECT COUNT(*) AS tp_count FROM `auth_rule` WHERE  `rule_val` = 'admin/role/index' LIMIT 1 [ RunTime:0.050003s ]
[ sql ] [ SQL ] SELECT COUNT(*) AS tp_count FROM `auth_rule` WHERE  `rule_val` = 'admin/authrule/index' LIMIT 1 [ RunTime:0.050003s ]
[ sql ] [ SQL ] SHOW COLUMNS FROM `rescue_info` [ RunTime:0.053003s ]
[ sql ] [ SQL ] SELECT COUNT(*) AS tp_count FROM `rescue_info` WHERE  `rescue_info`.`delete_time` IS NULL  AND `province` = 130000  AND `city` = 130100  AND `area` = 130102 LIMIT 1 [ RunTime:0.056003s ]
[ sql ] [ SQL ] SELECT * FROM `rescue_info` WHERE  `rescue_info`.`delete_time` IS NULL  AND `province` = 130000  AND `city` = 130100  AND `area` = 130102 ORDER BY  status asc LIMIT 0,10 [ RunTime:0.080005s ]

---------------------------------------------------------------
[ 2017-10-23T22:59:21+08:00 ] 127.0.0.1 127.0.0.1 GET /admin/rescue/getlist?offset=0&limit=10&province=330000&city=330100&area=330102
[ log ] www.city119.com/admin/rescue/getlist?offset=0&limit=10&province=330000&city=330100&area=330102 [运行时间：1.299074s][吞吐率：0.77req/s] [内存消耗：5,169.93kb] [文件加载：63]
[ info ] [ LANG ] D:\Software_Files\website\www.city119.com\thinkphp\lang\zh-cn.php
[ info ] [ ROUTE ] array (
  'type' => 'module',
  'module' => 
  array (
    0 => 'admin',
    1 => 'rescue',
    2 => 'getlist',
  ),
)
[ info ] [ HEADER ] array (
  'host' => 'www.city119.com',
  'connection' => 'keep-alive',
  'accept' => 'application/json, text/javascript, */*; q=0.01',
  'x-requested-with' => 'XMLHttpRequest',
  'user-agent' => 'Mozilla/5.0 (Windows NT 6.1; Win64; x64) AppleWebKit/537.36 (KHTML, like Gecko) Chrome/61.0.3163.79 Safari/537.36',
  'content-type' => 'application/json',
  'referer' => 'http://www.city119.com/admin/rescue/index',
  'accept-encoding' => 'gzip, deflate',
  'accept-language' => 'zh-CN,zh;q=0.8',
  'cookie' => 'think_var=zh-cn; PHPSESSID=r67lok9t7c950gh63551u604q6',
)
[ info ] [ PARAM ] array (
  'offset' => '0',
  'limit' => '10',
  'province' => '330000',
  'city' => '330100',
  'area' => '330102',
)
[ info ] [ LANG ] D:\Software_Files\website\www.city119.com\public/../app/admin\lang\zh-cn.php
[ info ] [ SESSION ] INIT array (
  'id' => '',
  'var_session_id' => '',
  'prefix' => '',
  'type' => '',
  'auto_start' => true,
)
[ info ] [ DB ] INIT mysql
[ info ] [ RUN ] app\admin\controller\Rescue->getList[ D:\Software_Files\website\www.city119.com\app\admin\controller\Rescue.php ]
[ info ] [ LOG ] INIT File
[ sql ] [ DB ] CONNECT:[ UseTime:0.085005s ] mysql:dbname=city119;host=city119.anybind.com;port=3306;charset=utf8
[ sql ] [ SQL ] SHOW COLUMNS FROM `auth_rule` [ RunTime:0.052003s ]
[ sql ] [ SQL ] SELECT COUNT(*) AS tp_count FROM `auth_rule` WHERE  `rule_val` = 'admin/index/index' LIMIT 1 [ RunTime:0.049003s ]
[ sql ] [ SQL ] SHOW COLUMNS FROM `user` [ RunTime:0.049003s ]
[ sql ] [ SQL ] SELECT `role_id` FROM `user` WHERE  `user`.`delete_time` IS NULL  AND `id` = 1 LIMIT 1 [ RunTime:0.052003s ]
[ sql ] [ SQL ] SHOW COLUMNS FROM `auth_access` [ RunTime:0.052003s ]
[ sql ] [ SQL ] SELECT `rule_id` FROM `auth_access` WHERE  `role_id` = 1 [ RunTime:0.054003s ]
[ sql ] [ SQL ] SELECT `rule_val` FROM `auth_rule` WHERE  `id` IN (2) [ RunTime:0.051003s ]
[ sql ] [ SQL ] SELECT COUNT(*) AS tp_count FROM `auth_rule` WHERE  `rule_val` = 'admin/policeman/index' LIMIT 1 [ RunTime:0.052003s ]
[ sql ] [ SQL ] SELECT COUNT(*) AS tp_count FROM `auth_rule` WHERE  `rule_val` = 'admin/rescue/index' LIMIT 1 [ RunTime:0.049003s ]
[ sql ] [ SQL ] SELECT `role_id` FROM `user` WHERE  `user`.`delete_time` IS NULL  AND `id` = 1 LIMIT 1 [ RunTime:0.049003s ]
[ sql ] [ SQL ] SELECT `rule_id` FROM `auth_access` WHERE  `role_id` = 1 [ RunTime:0.051003s ]
[ sql ] [ SQL ] SELECT `rule_val` FROM `auth_rule` WHERE  `id` IN (2) [ RunTime:0.051003s ]
[ sql ] [ SQL ] SELECT COUNT(*) AS tp_count FROM `auth_rule` WHERE  `rule_val` = 'admin/system/index' LIMIT 1 [ RunTime:0.049003s ]
[ sql ] [ SQL ] SELECT COUNT(*) AS tp_count FROM `auth_rule` WHERE  `rule_val` = 'admin/user/index' LIMIT 1 [ RunTime:0.049003s ]
[ sql ] [ SQL ] SELECT `role_id` FROM `user` WHERE  `user`.`delete_time` IS NULL  AND `id` = 1 LIMIT 1 [ RunTime:0.051003s ]
[ sql ] [ SQL ] SELECT `rule_id` FROM `auth_access` WHERE  `role_id` = 1 [ RunTime:0.059003s ]
[ sql ] [ SQL ] SELECT `rule_val` FROM `auth_rule` WHERE  `id` IN (2) [ RunTime:0.049003s ]
[ sql ] [ SQL ] SELECT COUNT(*) AS tp_count FROM `auth_rule` WHERE  `rule_val` = 'admin/role/index' LIMIT 1 [ RunTime:0.051003s ]
[ sql ] [ SQL ] SELECT COUNT(*) AS tp_count FROM `auth_rule` WHERE  `rule_val` = 'admin/authrule/index' LIMIT 1 [ RunTime:0.058003s ]
[ sql ] [ SQL ] SHOW COLUMNS FROM `rescue_info` [ RunTime:0.056004s ]
[ sql ] [ SQL ] SELECT COUNT(*) AS tp_count FROM `rescue_info` WHERE  `rescue_info`.`delete_time` IS NULL  AND `province` = 330000  AND `city` = 330100  AND `area` = 330102 LIMIT 1 [ RunTime:0.051003s ]
[ sql ] [ SQL ] SELECT * FROM `rescue_info` WHERE  `rescue_info`.`delete_time` IS NULL  AND `province` = 330000  AND `city` = 330100  AND `area` = 330102 ORDER BY  status asc LIMIT 0,10 [ RunTime:0.052003s ]

---------------------------------------------------------------
[ 2017-10-23T22:59:28+08:00 ] 127.0.0.1 127.0.0.1 GET /admin/rescue/getlist?offset=0&limit=10
[ log ] www.city119.com/admin/rescue/getlist?offset=0&limit=10 [运行时间：1.286074s][吞吐率：0.78req/s] [内存消耗：5,183.09kb] [文件加载：63]
[ info ] [ LANG ] D:\Software_Files\website\www.city119.com\thinkphp\lang\zh-cn.php
[ info ] [ ROUTE ] array (
  'type' => 'module',
  'module' => 
  array (
    0 => 'admin',
    1 => 'rescue',
    2 => 'getlist',
  ),
)
[ info ] [ HEADER ] array (
  'host' => 'www.city119.com',
  'connection' => 'keep-alive',
  'accept' => 'application/json, text/javascript, */*; q=0.01',
  'x-requested-with' => 'XMLHttpRequest',
  'user-agent' => 'Mozilla/5.0 (Windows NT 6.1; Win64; x64) AppleWebKit/537.36 (KHTML, like Gecko) Chrome/61.0.3163.79 Safari/537.36',
  'content-type' => 'application/json',
  'referer' => 'http://www.city119.com/admin/rescue/index',
  'accept-encoding' => 'gzip, deflate',
  'accept-language' => 'zh-CN,zh;q=0.8',
  'cookie' => 'think_var=zh-cn; PHPSESSID=r67lok9t7c950gh63551u604q6',
)
[ info ] [ PARAM ] array (
  'offset' => '0',
  'limit' => '10',
)
[ info ] [ LANG ] D:\Software_Files\website\www.city119.com\public/../app/admin\lang\zh-cn.php
[ info ] [ SESSION ] INIT array (
  'id' => '',
  'var_session_id' => '',
  'prefix' => '',
  'type' => '',
  'auto_start' => true,
)
[ info ] [ DB ] INIT mysql
[ info ] [ RUN ] app\admin\controller\Rescue->getList[ D:\Software_Files\website\www.city119.com\app\admin\controller\Rescue.php ]
[ info ] [ LOG ] INIT File
[ sql ] [ DB ] CONNECT:[ UseTime:0.075004s ] mysql:dbname=city119;host=city119.anybind.com;port=3306;charset=utf8
[ sql ] [ SQL ] SHOW COLUMNS FROM `auth_rule` [ RunTime:0.050002s ]
[ sql ] [ SQL ] SELECT COUNT(*) AS tp_count FROM `auth_rule` WHERE  `rule_val` = 'admin/index/index' LIMIT 1 [ RunTime:0.047003s ]
[ sql ] [ SQL ] SHOW COLUMNS FROM `user` [ RunTime:0.051003s ]
[ sql ] [ SQL ] SELECT `role_id` FROM `user` WHERE  `user`.`delete_time` IS NULL  AND `id` = 1 LIMIT 1 [ RunTime:0.060004s ]
[ sql ] [ SQL ] SHOW COLUMNS FROM `auth_access` [ RunTime:0.050003s ]
[ sql ] [ SQL ] SELECT `rule_id` FROM `auth_access` WHERE  `role_id` = 1 [ RunTime:0.049002s ]
[ sql ] [ SQL ] SELECT `rule_val` FROM `auth_rule` WHERE  `id` IN (2) [ RunTime:0.048003s ]
[ sql ] [ SQL ] SELECT COUNT(*) AS tp_count FROM `auth_rule` WHERE  `rule_val` = 'admin/policeman/index' LIMIT 1 [ RunTime:0.049003s ]
[ sql ] [ SQL ] SELECT COUNT(*) AS tp_count FROM `auth_rule` WHERE  `rule_val` = 'admin/rescue/index' LIMIT 1 [ RunTime:0.048003s ]
[ sql ] [ SQL ] SELECT `role_id` FROM `user` WHERE  `user`.`delete_time` IS NULL  AND `id` = 1 LIMIT 1 [ RunTime:0.050003s ]
[ sql ] [ SQL ] SELECT `rule_id` FROM `auth_access` WHERE  `role_id` = 1 [ RunTime:0.049003s ]
[ sql ] [ SQL ] SELECT `rule_val` FROM `auth_rule` WHERE  `id` IN (2) [ RunTime:0.051003s ]
[ sql ] [ SQL ] SELECT COUNT(*) AS tp_count FROM `auth_rule` WHERE  `rule_val` = 'admin/system/index' LIMIT 1 [ RunTime:0.048003s ]
[ sql ] [ SQL ] SELECT COUNT(*) AS tp_count FROM `auth_rule` WHERE  `rule_val` = 'admin/user/index' LIMIT 1 [ RunTime:0.048002s ]
[ sql ] [ SQL ] SELECT `role_id` FROM `user` WHERE  `user`.`delete_time` IS NULL  AND `id` = 1 LIMIT 1 [ RunTime:0.052003s ]
[ sql ] [ SQL ] SELECT `rule_id` FROM `auth_access` WHERE  `role_id` = 1 [ RunTime:0.058004s ]
[ sql ] [ SQL ] SELECT `rule_val` FROM `auth_rule` WHERE  `id` IN (2) [ RunTime:0.048003s ]
[ sql ] [ SQL ] SELECT COUNT(*) AS tp_count FROM `auth_rule` WHERE  `rule_val` = 'admin/role/index' LIMIT 1 [ RunTime:0.051003s ]
[ sql ] [ SQL ] SELECT COUNT(*) AS tp_count FROM `auth_rule` WHERE  `rule_val` = 'admin/authrule/index' LIMIT 1 [ RunTime:0.050002s ]
[ sql ] [ SQL ] SHOW COLUMNS FROM `rescue_info` [ RunTime:0.057003s ]
[ sql ] [ SQL ] SELECT COUNT(*) AS tp_count FROM `rescue_info` WHERE  `rescue_info`.`delete_time` IS NULL LIMIT 1 [ RunTime:0.048003s ]
[ sql ] [ SQL ] SELECT * FROM `rescue_info` WHERE  `rescue_info`.`delete_time` IS NULL ORDER BY  status asc LIMIT 0,10 [ RunTime:0.050003s ]

---------------------------------------------------------------
