[ 2017-10-25T13:37:37+08:00 ] 127.0.0.1 127.0.0.1 GET /
[ log ] www.city119.com/ [运行时间：0.669039s][吞吐率：1.49req/s] [内存消耗：3,195.56kb] [文件加载：50]
[ info ] [ LANG ] D:\Software_Files\website\www.city119.com\thinkphp\lang\zh-cn.php
[ info ] [ ROUTE ] array (
  'type' => 'module',
  'module' => 
  array (
    0 => '',
    1 => NULL,
    2 => NULL,
  ),
)
[ info ] [ HEADER ] array (
  'host' => 'www.city119.com',
  'connection' => 'keep-alive',
  'cache-control' => 'max-age=0',
  'upgrade-insecure-requests' => '1',
  'user-agent' => 'Mozilla/5.0 (Windows NT 6.1; Win64; x64) AppleWebKit/537.36 (KHTML, like Gecko) Chrome/61.0.3163.79 Safari/537.36',
  'accept' => 'text/html,application/xhtml+xml,application/xml;q=0.9,image/webp,image/apng,*/*;q=0.8',
  'accept-encoding' => 'gzip, deflate',
  'accept-language' => 'zh-CN,zh;q=0.8',
)
[ info ] [ PARAM ] array (
)
[ info ] [ LANG ] D:\Software_Files\website\www.city119.com\public/../app/admin\lang\zh-cn.php
[ info ] [ SESSION ] INIT array (
  'id' => '',
  'var_session_id' => '',
  'prefix' => '',
  'type' => '',
  'auto_start' => true,
)
[ info ] [ LOG ] INIT File

---------------------------------------------------------------
[ 2017-10-25T13:37:37+08:00 ] 127.0.0.1 127.0.0.1 GET /admin/login/index
[ log ] www.city119.com/admin/login/index [运行时间：0.108007s][吞吐率：9.26req/s] [内存消耗：3,154.44kb] [文件加载：49]
[ info ] [ LANG ] D:\Software_Files\website\www.city119.com\thinkphp\lang\zh-cn.php
[ info ] [ ROUTE ] array (
  'type' => 'module',
  'module' => 
  array (
    0 => 'admin',
    1 => 'login',
    2 => 'index',
  ),
)
[ info ] [ HEADER ] array (
  'host' => 'www.city119.com',
  'connection' => 'keep-alive',
  'cache-control' => 'max-age=0',
  'upgrade-insecure-requests' => '1',
  'user-agent' => 'Mozilla/5.0 (Windows NT 6.1; Win64; x64) AppleWebKit/537.36 (KHTML, like Gecko) Chrome/61.0.3163.79 Safari/537.36',
  'accept' => 'text/html,application/xhtml+xml,application/xml;q=0.9,image/webp,image/apng,*/*;q=0.8',
  'accept-encoding' => 'gzip, deflate',
  'accept-language' => 'zh-CN,zh;q=0.8',
  'cookie' => 'think_var=zh-cn; PHPSESSID=mhdkdl78c6s96ad7iok44db486',
)
[ info ] [ PARAM ] array (
)
[ info ] [ LANG ] D:\Software_Files\website\www.city119.com\public/../app/admin\lang\zh-cn.php
[ info ] [ RUN ] app\admin\controller\Login->index[ D:\Software_Files\website\www.city119.com\app\admin\controller\Login.php ]
[ info ] [ SESSION ] INIT array (
  'id' => '',
  'var_session_id' => '',
  'prefix' => '',
  'type' => '',
  'auto_start' => true,
)
[ info ] [ VIEW ] D:\Software_Files\website\www.city119.com\public/../app/admin\view\login\index.html [ array (
  0 => 'set_lang',
) ]
[ info ] [ LOG ] INIT File

---------------------------------------------------------------
[ 2017-10-25T13:37:38+08:00 ] 127.0.0.1 127.0.0.1 GET /captcha
[ log ] www.city119.com/captcha [运行时间：0.268015s][吞吐率：3.73req/s] [内存消耗：2,510.69kb] [文件加载：36]
[ info ] [ LANG ] D:\Software_Files\website\www.city119.com\thinkphp\lang\zh-cn.php
[ info ] [ ROUTE ] array (
  'type' => 'method',
  'method' => 
  array (
    0 => '\\think\\captcha\\CaptchaController',
    1 => 'index',
  ),
  'var' => 
  array (
  ),
)
[ info ] [ HEADER ] array (
  'host' => 'www.city119.com',
  'connection' => 'keep-alive',
  'user-agent' => 'Mozilla/5.0 (Windows NT 6.1; Win64; x64) AppleWebKit/537.36 (KHTML, like Gecko) Chrome/61.0.3163.79 Safari/537.36',
  'accept' => 'image/webp,image/apng,image/*,*/*;q=0.8',
  'referer' => 'http://www.city119.com/admin/login/index',
  'accept-encoding' => 'gzip, deflate',
  'accept-language' => 'zh-CN,zh;q=0.8',
  'cookie' => 'think_var=zh-cn; PHPSESSID=mhdkdl78c6s96ad7iok44db486',
)
[ info ] [ PARAM ] array (
  'id' => NULL,
)
[ info ] [ RUN ] think\captcha\CaptchaController->index[ D:\Software_Files\website\www.city119.com\vendor\topthink\think-captcha\src\CaptchaController.php ]
[ info ] [ SESSION ] INIT array (
  'id' => '',
  'var_session_id' => '',
  'prefix' => 'think',
  'type' => '',
  'auto_start' => true,
)
[ info ] [ LOG ] INIT File

---------------------------------------------------------------
[ 2017-10-25T13:37:44+08:00 ] 127.0.0.1 127.0.0.1 POST /admin/login/doLogin
[ log ] www.city119.com/admin/login/doLogin [运行时间：1.113063s][吞吐率：0.90req/s] [内存消耗：5,205.40kb] [文件加载：65]
[ info ] [ LANG ] D:\Software_Files\website\www.city119.com\thinkphp\lang\zh-cn.php
[ info ] [ ROUTE ] array (
  'type' => 'module',
  'module' => 
  array (
    0 => 'admin',
    1 => 'login',
    2 => 'doLogin',
  ),
)
[ info ] [ HEADER ] array (
  'host' => 'www.city119.com',
  'connection' => 'keep-alive',
  'content-length' => '47',
  'accept' => 'application/json, text/javascript, */*; q=0.01',
  'origin' => 'http://www.city119.com',
  'x-requested-with' => 'XMLHttpRequest',
  'user-agent' => 'Mozilla/5.0 (Windows NT 6.1; Win64; x64) AppleWebKit/537.36 (KHTML, like Gecko) Chrome/61.0.3163.79 Safari/537.36',
  'content-type' => 'application/x-www-form-urlencoded; charset=UTF-8',
  'referer' => 'http://www.city119.com/admin/login/index',
  'accept-encoding' => 'gzip, deflate',
  'accept-language' => 'zh-CN,zh;q=0.8',
  'cookie' => 'think_var=zh-cn; PHPSESSID=mhdkdl78c6s96ad7iok44db486',
)
[ info ] [ PARAM ] array (
  'mobile' => '13800000000',
  'password' => '123456',
  'captcha' => '7868',
)
[ info ] [ LANG ] D:\Software_Files\website\www.city119.com\public/../app/admin\lang\zh-cn.php
[ info ] [ RUN ] app\admin\controller\Login->doLogin[ D:\Software_Files\website\www.city119.com\app\admin\controller\Login.php ]
[ info ] [ SESSION ] INIT array (
  'id' => '',
  'var_session_id' => '',
  'prefix' => '',
  'type' => '',
  'auto_start' => true,
)
[ info ] [ DB ] INIT mysql
[ info ] [ LOG ] INIT File
[ sql ] [ DB ] CONNECT:[ UseTime:0.435025s ] mysql:dbname=city119;host=city119.anybind.com;port=3306;charset=utf8
[ sql ] [ SQL ] SHOW COLUMNS FROM `user` [ RunTime:0.043003s ]
[ sql ] [ SQL ] SELECT * FROM `user` WHERE  `user`.`delete_time` IS NULL  AND `mobile` = '13800000000' LIMIT 1 [ RunTime:0.050003s ]
[ sql ] [ SQL ] SHOW COLUMNS FROM `log_record` [ RunTime:0.043002s ]
[ sql ] [ SQL ] INSERT INTO `log_record` (`remark` , `ip` , `user_id` , `browser` , `os` , `create_time`) VALUES ('登录成功' , '127.0.0.1' , 1 , 'chrome-61' , 'Windows 7' , 1508909863) [ RunTime:0.085005s ]

---------------------------------------------------------------
[ 2017-10-25T13:37:45+08:00 ] 127.0.0.1 127.0.0.1 GET /admin/index/index
[ log ] www.city119.com/admin/index/index [运行时间：1.327076s][吞吐率：0.75req/s] [内存消耗：5,512.77kb] [文件加载：68]
[ info ] [ LANG ] D:\Software_Files\website\www.city119.com\thinkphp\lang\zh-cn.php
[ info ] [ ROUTE ] array (
  'type' => 'module',
  'module' => 
  array (
    0 => 'admin',
    1 => 'index',
    2 => 'index',
  ),
)
[ info ] [ HEADER ] array (
  'host' => 'www.city119.com',
  'connection' => 'keep-alive',
  'upgrade-insecure-requests' => '1',
  'user-agent' => 'Mozilla/5.0 (Windows NT 6.1; Win64; x64) AppleWebKit/537.36 (KHTML, like Gecko) Chrome/61.0.3163.79 Safari/537.36',
  'accept' => 'text/html,application/xhtml+xml,application/xml;q=0.9,image/webp,image/apng,*/*;q=0.8',
  'referer' => 'http://www.city119.com/admin/login/index',
  'accept-encoding' => 'gzip, deflate',
  'accept-language' => 'zh-CN,zh;q=0.8',
  'cookie' => 'think_var=zh-cn; PHPSESSID=mhdkdl78c6s96ad7iok44db486',
)
[ info ] [ PARAM ] array (
)
[ info ] [ LANG ] D:\Software_Files\website\www.city119.com\public/../app/admin\lang\zh-cn.php
[ info ] [ SESSION ] INIT array (
  'id' => '',
  'var_session_id' => '',
  'prefix' => '',
  'type' => '',
  'auto_start' => true,
)
[ info ] [ DB ] INIT mysql
[ info ] [ RUN ] app\admin\controller\Index->index[ D:\Software_Files\website\www.city119.com\app\admin\controller\Index.php ]
[ info ] [ VIEW ] D:\Software_Files\website\www.city119.com\public/../app/admin\view\index\index.html [ array (
  0 => 'set_lang',
  1 => 'user',
  2 => 'menus',
  3 => 'data',
) ]
[ info ] [ LOG ] INIT File
[ sql ] [ DB ] CONNECT:[ UseTime:0.062004s ] mysql:dbname=city119;host=city119.anybind.com;port=3306;charset=utf8
[ sql ] [ SQL ] SHOW COLUMNS FROM `auth_rule` [ RunTime:0.042002s ]
[ sql ] [ SQL ] SELECT COUNT(*) AS tp_count FROM `auth_rule` WHERE  `rule_val` = 'admin/index/index' LIMIT 1 [ RunTime:0.044003s ]
[ sql ] [ SQL ] SHOW COLUMNS FROM `user` [ RunTime:0.043003s ]
[ sql ] [ SQL ] SELECT `role_id` FROM `user` WHERE  `user`.`delete_time` IS NULL  AND `id` = 1 LIMIT 1 [ RunTime:0.042002s ]
[ sql ] [ SQL ] SHOW COLUMNS FROM `auth_access` [ RunTime:0.041002s ]
[ sql ] [ SQL ] SELECT `rule_id` FROM `auth_access` WHERE  `role_id` = 1 [ RunTime:0.048002s ]
[ sql ] [ SQL ] SELECT `rule_val` FROM `auth_rule` WHERE  `id` IN (2) [ RunTime:0.042003s ]
[ sql ] [ SQL ] SELECT COUNT(*) AS tp_count FROM `auth_rule` WHERE  `rule_val` = 'admin/policeman/index' LIMIT 1 [ RunTime:0.040002s ]
[ sql ] [ SQL ] SELECT COUNT(*) AS tp_count FROM `auth_rule` WHERE  `rule_val` = 'admin/rescue/index' LIMIT 1 [ RunTime:0.043003s ]
[ sql ] [ SQL ] SELECT `role_id` FROM `user` WHERE  `user`.`delete_time` IS NULL  AND `id` = 1 LIMIT 1 [ RunTime:0.044002s ]
[ sql ] [ SQL ] SELECT `rule_id` FROM `auth_access` WHERE  `role_id` = 1 [ RunTime:0.044003s ]
[ sql ] [ SQL ] SELECT `rule_val` FROM `auth_rule` WHERE  `id` IN (2) [ RunTime:0.050003s ]
[ sql ] [ SQL ] SELECT COUNT(*) AS tp_count FROM `auth_rule` WHERE  `rule_val` = 'admin/system/index' LIMIT 1 [ RunTime:0.041002s ]
[ sql ] [ SQL ] SELECT COUNT(*) AS tp_count FROM `auth_rule` WHERE  `rule_val` = 'admin/user/index' LIMIT 1 [ RunTime:0.041002s ]
[ sql ] [ SQL ] SELECT `role_id` FROM `user` WHERE  `user`.`delete_time` IS NULL  AND `id` = 1 LIMIT 1 [ RunTime:0.041002s ]
[ sql ] [ SQL ] SELECT `rule_id` FROM `auth_access` WHERE  `role_id` = 1 [ RunTime:0.042002s ]
[ sql ] [ SQL ] SELECT `rule_val` FROM `auth_rule` WHERE  `id` IN (2) [ RunTime:0.042003s ]
[ sql ] [ SQL ] SELECT COUNT(*) AS tp_count FROM `auth_rule` WHERE  `rule_val` = 'admin/role/index' LIMIT 1 [ RunTime:0.041002s ]
[ sql ] [ SQL ] SELECT COUNT(*) AS tp_count FROM `auth_rule` WHERE  `rule_val` = 'admin/authrule/index' LIMIT 1 [ RunTime:0.041003s ]
[ sql ] [ SQL ] SHOW COLUMNS FROM `log_record` [ RunTime:0.043002s ]
[ sql ] [ SQL ] SELECT `ip` FROM `log_record` [ RunTime:0.060004s ]

---------------------------------------------------------------
[ 2017-10-25T13:37:45+08:00 ] 127.0.0.1 127.0.0.1 GET /captcha?=r0.756815381849552?=r0.8956214105274811
[ log ] www.city119.com/captcha?=r0.756815381849552?=r0.8956214105274811 [运行时间：1.349077s][吞吐率：0.74req/s] [内存消耗：3,137.69kb] [文件加载：41]
[ info ] [ LANG ] D:\Software_Files\website\www.city119.com\thinkphp\lang\zh-cn.php
[ info ] [ ROUTE ] array (
  'type' => 'method',
  'method' => 
  array (
    0 => '\\think\\captcha\\CaptchaController',
    1 => 'index',
  ),
  'var' => 
  array (
  ),
)
[ info ] [ HEADER ] array (
  'host' => 'www.city119.com',
  'connection' => 'keep-alive',
  'user-agent' => 'Mozilla/5.0 (Windows NT 6.1; Win64; x64) AppleWebKit/537.36 (KHTML, like Gecko) Chrome/61.0.3163.79 Safari/537.36',
  'accept' => 'image/webp,image/apng,image/*,*/*;q=0.8',
  'referer' => 'http://www.city119.com/admin/login/index',
  'accept-encoding' => 'gzip, deflate',
  'accept-language' => 'zh-CN,zh;q=0.8',
  'cookie' => 'think_var=zh-cn; PHPSESSID=mhdkdl78c6s96ad7iok44db486',
)
[ info ] [ PARAM ] array (
  'id' => NULL,
)
[ info ] [ RUN ] think\captcha\CaptchaController->index[ D:\Software_Files\website\www.city119.com\vendor\topthink\think-captcha\src\CaptchaController.php ]
[ info ] [ SESSION ] INIT array (
  'id' => '',
  'var_session_id' => '',
  'prefix' => 'think',
  'type' => '',
  'auto_start' => true,
)
[ info ] [ LOG ] INIT File

---------------------------------------------------------------
[ 2017-10-25T13:37:49+08:00 ] 127.0.0.1 127.0.0.1 GET /admin/rescue/index
[ log ] www.city119.com/admin/rescue/index [运行时间：1.212070s][吞吐率：0.83req/s] [内存消耗：5,165.75kb] [文件加载：63]
[ info ] [ LANG ] D:\Software_Files\website\www.city119.com\thinkphp\lang\zh-cn.php
[ info ] [ ROUTE ] array (
  'type' => 'module',
  'module' => 
  array (
    0 => 'admin',
    1 => 'rescue',
    2 => 'index',
  ),
)
[ info ] [ HEADER ] array (
  'host' => 'www.city119.com',
  'connection' => 'keep-alive',
  'upgrade-insecure-requests' => '1',
  'user-agent' => 'Mozilla/5.0 (Windows NT 6.1; Win64; x64) AppleWebKit/537.36 (KHTML, like Gecko) Chrome/61.0.3163.79 Safari/537.36',
  'accept' => 'text/html,application/xhtml+xml,application/xml;q=0.9,image/webp,image/apng,*/*;q=0.8',
  'referer' => 'http://www.city119.com/admin/index/index',
  'accept-encoding' => 'gzip, deflate',
  'accept-language' => 'zh-CN,zh;q=0.8',
  'cookie' => 'think_var=zh-cn; PHPSESSID=mhdkdl78c6s96ad7iok44db486',
)
[ info ] [ PARAM ] array (
)
[ info ] [ LANG ] D:\Software_Files\website\www.city119.com\public/../app/admin\lang\zh-cn.php
[ info ] [ SESSION ] INIT array (
  'id' => '',
  'var_session_id' => '',
  'prefix' => '',
  'type' => '',
  'auto_start' => true,
)
[ info ] [ DB ] INIT mysql
[ info ] [ RUN ] app\admin\controller\Rescue->index[ D:\Software_Files\website\www.city119.com\app\admin\controller\Rescue.php ]
[ info ] [ VIEW ] D:\Software_Files\website\www.city119.com\public/../app/admin\view\rescue\index.html [ array (
  0 => 'set_lang',
  1 => 'user',
  2 => 'menus',
) ]
[ info ] [ LOG ] INIT File
[ sql ] [ DB ] CONNECT:[ UseTime:0.077005s ] mysql:dbname=city119;host=city119.anybind.com;port=3306;charset=utf8
[ sql ] [ SQL ] SHOW COLUMNS FROM `auth_rule` [ RunTime:0.051003s ]
[ sql ] [ SQL ] SELECT COUNT(*) AS tp_count FROM `auth_rule` WHERE  `rule_val` = 'admin/index/index' LIMIT 1 [ RunTime:0.050003s ]
[ sql ] [ SQL ] SHOW COLUMNS FROM `user` [ RunTime:0.051003s ]
[ sql ] [ SQL ] SELECT `role_id` FROM `user` WHERE  `user`.`delete_time` IS NULL  AND `id` = 1 LIMIT 1 [ RunTime:0.051003s ]
[ sql ] [ SQL ] SHOW COLUMNS FROM `auth_access` [ RunTime:0.051003s ]
[ sql ] [ SQL ] SELECT `rule_id` FROM `auth_access` WHERE  `role_id` = 1 [ RunTime:0.050003s ]
[ sql ] [ SQL ] SELECT `rule_val` FROM `auth_rule` WHERE  `id` IN (2) [ RunTime:0.051003s ]
[ sql ] [ SQL ] SELECT COUNT(*) AS tp_count FROM `auth_rule` WHERE  `rule_val` = 'admin/policeman/index' LIMIT 1 [ RunTime:0.051003s ]
[ sql ] [ SQL ] SELECT COUNT(*) AS tp_count FROM `auth_rule` WHERE  `rule_val` = 'admin/rescue/index' LIMIT 1 [ RunTime:0.051003s ]
[ sql ] [ SQL ] SELECT `role_id` FROM `user` WHERE  `user`.`delete_time` IS NULL  AND `id` = 1 LIMIT 1 [ RunTime:0.051003s ]
[ sql ] [ SQL ] SELECT `rule_id` FROM `auth_access` WHERE  `role_id` = 1 [ RunTime:0.050002s ]
[ sql ] [ SQL ] SELECT `rule_val` FROM `auth_rule` WHERE  `id` IN (2) [ RunTime:0.050002s ]
[ sql ] [ SQL ] SELECT COUNT(*) AS tp_count FROM `auth_rule` WHERE  `rule_val` = 'admin/system/index' LIMIT 1 [ RunTime:0.050003s ]
[ sql ] [ SQL ] SELECT COUNT(*) AS tp_count FROM `auth_rule` WHERE  `rule_val` = 'admin/user/index' LIMIT 1 [ RunTime:0.051003s ]
[ sql ] [ SQL ] SELECT `role_id` FROM `user` WHERE  `user`.`delete_time` IS NULL  AND `id` = 1 LIMIT 1 [ RunTime:0.050003s ]
[ sql ] [ SQL ] SELECT `rule_id` FROM `auth_access` WHERE  `role_id` = 1 [ RunTime:0.050003s ]
[ sql ] [ SQL ] SELECT `rule_val` FROM `auth_rule` WHERE  `id` IN (2) [ RunTime:0.051003s ]
[ sql ] [ SQL ] SELECT COUNT(*) AS tp_count FROM `auth_rule` WHERE  `rule_val` = 'admin/role/index' LIMIT 1 [ RunTime:0.052003s ]
[ sql ] [ SQL ] SELECT COUNT(*) AS tp_count FROM `auth_rule` WHERE  `rule_val` = 'admin/authrule/index' LIMIT 1 [ RunTime:0.051003s ]

---------------------------------------------------------------
[ 2017-10-25T13:37:51+08:00 ] 127.0.0.1 127.0.0.1 GET /admin/rescue/getlist?offset=0&limit=10
[ log ] www.city119.com/admin/rescue/getlist?offset=0&limit=10 [运行时间：1.342076s][吞吐率：0.75req/s] [内存消耗：5,186.18kb] [文件加载：63]
[ info ] [ LANG ] D:\Software_Files\website\www.city119.com\thinkphp\lang\zh-cn.php
[ info ] [ ROUTE ] array (
  'type' => 'module',
  'module' => 
  array (
    0 => 'admin',
    1 => 'rescue',
    2 => 'getlist',
  ),
)
[ info ] [ HEADER ] array (
  'host' => 'www.city119.com',
  'connection' => 'keep-alive',
  'accept' => 'application/json, text/javascript, */*; q=0.01',
  'x-requested-with' => 'XMLHttpRequest',
  'user-agent' => 'Mozilla/5.0 (Windows NT 6.1; Win64; x64) AppleWebKit/537.36 (KHTML, like Gecko) Chrome/61.0.3163.79 Safari/537.36',
  'content-type' => 'application/json',
  'referer' => 'http://www.city119.com/admin/rescue/index',
  'accept-encoding' => 'gzip, deflate',
  'accept-language' => 'zh-CN,zh;q=0.8',
  'cookie' => 'think_var=zh-cn; PHPSESSID=mhdkdl78c6s96ad7iok44db486',
)
[ info ] [ PARAM ] array (
  'offset' => '0',
  'limit' => '10',
)
[ info ] [ LANG ] D:\Software_Files\website\www.city119.com\public/../app/admin\lang\zh-cn.php
[ info ] [ SESSION ] INIT array (
  'id' => '',
  'var_session_id' => '',
  'prefix' => '',
  'type' => '',
  'auto_start' => true,
)
[ info ] [ DB ] INIT mysql
[ info ] [ RUN ] app\admin\controller\Rescue->getList[ D:\Software_Files\website\www.city119.com\app\admin\controller\Rescue.php ]
[ info ] [ LOG ] INIT File
[ sql ] [ DB ] CONNECT:[ UseTime:0.075005s ] mysql:dbname=city119;host=city119.anybind.com;port=3306;charset=utf8
[ sql ] [ SQL ] SHOW COLUMNS FROM `auth_rule` [ RunTime:0.050003s ]
[ sql ] [ SQL ] SELECT COUNT(*) AS tp_count FROM `auth_rule` WHERE  `rule_val` = 'admin/index/index' LIMIT 1 [ RunTime:0.048002s ]
[ sql ] [ SQL ] SHOW COLUMNS FROM `user` [ RunTime:0.050002s ]
[ sql ] [ SQL ] SELECT `role_id` FROM `user` WHERE  `user`.`delete_time` IS NULL  AND `id` = 1 LIMIT 1 [ RunTime:0.049003s ]
[ sql ] [ SQL ] SHOW COLUMNS FROM `auth_access` [ RunTime:0.050003s ]
[ sql ] [ SQL ] SELECT `rule_id` FROM `auth_access` WHERE  `role_id` = 1 [ RunTime:0.050003s ]
[ sql ] [ SQL ] SELECT `rule_val` FROM `auth_rule` WHERE  `id` IN (2) [ RunTime:0.049003s ]
[ sql ] [ SQL ] SELECT COUNT(*) AS tp_count FROM `auth_rule` WHERE  `rule_val` = 'admin/policeman/index' LIMIT 1 [ RunTime:0.050003s ]
[ sql ] [ SQL ] SELECT COUNT(*) AS tp_count FROM `auth_rule` WHERE  `rule_val` = 'admin/rescue/index' LIMIT 1 [ RunTime:0.050003s ]
[ sql ] [ SQL ] SELECT `role_id` FROM `user` WHERE  `user`.`delete_time` IS NULL  AND `id` = 1 LIMIT 1 [ RunTime:0.050003s ]
[ sql ] [ SQL ] SELECT `rule_id` FROM `auth_access` WHERE  `role_id` = 1 [ RunTime:0.047002s ]
[ sql ] [ SQL ] SELECT `rule_val` FROM `auth_rule` WHERE  `id` IN (2) [ RunTime:0.048002s ]
[ sql ] [ SQL ] SELECT COUNT(*) AS tp_count FROM `auth_rule` WHERE  `rule_val` = 'admin/system/index' LIMIT 1 [ RunTime:0.049003s ]
[ sql ] [ SQL ] SELECT COUNT(*) AS tp_count FROM `auth_rule` WHERE  `rule_val` = 'admin/user/index' LIMIT 1 [ RunTime:0.048003s ]
[ sql ] [ SQL ] SELECT `role_id` FROM `user` WHERE  `user`.`delete_time` IS NULL  AND `id` = 1 LIMIT 1 [ RunTime:0.049003s ]
[ sql ] [ SQL ] SELECT `rule_id` FROM `auth_access` WHERE  `role_id` = 1 [ RunTime:0.049003s ]
[ sql ] [ SQL ] SELECT `rule_val` FROM `auth_rule` WHERE  `id` IN (2) [ RunTime:0.052003s ]
[ sql ] [ SQL ] SELECT COUNT(*) AS tp_count FROM `auth_rule` WHERE  `rule_val` = 'admin/role/index' LIMIT 1 [ RunTime:0.049003s ]
[ sql ] [ SQL ] SELECT COUNT(*) AS tp_count FROM `auth_rule` WHERE  `rule_val` = 'admin/authrule/index' LIMIT 1 [ RunTime:0.049002s ]
[ sql ] [ SQL ] SHOW COLUMNS FROM `rescue_info` [ RunTime:0.049002s ]
[ sql ] [ SQL ] SELECT COUNT(*) AS tp_count FROM `rescue_info` WHERE  `rescue_info`.`delete_time` IS NULL LIMIT 1 [ RunTime:0.053004s ]
[ sql ] [ SQL ] SELECT * FROM `rescue_info` WHERE  `rescue_info`.`delete_time` IS NULL ORDER BY  status asc,create_time asc LIMIT 0,10 [ RunTime:0.052003s ]

---------------------------------------------------------------
[ 2017-10-25T13:38:07+08:00 ] 127.0.0.1 127.0.0.1 GET /admin/rescue/detail/id/10
[ log ] www.city119.com/admin/rescue/detail/id/10 [运行时间：1.292074s][吞吐率：0.77req/s] [内存消耗：5,280.80kb] [文件加载：64]
[ info ] [ LANG ] D:\Software_Files\website\www.city119.com\thinkphp\lang\zh-cn.php
[ info ] [ ROUTE ] array (
  'type' => 'module',
  'module' => 
  array (
    0 => 'admin',
    1 => 'rescue',
    2 => 'detail',
  ),
)
[ info ] [ HEADER ] array (
  'host' => 'www.city119.com',
  'connection' => 'keep-alive',
  'upgrade-insecure-requests' => '1',
  'user-agent' => 'Mozilla/5.0 (Windows NT 6.1; Win64; x64) AppleWebKit/537.36 (KHTML, like Gecko) Chrome/61.0.3163.79 Safari/537.36',
  'accept' => 'text/html,application/xhtml+xml,application/xml;q=0.9,image/webp,image/apng,*/*;q=0.8',
  'referer' => 'http://www.city119.com/admin/rescue/index',
  'accept-encoding' => 'gzip, deflate',
  'accept-language' => 'zh-CN,zh;q=0.8',
  'cookie' => 'think_var=zh-cn; PHPSESSID=mhdkdl78c6s96ad7iok44db486',
)
[ info ] [ PARAM ] array (
  'id' => '10',
)
[ info ] [ LANG ] D:\Software_Files\website\www.city119.com\public/../app/admin\lang\zh-cn.php
[ info ] [ SESSION ] INIT array (
  'id' => '',
  'var_session_id' => '',
  'prefix' => '',
  'type' => '',
  'auto_start' => true,
)
[ info ] [ DB ] INIT mysql
[ info ] [ RUN ] app\admin\controller\Rescue->detail[ D:\Software_Files\website\www.city119.com\app\admin\controller\Rescue.php ]
[ info ] [ VIEW ] D:\Software_Files\website\www.city119.com\public/../app/admin\view\rescue\detail.html [ array (
  0 => 'set_lang',
  1 => 'user',
  2 => 'menus',
  3 => 'rescue_type',
  4 => 'data',
) ]
[ info ] [ LOG ] INIT File
[ sql ] [ DB ] CONNECT:[ UseTime:0.075004s ] mysql:dbname=city119;host=city119.anybind.com;port=3306;charset=utf8
[ sql ] [ SQL ] SHOW COLUMNS FROM `auth_rule` [ RunTime:0.049003s ]
[ sql ] [ SQL ] SELECT COUNT(*) AS tp_count FROM `auth_rule` WHERE  `rule_val` = 'admin/index/index' LIMIT 1 [ RunTime:0.050003s ]
[ sql ] [ SQL ] SHOW COLUMNS FROM `user` [ RunTime:0.050003s ]
[ sql ] [ SQL ] SELECT `role_id` FROM `user` WHERE  `user`.`delete_time` IS NULL  AND `id` = 1 LIMIT 1 [ RunTime:0.050003s ]
[ sql ] [ SQL ] SHOW COLUMNS FROM `auth_access` [ RunTime:0.050003s ]
[ sql ] [ SQL ] SELECT `rule_id` FROM `auth_access` WHERE  `role_id` = 1 [ RunTime:0.049003s ]
[ sql ] [ SQL ] SELECT `rule_val` FROM `auth_rule` WHERE  `id` IN (2) [ RunTime:0.050002s ]
[ sql ] [ SQL ] SELECT COUNT(*) AS tp_count FROM `auth_rule` WHERE  `rule_val` = 'admin/policeman/index' LIMIT 1 [ RunTime:0.051002s ]
[ sql ] [ SQL ] SELECT COUNT(*) AS tp_count FROM `auth_rule` WHERE  `rule_val` = 'admin/rescue/index' LIMIT 1 [ RunTime:0.049002s ]
[ sql ] [ SQL ] SELECT `role_id` FROM `user` WHERE  `user`.`delete_time` IS NULL  AND `id` = 1 LIMIT 1 [ RunTime:0.048003s ]
[ sql ] [ SQL ] SELECT `rule_id` FROM `auth_access` WHERE  `role_id` = 1 [ RunTime:0.050003s ]
[ sql ] [ SQL ] SELECT `rule_val` FROM `auth_rule` WHERE  `id` IN (2) [ RunTime:0.054003s ]
[ sql ] [ SQL ] SELECT COUNT(*) AS tp_count FROM `auth_rule` WHERE  `rule_val` = 'admin/system/index' LIMIT 1 [ RunTime:0.051003s ]
[ sql ] [ SQL ] SELECT COUNT(*) AS tp_count FROM `auth_rule` WHERE  `rule_val` = 'admin/user/index' LIMIT 1 [ RunTime:0.050003s ]
[ sql ] [ SQL ] SELECT `role_id` FROM `user` WHERE  `user`.`delete_time` IS NULL  AND `id` = 1 LIMIT 1 [ RunTime:0.050003s ]
[ sql ] [ SQL ] SELECT `rule_id` FROM `auth_access` WHERE  `role_id` = 1 [ RunTime:0.050003s ]
[ sql ] [ SQL ] SELECT `rule_val` FROM `auth_rule` WHERE  `id` IN (2) [ RunTime:0.049003s ]
[ sql ] [ SQL ] SELECT COUNT(*) AS tp_count FROM `auth_rule` WHERE  `rule_val` = 'admin/role/index' LIMIT 1 [ RunTime:0.047003s ]
[ sql ] [ SQL ] SELECT COUNT(*) AS tp_count FROM `auth_rule` WHERE  `rule_val` = 'admin/authrule/index' LIMIT 1 [ RunTime:0.050003s ]
[ sql ] [ SQL ] SHOW COLUMNS FROM `rescue_info` [ RunTime:0.051003s ]
[ sql ] [ SQL ] SELECT * FROM `rescue_info` WHERE  `rescue_info`.`delete_time` IS NULL  AND `id` = 10 LIMIT 1 [ RunTime:0.052003s ]

---------------------------------------------------------------
[ 2017-10-25T20:01:30+08:00 ] 127.0.0.1 127.0.0.1 GET /
[ log ] www.city119.com/ [运行时间：0.440007s][吞吐率：2.27req/s] [内存消耗：3,195.34kb] [文件加载：50]
[ info ] [ LANG ] D:\Software_Files\website\www.city119.com\thinkphp\lang\zh-cn.php
[ info ] [ ROUTE ] array (
  'type' => 'module',
  'module' => 
  array (
    0 => '',
    1 => NULL,
    2 => NULL,
  ),
)
[ info ] [ HEADER ] array (
  'host' => 'www.city119.com',
  'connection' => 'keep-alive',
  'user-agent' => 'Mozilla/5.0 (Windows NT 6.1; Win64; x64) AppleWebKit/537.36 (KHTML, like Gecko) Chrome/61.0.3163.79 Safari/537.36',
  'upgrade-insecure-requests' => '1',
  'accept' => 'text/html,application/xhtml+xml,application/xml;q=0.9,image/webp,image/apng,*/*;q=0.8',
  'accept-encoding' => 'gzip, deflate',
  'accept-language' => 'zh-CN,zh;q=0.8',
)
[ info ] [ PARAM ] array (
)
[ info ] [ LANG ] D:\Software_Files\website\www.city119.com\public/../app/admin\lang\zh-cn.php
[ info ] [ SESSION ] INIT array (
  'id' => '',
  'var_session_id' => '',
  'prefix' => '',
  'type' => '',
  'auto_start' => true,
)
[ info ] [ LOG ] INIT File

---------------------------------------------------------------
[ 2017-10-25T20:01:30+08:00 ] 127.0.0.1 127.0.0.1 GET /admin/login/index
[ log ] www.city119.com/admin/login/index [运行时间：0.072501s][吞吐率：13.79req/s] [内存消耗：3,154.27kb] [文件加载：49]
[ info ] [ LANG ] D:\Software_Files\website\www.city119.com\thinkphp\lang\zh-cn.php
[ info ] [ ROUTE ] array (
  'type' => 'module',
  'module' => 
  array (
    0 => 'admin',
    1 => 'login',
    2 => 'index',
  ),
)
[ info ] [ HEADER ] array (
  'host' => 'www.city119.com',
  'connection' => 'keep-alive',
  'user-agent' => 'Mozilla/5.0 (Windows NT 6.1; Win64; x64) AppleWebKit/537.36 (KHTML, like Gecko) Chrome/61.0.3163.79 Safari/537.36',
  'upgrade-insecure-requests' => '1',
  'accept' => 'text/html,application/xhtml+xml,application/xml;q=0.9,image/webp,image/apng,*/*;q=0.8',
  'accept-encoding' => 'gzip, deflate',
  'accept-language' => 'zh-CN,zh;q=0.8',
  'cookie' => 'think_var=zh-cn; PHPSESSID=6u1qkgqpk3lq40fqvvv39r6177',
)
[ info ] [ PARAM ] array (
)
[ info ] [ LANG ] D:\Software_Files\website\www.city119.com\public/../app/admin\lang\zh-cn.php
[ info ] [ RUN ] app\admin\controller\Login->index[ D:\Software_Files\website\www.city119.com\app\admin\controller\Login.php ]
[ info ] [ SESSION ] INIT array (
  'id' => '',
  'var_session_id' => '',
  'prefix' => '',
  'type' => '',
  'auto_start' => true,
)
[ info ] [ VIEW ] D:\Software_Files\website\www.city119.com\public/../app/admin\view\login\index.html [ array (
  0 => 'set_lang',
) ]
[ info ] [ LOG ] INIT File

---------------------------------------------------------------
[ 2017-10-25T20:01:30+08:00 ] 127.0.0.1 127.0.0.1 GET /captcha
[ log ] www.city119.com/captcha [运行时间：0.167503s][吞吐率：5.97req/s] [内存消耗：2,510.61kb] [文件加载：36]
[ info ] [ LANG ] D:\Software_Files\website\www.city119.com\thinkphp\lang\zh-cn.php
[ info ] [ ROUTE ] array (
  'type' => 'method',
  'method' => 
  array (
    0 => '\\think\\captcha\\CaptchaController',
    1 => 'index',
  ),
  'var' => 
  array (
  ),
)
[ info ] [ HEADER ] array (
  'host' => 'www.city119.com',
  'connection' => 'keep-alive',
  'user-agent' => 'Mozilla/5.0 (Windows NT 6.1; Win64; x64) AppleWebKit/537.36 (KHTML, like Gecko) Chrome/61.0.3163.79 Safari/537.36',
  'accept' => 'image/webp,image/apng,image/*,*/*;q=0.8',
  'referer' => 'http://www.city119.com/admin/login/index',
  'accept-encoding' => 'gzip, deflate',
  'accept-language' => 'zh-CN,zh;q=0.8',
  'cookie' => 'think_var=zh-cn; PHPSESSID=6u1qkgqpk3lq40fqvvv39r6177',
)
[ info ] [ PARAM ] array (
  'id' => NULL,
)
[ info ] [ RUN ] think\captcha\CaptchaController->index[ D:\Software_Files\website\www.city119.com\vendor\topthink\think-captcha\src\CaptchaController.php ]
[ info ] [ SESSION ] INIT array (
  'id' => '',
  'var_session_id' => '',
  'prefix' => 'think',
  'type' => '',
  'auto_start' => true,
)
[ info ] [ LOG ] INIT File

---------------------------------------------------------------
[ 2017-10-25T20:02:11+08:00 ] 127.0.0.1 127.0.0.1 POST /admin/login/doLogin
[ log ] www.city119.com/admin/login/doLogin [运行时间：0.585009s][吞吐率：1.71req/s] [内存消耗：5,205.40kb] [文件加载：65]
[ info ] [ LANG ] D:\Software_Files\website\www.city119.com\thinkphp\lang\zh-cn.php
[ info ] [ ROUTE ] array (
  'type' => 'module',
  'module' => 
  array (
    0 => 'admin',
    1 => 'login',
    2 => 'doLogin',
  ),
)
[ info ] [ HEADER ] array (
  'host' => 'www.city119.com',
  'connection' => 'keep-alive',
  'content-length' => '47',
  'accept' => 'application/json, text/javascript, */*; q=0.01',
  'origin' => 'http://www.city119.com',
  'x-requested-with' => 'XMLHttpRequest',
  'user-agent' => 'Mozilla/5.0 (Windows NT 6.1; Win64; x64) AppleWebKit/537.36 (KHTML, like Gecko) Chrome/61.0.3163.79 Safari/537.36',
  'content-type' => 'application/x-www-form-urlencoded; charset=UTF-8',
  'referer' => 'http://www.city119.com/admin/login/index',
  'accept-encoding' => 'gzip, deflate',
  'accept-language' => 'zh-CN,zh;q=0.8',
  'cookie' => 'think_var=zh-cn; PHPSESSID=6u1qkgqpk3lq40fqvvv39r6177',
)
[ info ] [ PARAM ] array (
  'mobile' => '13800000000',
  'password' => '123456',
  'captcha' => '3068',
)
[ info ] [ LANG ] D:\Software_Files\website\www.city119.com\public/../app/admin\lang\zh-cn.php
[ info ] [ RUN ] app\admin\controller\Login->doLogin[ D:\Software_Files\website\www.city119.com\app\admin\controller\Login.php ]
[ info ] [ SESSION ] INIT array (
  'id' => '',
  'var_session_id' => '',
  'prefix' => '',
  'type' => '',
  'auto_start' => true,
)
[ info ] [ DB ] INIT mysql
[ info ] [ LOG ] INIT File
[ sql ] [ DB ] CONNECT:[ UseTime:0.092501s ] mysql:dbname=city119;host=city119.anybind.com;port=3306;charset=utf8
[ sql ] [ SQL ] SHOW COLUMNS FROM `user` [ RunTime:0.050001s ]
[ sql ] [ SQL ] SELECT * FROM `user` WHERE  `user`.`delete_time` IS NULL  AND `mobile` = '13800000000' LIMIT 1 [ RunTime:0.050001s ]
[ sql ] [ SQL ] SHOW COLUMNS FROM `log_record` [ RunTime:0.057501s ]
[ sql ] [ SQL ] INSERT INTO `log_record` (`remark` , `ip` , `user_id` , `browser` , `os` , `create_time`) VALUES ('登录成功' , '127.0.0.1' , 1 , 'chrome-61' , 'Windows 7' , 1508932930) [ RunTime:0.097501s ]

---------------------------------------------------------------
[ 2017-10-25T20:02:12+08:00 ] 127.0.0.1 127.0.0.1 GET /admin/index/index
[ log ] www.city119.com/admin/index/index [运行时间：1.257520s][吞吐率：0.80req/s] [内存消耗：5,214.90kb] [文件加载：65]
[ info ] [ LANG ] D:\Software_Files\website\www.city119.com\thinkphp\lang\zh-cn.php
[ info ] [ ROUTE ] array (
  'type' => 'module',
  'module' => 
  array (
    0 => 'admin',
    1 => 'index',
    2 => 'index',
  ),
)
[ info ] [ HEADER ] array (
  'host' => 'www.city119.com',
  'connection' => 'keep-alive',
  'upgrade-insecure-requests' => '1',
  'user-agent' => 'Mozilla/5.0 (Windows NT 6.1; Win64; x64) AppleWebKit/537.36 (KHTML, like Gecko) Chrome/61.0.3163.79 Safari/537.36',
  'accept' => 'text/html,application/xhtml+xml,application/xml;q=0.9,image/webp,image/apng,*/*;q=0.8',
  'referer' => 'http://www.city119.com/admin/login/index',
  'accept-encoding' => 'gzip, deflate',
  'accept-language' => 'zh-CN,zh;q=0.8',
  'cookie' => 'think_var=zh-cn; PHPSESSID=6u1qkgqpk3lq40fqvvv39r6177',
)
[ info ] [ PARAM ] array (
)
[ info ] [ LANG ] D:\Software_Files\website\www.city119.com\public/../app/admin\lang\zh-cn.php
[ info ] [ SESSION ] INIT array (
  'id' => '',
  'var_session_id' => '',
  'prefix' => '',
  'type' => '',
  'auto_start' => true,
)
[ info ] [ DB ] INIT mysql
[ info ] [ RUN ] app\admin\controller\Index->index[ D:\Software_Files\website\www.city119.com\app\admin\controller\Index.php ]
[ info ] [ VIEW ] D:\Software_Files\website\www.city119.com\public/../app/admin\view\index\index.html [ array (
  0 => 'set_lang',
  1 => 'user',
  2 => 'menus',
  3 => 'data',
) ]
[ info ] [ LOG ] INIT File
[ sql ] [ DB ] CONNECT:[ UseTime:0.072501s ] mysql:dbname=city119;host=city119.anybind.com;port=3306;charset=utf8
[ sql ] [ SQL ] SHOW COLUMNS FROM `auth_rule` [ RunTime:0.047501s ]
[ sql ] [ SQL ] SELECT COUNT(*) AS tp_count FROM `auth_rule` WHERE  `rule_val` = 'admin/index/index' LIMIT 1 [ RunTime:0.052501s ]
[ sql ] [ SQL ] SHOW COLUMNS FROM `user` [ RunTime:0.050001s ]
[ sql ] [ SQL ] SELECT `role_id` FROM `user` WHERE  `user`.`delete_time` IS NULL  AND `id` = 1 LIMIT 1 [ RunTime:0.050001s ]
[ sql ] [ SQL ] SHOW COLUMNS FROM `auth_access` [ RunTime:0.050000s ]
[ sql ] [ SQL ] SELECT `rule_id` FROM `auth_access` WHERE  `role_id` = 1 [ RunTime:0.050001s ]
[ sql ] [ SQL ] SELECT `rule_val` FROM `auth_rule` WHERE  `id` IN (2) [ RunTime:0.047501s ]
[ sql ] [ SQL ] SELECT COUNT(*) AS tp_count FROM `auth_rule` WHERE  `rule_val` = 'admin/policeman/index' LIMIT 1 [ RunTime:0.050001s ]
[ sql ] [ SQL ] SELECT COUNT(*) AS tp_count FROM `auth_rule` WHERE  `rule_val` = 'admin/rescue/index' LIMIT 1 [ RunTime:0.050000s ]
[ sql ] [ SQL ] SELECT `role_id` FROM `user` WHERE  `user`.`delete_time` IS NULL  AND `id` = 1 LIMIT 1 [ RunTime:0.050001s ]
[ sql ] [ SQL ] SELECT `rule_id` FROM `auth_access` WHERE  `role_id` = 1 [ RunTime:0.047501s ]
[ sql ] [ SQL ] SELECT `rule_val` FROM `auth_rule` WHERE  `id` IN (2) [ RunTime:0.050001s ]
[ sql ] [ SQL ] SELECT COUNT(*) AS tp_count FROM `auth_rule` WHERE  `rule_val` = 'admin/system/index' LIMIT 1 [ RunTime:0.047501s ]
[ sql ] [ SQL ] SELECT COUNT(*) AS tp_count FROM `auth_rule` WHERE  `rule_val` = 'admin/user/index' LIMIT 1 [ RunTime:0.052500s ]
[ sql ] [ SQL ] SELECT `role_id` FROM `user` WHERE  `user`.`delete_time` IS NULL  AND `id` = 1 LIMIT 1 [ RunTime:0.047501s ]
[ sql ] [ SQL ] SELECT `rule_id` FROM `auth_access` WHERE  `role_id` = 1 [ RunTime:0.047501s ]
[ sql ] [ SQL ] SELECT `rule_val` FROM `auth_rule` WHERE  `id` IN (2) [ RunTime:0.050001s ]
[ sql ] [ SQL ] SELECT COUNT(*) AS tp_count FROM `auth_rule` WHERE  `rule_val` = 'admin/role/index' LIMIT 1 [ RunTime:0.060001s ]
[ sql ] [ SQL ] SELECT COUNT(*) AS tp_count FROM `auth_rule` WHERE  `rule_val` = 'admin/authrule/index' LIMIT 1 [ RunTime:0.052500s ]
[ sql ] [ SQL ] SHOW COLUMNS FROM `log_record` [ RunTime:0.050001s ]
[ sql ] [ SQL ] SELECT `ip` FROM `log_record` [ RunTime:0.070001s ]

---------------------------------------------------------------
[ 2017-10-25T20:02:12+08:00 ] 127.0.0.1 127.0.0.1 GET /captcha?=r0.9570219201287145?=r0.18233081642782656
[ log ] www.city119.com/captcha?=r0.9570219201287145?=r0.18233081642782656 [运行时间：1.280020s][吞吐率：0.78req/s] [内存消耗：3,137.69kb] [文件加载：41]
[ info ] [ LANG ] D:\Software_Files\website\www.city119.com\thinkphp\lang\zh-cn.php
[ info ] [ ROUTE ] array (
  'type' => 'method',
  'method' => 
  array (
    0 => '\\think\\captcha\\CaptchaController',
    1 => 'index',
  ),
  'var' => 
  array (
  ),
)
[ info ] [ HEADER ] array (
  'host' => 'www.city119.com',
  'connection' => 'keep-alive',
  'user-agent' => 'Mozilla/5.0 (Windows NT 6.1; Win64; x64) AppleWebKit/537.36 (KHTML, like Gecko) Chrome/61.0.3163.79 Safari/537.36',
  'accept' => 'image/webp,image/apng,image/*,*/*;q=0.8',
  'referer' => 'http://www.city119.com/admin/login/index',
  'accept-encoding' => 'gzip, deflate',
  'accept-language' => 'zh-CN,zh;q=0.8',
  'cookie' => 'think_var=zh-cn; PHPSESSID=6u1qkgqpk3lq40fqvvv39r6177',
)
[ info ] [ PARAM ] array (
  'id' => NULL,
)
[ info ] [ RUN ] think\captcha\CaptchaController->index[ D:\Software_Files\website\www.city119.com\vendor\topthink\think-captcha\src\CaptchaController.php ]
[ info ] [ SESSION ] INIT array (
  'id' => '',
  'var_session_id' => '',
  'prefix' => 'think',
  'type' => '',
  'auto_start' => true,
)
[ info ] [ LOG ] INIT File

---------------------------------------------------------------
[ 2017-10-25T20:02:12+08:00 ] 127.0.0.1 127.0.0.1 POST /admin/login/doLogin
[ log ] www.city119.com/admin/login/doLogin [运行时间：0.870013s][吞吐率：1.15req/s] [内存消耗：3,769.50kb] [文件加载：54]
[ info ] [ LANG ] D:\Software_Files\website\www.city119.com\thinkphp\lang\zh-cn.php
[ info ] [ ROUTE ] array (
  'type' => 'module',
  'module' => 
  array (
    0 => 'admin',
    1 => 'login',
    2 => 'doLogin',
  ),
)
[ info ] [ HEADER ] array (
  'host' => 'www.city119.com',
  'connection' => 'keep-alive',
  'content-length' => '47',
  'accept' => 'application/json, text/javascript, */*; q=0.01',
  'origin' => 'http://www.city119.com',
  'x-requested-with' => 'XMLHttpRequest',
  'user-agent' => 'Mozilla/5.0 (Windows NT 6.1; Win64; x64) AppleWebKit/537.36 (KHTML, like Gecko) Chrome/61.0.3163.79 Safari/537.36',
  'content-type' => 'application/x-www-form-urlencoded; charset=UTF-8',
  'referer' => 'http://www.city119.com/admin/login/index',
  'accept-encoding' => 'gzip, deflate',
  'accept-language' => 'zh-CN,zh;q=0.8',
  'cookie' => 'think_var=zh-cn; PHPSESSID=6u1qkgqpk3lq40fqvvv39r6177',
)
[ info ] [ PARAM ] array (
  'mobile' => '13800000000',
  'password' => '123456',
  'captcha' => '3068',
)
[ info ] [ LANG ] D:\Software_Files\website\www.city119.com\public/../app/admin\lang\zh-cn.php
[ info ] [ RUN ] app\admin\controller\Login->doLogin[ D:\Software_Files\website\www.city119.com\app\admin\controller\Login.php ]
[ info ] [ SESSION ] INIT array (
  'id' => '',
  'var_session_id' => '',
  'prefix' => '',
  'type' => '',
  'auto_start' => true,
)
[ info ] [ LOG ] INIT File

---------------------------------------------------------------
[ 2017-10-25T20:02:16+08:00 ] 127.0.0.1 127.0.0.1 GET /admin/rescue/index
[ log ] www.city119.com/admin/rescue/index [运行时间：1.205019s][吞吐率：0.83req/s] [内存消耗：5,165.75kb] [文件加载：63]
[ info ] [ LANG ] D:\Software_Files\website\www.city119.com\thinkphp\lang\zh-cn.php
[ info ] [ ROUTE ] array (
  'type' => 'module',
  'module' => 
  array (
    0 => 'admin',
    1 => 'rescue',
    2 => 'index',
  ),
)
[ info ] [ HEADER ] array (
  'host' => 'www.city119.com',
  'connection' => 'keep-alive',
  'upgrade-insecure-requests' => '1',
  'user-agent' => 'Mozilla/5.0 (Windows NT 6.1; Win64; x64) AppleWebKit/537.36 (KHTML, like Gecko) Chrome/61.0.3163.79 Safari/537.36',
  'accept' => 'text/html,application/xhtml+xml,application/xml;q=0.9,image/webp,image/apng,*/*;q=0.8',
  'referer' => 'http://www.city119.com/admin/index/index',
  'accept-encoding' => 'gzip, deflate',
  'accept-language' => 'zh-CN,zh;q=0.8',
  'cookie' => 'think_var=zh-cn; PHPSESSID=6u1qkgqpk3lq40fqvvv39r6177',
)
[ info ] [ PARAM ] array (
)
[ info ] [ LANG ] D:\Software_Files\website\www.city119.com\public/../app/admin\lang\zh-cn.php
[ info ] [ SESSION ] INIT array (
  'id' => '',
  'var_session_id' => '',
  'prefix' => '',
  'type' => '',
  'auto_start' => true,
)
[ info ] [ DB ] INIT mysql
[ info ] [ RUN ] app\admin\controller\Rescue->index[ D:\Software_Files\website\www.city119.com\app\admin\controller\Rescue.php ]
[ info ] [ VIEW ] D:\Software_Files\website\www.city119.com\public/../app/admin\view\rescue\index.html [ array (
  0 => 'set_lang',
  1 => 'user',
  2 => 'menus',
) ]
[ info ] [ LOG ] INIT File
[ sql ] [ DB ] CONNECT:[ UseTime:0.072501s ] mysql:dbname=city119;host=city119.anybind.com;port=3306;charset=utf8
[ sql ] [ SQL ] SHOW COLUMNS FROM `auth_rule` [ RunTime:0.050001s ]
[ sql ] [ SQL ] SELECT COUNT(*) AS tp_count FROM `auth_rule` WHERE  `rule_val` = 'admin/index/index' LIMIT 1 [ RunTime:0.047501s ]
[ sql ] [ SQL ] SHOW COLUMNS FROM `user` [ RunTime:0.050001s ]
[ sql ] [ SQL ] SELECT `role_id` FROM `user` WHERE  `user`.`delete_time` IS NULL  AND `id` = 1 LIMIT 1 [ RunTime:0.050000s ]
[ sql ] [ SQL ] SHOW COLUMNS FROM `auth_access` [ RunTime:0.050001s ]
[ sql ] [ SQL ] SELECT `rule_id` FROM `auth_access` WHERE  `role_id` = 1 [ RunTime:0.050001s ]
[ sql ] [ SQL ] SELECT `rule_val` FROM `auth_rule` WHERE  `id` IN (2) [ RunTime:0.052501s ]
[ sql ] [ SQL ] SELECT COUNT(*) AS tp_count FROM `auth_rule` WHERE  `rule_val` = 'admin/policeman/index' LIMIT 1 [ RunTime:0.050000s ]
[ sql ] [ SQL ] SELECT COUNT(*) AS tp_count FROM `auth_rule` WHERE  `rule_val` = 'admin/rescue/index' LIMIT 1 [ RunTime:0.050000s ]
[ sql ] [ SQL ] SELECT `role_id` FROM `user` WHERE  `user`.`delete_time` IS NULL  AND `id` = 1 LIMIT 1 [ RunTime:0.050001s ]
[ sql ] [ SQL ] SELECT `rule_id` FROM `auth_access` WHERE  `role_id` = 1 [ RunTime:0.050001s ]
[ sql ] [ SQL ] SELECT `rule_val` FROM `auth_rule` WHERE  `id` IN (2) [ RunTime:0.050001s ]
[ sql ] [ SQL ] SELECT COUNT(*) AS tp_count FROM `auth_rule` WHERE  `rule_val` = 'admin/system/index' LIMIT 1 [ RunTime:0.050000s ]
[ sql ] [ SQL ] SELECT COUNT(*) AS tp_count FROM `auth_rule` WHERE  `rule_val` = 'admin/user/index' LIMIT 1 [ RunTime:0.050001s ]
[ sql ] [ SQL ] SELECT `role_id` FROM `user` WHERE  `user`.`delete_time` IS NULL  AND `id` = 1 LIMIT 1 [ RunTime:0.050001s ]
[ sql ] [ SQL ] SELECT `rule_id` FROM `auth_access` WHERE  `role_id` = 1 [ RunTime:0.050001s ]
[ sql ] [ SQL ] SELECT `rule_val` FROM `auth_rule` WHERE  `id` IN (2) [ RunTime:0.050000s ]
[ sql ] [ SQL ] SELECT COUNT(*) AS tp_count FROM `auth_rule` WHERE  `rule_val` = 'admin/role/index' LIMIT 1 [ RunTime:0.047500s ]
[ sql ] [ SQL ] SELECT COUNT(*) AS tp_count FROM `auth_rule` WHERE  `rule_val` = 'admin/authrule/index' LIMIT 1 [ RunTime:0.050001s ]

---------------------------------------------------------------
[ 2017-10-25T20:02:17+08:00 ] 127.0.0.1 127.0.0.1 GET /admin/rescue/index
[ log ] www.city119.com/admin/rescue/index [运行时间：2.085032s][吞吐率：0.48req/s] [内存消耗：5,165.75kb] [文件加载：63]
[ info ] [ LANG ] D:\Software_Files\website\www.city119.com\thinkphp\lang\zh-cn.php
[ info ] [ ROUTE ] array (
  'type' => 'module',
  'module' => 
  array (
    0 => 'admin',
    1 => 'rescue',
    2 => 'index',
  ),
)
[ info ] [ HEADER ] array (
  'host' => 'www.city119.com',
  'connection' => 'keep-alive',
  'upgrade-insecure-requests' => '1',
  'user-agent' => 'Mozilla/5.0 (Windows NT 6.1; Win64; x64) AppleWebKit/537.36 (KHTML, like Gecko) Chrome/61.0.3163.79 Safari/537.36',
  'accept' => 'text/html,application/xhtml+xml,application/xml;q=0.9,image/webp,image/apng,*/*;q=0.8',
  'referer' => 'http://www.city119.com/admin/index/index',
  'accept-encoding' => 'gzip, deflate',
  'accept-language' => 'zh-CN,zh;q=0.8',
  'cookie' => 'think_var=zh-cn; PHPSESSID=6u1qkgqpk3lq40fqvvv39r6177',
)
[ info ] [ PARAM ] array (
)
[ info ] [ LANG ] D:\Software_Files\website\www.city119.com\public/../app/admin\lang\zh-cn.php
[ info ] [ SESSION ] INIT array (
  'id' => '',
  'var_session_id' => '',
  'prefix' => '',
  'type' => '',
  'auto_start' => true,
)
[ info ] [ DB ] INIT mysql
[ info ] [ RUN ] app\admin\controller\Rescue->index[ D:\Software_Files\website\www.city119.com\app\admin\controller\Rescue.php ]
[ info ] [ VIEW ] D:\Software_Files\website\www.city119.com\public/../app/admin\view\rescue\index.html [ array (
  0 => 'set_lang',
  1 => 'user',
  2 => 'menus',
) ]
[ info ] [ LOG ] INIT File
[ sql ] [ DB ] CONNECT:[ UseTime:0.072501s ] mysql:dbname=city119;host=city119.anybind.com;port=3306;charset=utf8
[ sql ] [ SQL ] SHOW COLUMNS FROM `auth_rule` [ RunTime:0.047501s ]
[ sql ] [ SQL ] SELECT COUNT(*) AS tp_count FROM `auth_rule` WHERE  `rule_val` = 'admin/index/index' LIMIT 1 [ RunTime:0.047501s ]
[ sql ] [ SQL ] SHOW COLUMNS FROM `user` [ RunTime:0.047500s ]
[ sql ] [ SQL ] SELECT `role_id` FROM `user` WHERE  `user`.`delete_time` IS NULL  AND `id` = 1 LIMIT 1 [ RunTime:0.047501s ]
[ sql ] [ SQL ] SHOW COLUMNS FROM `auth_access` [ RunTime:0.047501s ]
[ sql ] [ SQL ] SELECT `rule_id` FROM `auth_access` WHERE  `role_id` = 1 [ RunTime:0.055001s ]
[ sql ] [ SQL ] SELECT `rule_val` FROM `auth_rule` WHERE  `id` IN (2) [ RunTime:0.050001s ]
[ sql ] [ SQL ] SELECT COUNT(*) AS tp_count FROM `auth_rule` WHERE  `rule_val` = 'admin/policeman/index' LIMIT 1 [ RunTime:0.052500s ]
[ sql ] [ SQL ] SELECT COUNT(*) AS tp_count FROM `auth_rule` WHERE  `rule_val` = 'admin/rescue/index' LIMIT 1 [ RunTime:0.057501s ]
[ sql ] [ SQL ] SELECT `role_id` FROM `user` WHERE  `user`.`delete_time` IS NULL  AND `id` = 1 LIMIT 1 [ RunTime:0.050001s ]
[ sql ] [ SQL ] SELECT `rule_id` FROM `auth_access` WHERE  `role_id` = 1 [ RunTime:0.047501s ]
[ sql ] [ SQL ] SELECT `rule_val` FROM `auth_rule` WHERE  `id` IN (2) [ RunTime:0.050001s ]
[ sql ] [ SQL ] SELECT COUNT(*) AS tp_count FROM `auth_rule` WHERE  `rule_val` = 'admin/system/index' LIMIT 1 [ RunTime:0.047500s ]
[ sql ] [ SQL ] SELECT COUNT(*) AS tp_count FROM `auth_rule` WHERE  `rule_val` = 'admin/user/index' LIMIT 1 [ RunTime:0.050001s ]
[ sql ] [ SQL ] SELECT `role_id` FROM `user` WHERE  `user`.`delete_time` IS NULL  AND `id` = 1 LIMIT 1 [ RunTime:0.050001s ]
[ sql ] [ SQL ] SELECT `rule_id` FROM `auth_access` WHERE  `role_id` = 1 [ RunTime:0.050001s ]
[ sql ] [ SQL ] SELECT `rule_val` FROM `auth_rule` WHERE  `id` IN (2) [ RunTime:0.050000s ]
[ sql ] [ SQL ] SELECT COUNT(*) AS tp_count FROM `auth_rule` WHERE  `rule_val` = 'admin/role/index' LIMIT 1 [ RunTime:0.047501s ]
[ sql ] [ SQL ] SELECT COUNT(*) AS tp_count FROM `auth_rule` WHERE  `rule_val` = 'admin/authrule/index' LIMIT 1 [ RunTime:0.047501s ]

---------------------------------------------------------------
[ 2017-10-25T20:02:19+08:00 ] 127.0.0.1 127.0.0.1 GET /admin/rescue/getlist?offset=0&limit=10
[ log ] www.city119.com/admin/rescue/getlist?offset=0&limit=10 [运行时间：1.317520s][吞吐率：0.76req/s] [内存消耗：5,186.18kb] [文件加载：63]
[ info ] [ LANG ] D:\Software_Files\website\www.city119.com\thinkphp\lang\zh-cn.php
[ info ] [ ROUTE ] array (
  'type' => 'module',
  'module' => 
  array (
    0 => 'admin',
    1 => 'rescue',
    2 => 'getlist',
  ),
)
[ info ] [ HEADER ] array (
  'host' => 'www.city119.com',
  'connection' => 'keep-alive',
  'accept' => 'application/json, text/javascript, */*; q=0.01',
  'x-requested-with' => 'XMLHttpRequest',
  'user-agent' => 'Mozilla/5.0 (Windows NT 6.1; Win64; x64) AppleWebKit/537.36 (KHTML, like Gecko) Chrome/61.0.3163.79 Safari/537.36',
  'content-type' => 'application/json',
  'referer' => 'http://www.city119.com/admin/rescue/index',
  'accept-encoding' => 'gzip, deflate',
  'accept-language' => 'zh-CN,zh;q=0.8',
  'cookie' => 'think_var=zh-cn; PHPSESSID=6u1qkgqpk3lq40fqvvv39r6177',
)
[ info ] [ PARAM ] array (
  'offset' => '0',
  'limit' => '10',
)
[ info ] [ LANG ] D:\Software_Files\website\www.city119.com\public/../app/admin\lang\zh-cn.php
[ info ] [ SESSION ] INIT array (
  'id' => '',
  'var_session_id' => '',
  'prefix' => '',
  'type' => '',
  'auto_start' => true,
)
[ info ] [ DB ] INIT mysql
[ info ] [ RUN ] app\admin\controller\Rescue->getList[ D:\Software_Files\website\www.city119.com\app\admin\controller\Rescue.php ]
[ info ] [ LOG ] INIT File
[ sql ] [ DB ] CONNECT:[ UseTime:0.075001s ] mysql:dbname=city119;host=city119.anybind.com;port=3306;charset=utf8
[ sql ] [ SQL ] SHOW COLUMNS FROM `auth_rule` [ RunTime:0.047501s ]
[ sql ] [ SQL ] SELECT COUNT(*) AS tp_count FROM `auth_rule` WHERE  `rule_val` = 'admin/index/index' LIMIT 1 [ RunTime:0.050001s ]
[ sql ] [ SQL ] SHOW COLUMNS FROM `user` [ RunTime:0.052501s ]
[ sql ] [ SQL ] SELECT `role_id` FROM `user` WHERE  `user`.`delete_time` IS NULL  AND `id` = 1 LIMIT 1 [ RunTime:0.052500s ]
[ sql ] [ SQL ] SHOW COLUMNS FROM `auth_access` [ RunTime:0.050001s ]
[ sql ] [ SQL ] SELECT `rule_id` FROM `auth_access` WHERE  `role_id` = 1 [ RunTime:0.050001s ]
[ sql ] [ SQL ] SELECT `rule_val` FROM `auth_rule` WHERE  `id` IN (2) [ RunTime:0.047501s ]
[ sql ] [ SQL ] SELECT COUNT(*) AS tp_count FROM `auth_rule` WHERE  `rule_val` = 'admin/policeman/index' LIMIT 1 [ RunTime:0.050001s ]
[ sql ] [ SQL ] SELECT COUNT(*) AS tp_count FROM `auth_rule` WHERE  `rule_val` = 'admin/rescue/index' LIMIT 1 [ RunTime:0.050000s ]
[ sql ] [ SQL ] SELECT `role_id` FROM `user` WHERE  `user`.`delete_time` IS NULL  AND `id` = 1 LIMIT 1 [ RunTime:0.050001s ]
[ sql ] [ SQL ] SELECT `rule_id` FROM `auth_access` WHERE  `role_id` = 1 [ RunTime:0.050001s ]
[ sql ] [ SQL ] SELECT `rule_val` FROM `auth_rule` WHERE  `id` IN (2) [ RunTime:0.050001s ]
[ sql ] [ SQL ] SELECT COUNT(*) AS tp_count FROM `auth_rule` WHERE  `rule_val` = 'admin/system/index' LIMIT 1 [ RunTime:0.047500s ]
[ sql ] [ SQL ] SELECT COUNT(*) AS tp_count FROM `auth_rule` WHERE  `rule_val` = 'admin/user/index' LIMIT 1 [ RunTime:0.052501s ]
[ sql ] [ SQL ] SELECT `role_id` FROM `user` WHERE  `user`.`delete_time` IS NULL  AND `id` = 1 LIMIT 1 [ RunTime:0.057501s ]
[ sql ] [ SQL ] SELECT `rule_id` FROM `auth_access` WHERE  `role_id` = 1 [ RunTime:0.060001s ]
[ sql ] [ SQL ] SELECT `rule_val` FROM `auth_rule` WHERE  `id` IN (2) [ RunTime:0.047501s ]
[ sql ] [ SQL ] SELECT COUNT(*) AS tp_count FROM `auth_rule` WHERE  `rule_val` = 'admin/role/index' LIMIT 1 [ RunTime:0.050001s ]
[ sql ] [ SQL ] SELECT COUNT(*) AS tp_count FROM `auth_rule` WHERE  `rule_val` = 'admin/authrule/index' LIMIT 1 [ RunTime:0.052500s ]
[ sql ] [ SQL ] SHOW COLUMNS FROM `rescue_info` [ RunTime:0.050001s ]
[ sql ] [ SQL ] SELECT COUNT(*) AS tp_count FROM `rescue_info` WHERE  `rescue_info`.`delete_time` IS NULL LIMIT 1 [ RunTime:0.052500s ]
[ sql ] [ SQL ] SELECT * FROM `rescue_info` WHERE  `rescue_info`.`delete_time` IS NULL ORDER BY  status asc,create_time asc LIMIT 0,10 [ RunTime:0.052501s ]

---------------------------------------------------------------
[ 2017-10-25T20:02:20+08:00 ] 127.0.0.1 127.0.0.1 GET /admin/rescue/index
[ log ] www.city119.com/admin/rescue/index [运行时间：2.497539s][吞吐率：0.40req/s] [内存消耗：5,165.75kb] [文件加载：63]
[ info ] [ LANG ] D:\Software_Files\website\www.city119.com\thinkphp\lang\zh-cn.php
[ info ] [ ROUTE ] array (
  'type' => 'module',
  'module' => 
  array (
    0 => 'admin',
    1 => 'rescue',
    2 => 'index',
  ),
)
[ info ] [ HEADER ] array (
  'host' => 'www.city119.com',
  'connection' => 'keep-alive',
  'upgrade-insecure-requests' => '1',
  'user-agent' => 'Mozilla/5.0 (Windows NT 6.1; Win64; x64) AppleWebKit/537.36 (KHTML, like Gecko) Chrome/61.0.3163.79 Safari/537.36',
  'accept' => 'text/html,application/xhtml+xml,application/xml;q=0.9,image/webp,image/apng,*/*;q=0.8',
  'referer' => 'http://www.city119.com/admin/rescue/index',
  'accept-encoding' => 'gzip, deflate',
  'accept-language' => 'zh-CN,zh;q=0.8',
  'cookie' => 'think_var=zh-cn; PHPSESSID=6u1qkgqpk3lq40fqvvv39r6177',
)
[ info ] [ PARAM ] array (
)
[ info ] [ LANG ] D:\Software_Files\website\www.city119.com\public/../app/admin\lang\zh-cn.php
[ info ] [ SESSION ] INIT array (
  'id' => '',
  'var_session_id' => '',
  'prefix' => '',
  'type' => '',
  'auto_start' => true,
)
[ info ] [ DB ] INIT mysql
[ info ] [ RUN ] app\admin\controller\Rescue->index[ D:\Software_Files\website\www.city119.com\app\admin\controller\Rescue.php ]
[ info ] [ VIEW ] D:\Software_Files\website\www.city119.com\public/../app/admin\view\rescue\index.html [ array (
  0 => 'set_lang',
  1 => 'user',
  2 => 'menus',
) ]
[ info ] [ LOG ] INIT File
[ sql ] [ DB ] CONNECT:[ UseTime:0.080001s ] mysql:dbname=city119;host=city119.anybind.com;port=3306;charset=utf8
[ sql ] [ SQL ] SHOW COLUMNS FROM `auth_rule` [ RunTime:0.052501s ]
[ sql ] [ SQL ] SELECT COUNT(*) AS tp_count FROM `auth_rule` WHERE  `rule_val` = 'admin/index/index' LIMIT 1 [ RunTime:0.055001s ]
[ sql ] [ SQL ] SHOW COLUMNS FROM `user` [ RunTime:0.057501s ]
[ sql ] [ SQL ] SELECT `role_id` FROM `user` WHERE  `user`.`delete_time` IS NULL  AND `id` = 1 LIMIT 1 [ RunTime:0.052500s ]
[ sql ] [ SQL ] SHOW COLUMNS FROM `auth_access` [ RunTime:0.052500s ]
[ sql ] [ SQL ] SELECT `rule_id` FROM `auth_access` WHERE  `role_id` = 1 [ RunTime:0.052501s ]
[ sql ] [ SQL ] SELECT `rule_val` FROM `auth_rule` WHERE  `id` IN (2) [ RunTime:0.055001s ]
[ sql ] [ SQL ] SELECT COUNT(*) AS tp_count FROM `auth_rule` WHERE  `rule_val` = 'admin/policeman/index' LIMIT 1 [ RunTime:0.052501s ]
[ sql ] [ SQL ] SELECT COUNT(*) AS tp_count FROM `auth_rule` WHERE  `rule_val` = 'admin/rescue/index' LIMIT 1 [ RunTime:0.060001s ]
[ sql ] [ SQL ] SELECT `role_id` FROM `user` WHERE  `user`.`delete_time` IS NULL  AND `id` = 1 LIMIT 1 [ RunTime:0.052501s ]
[ sql ] [ SQL ] SELECT `rule_id` FROM `auth_access` WHERE  `role_id` = 1 [ RunTime:0.052500s ]
[ sql ] [ SQL ] SELECT `rule_val` FROM `auth_rule` WHERE  `id` IN (2) [ RunTime:0.055001s ]
[ sql ] [ SQL ] SELECT COUNT(*) AS tp_count FROM `auth_rule` WHERE  `rule_val` = 'admin/system/index' LIMIT 1 [ RunTime:0.065001s ]
[ sql ] [ SQL ] SELECT COUNT(*) AS tp_count FROM `auth_rule` WHERE  `rule_val` = 'admin/user/index' LIMIT 1 [ RunTime:0.055001s ]
[ sql ] [ SQL ] SELECT `role_id` FROM `user` WHERE  `user`.`delete_time` IS NULL  AND `id` = 1 LIMIT 1 [ RunTime:0.055001s ]
[ sql ] [ SQL ] SELECT `rule_id` FROM `auth_access` WHERE  `role_id` = 1 [ RunTime:0.055001s ]
[ sql ] [ SQL ] SELECT `rule_val` FROM `auth_rule` WHERE  `id` IN (2) [ RunTime:0.052501s ]
[ sql ] [ SQL ] SELECT COUNT(*) AS tp_count FROM `auth_rule` WHERE  `rule_val` = 'admin/role/index' LIMIT 1 [ RunTime:0.055001s ]
[ sql ] [ SQL ] SELECT COUNT(*) AS tp_count FROM `auth_rule` WHERE  `rule_val` = 'admin/authrule/index' LIMIT 1 [ RunTime:0.055000s ]

---------------------------------------------------------------
[ 2017-10-25T20:02:22+08:00 ] 127.0.0.1 127.0.0.1 GET /admin/rescue/getlist?offset=0&limit=10
[ log ] www.city119.com/admin/rescue/getlist?offset=0&limit=10 [运行时间：1.382521s][吞吐率：0.72req/s] [内存消耗：5,186.18kb] [文件加载：63]
[ info ] [ LANG ] D:\Software_Files\website\www.city119.com\thinkphp\lang\zh-cn.php
[ info ] [ ROUTE ] array (
  'type' => 'module',
  'module' => 
  array (
    0 => 'admin',
    1 => 'rescue',
    2 => 'getlist',
  ),
)
[ info ] [ HEADER ] array (
  'host' => 'www.city119.com',
  'connection' => 'keep-alive',
  'accept' => 'application/json, text/javascript, */*; q=0.01',
  'x-requested-with' => 'XMLHttpRequest',
  'user-agent' => 'Mozilla/5.0 (Windows NT 6.1; Win64; x64) AppleWebKit/537.36 (KHTML, like Gecko) Chrome/61.0.3163.79 Safari/537.36',
  'content-type' => 'application/json',
  'referer' => 'http://www.city119.com/admin/rescue/index',
  'accept-encoding' => 'gzip, deflate',
  'accept-language' => 'zh-CN,zh;q=0.8',
  'cookie' => 'think_var=zh-cn; PHPSESSID=6u1qkgqpk3lq40fqvvv39r6177',
)
[ info ] [ PARAM ] array (
  'offset' => '0',
  'limit' => '10',
)
[ info ] [ LANG ] D:\Software_Files\website\www.city119.com\public/../app/admin\lang\zh-cn.php
[ info ] [ SESSION ] INIT array (
  'id' => '',
  'var_session_id' => '',
  'prefix' => '',
  'type' => '',
  'auto_start' => true,
)
[ info ] [ DB ] INIT mysql
[ info ] [ RUN ] app\admin\controller\Rescue->getList[ D:\Software_Files\website\www.city119.com\app\admin\controller\Rescue.php ]
[ info ] [ LOG ] INIT File
[ sql ] [ DB ] CONNECT:[ UseTime:0.082501s ] mysql:dbname=city119;host=city119.anybind.com;port=3306;charset=utf8
[ sql ] [ SQL ] SHOW COLUMNS FROM `auth_rule` [ RunTime:0.075001s ]
[ sql ] [ SQL ] SELECT COUNT(*) AS tp_count FROM `auth_rule` WHERE  `rule_val` = 'admin/index/index' LIMIT 1 [ RunTime:0.052501s ]
[ sql ] [ SQL ] SHOW COLUMNS FROM `user` [ RunTime:0.052501s ]
[ sql ] [ SQL ] SELECT `role_id` FROM `user` WHERE  `user`.`delete_time` IS NULL  AND `id` = 1 LIMIT 1 [ RunTime:0.052501s ]
[ sql ] [ SQL ] SHOW COLUMNS FROM `auth_access` [ RunTime:0.052501s ]
[ sql ] [ SQL ] SELECT `rule_id` FROM `auth_access` WHERE  `role_id` = 1 [ RunTime:0.052500s ]
[ sql ] [ SQL ] SELECT `rule_val` FROM `auth_rule` WHERE  `id` IN (2) [ RunTime:0.052501s ]
[ sql ] [ SQL ] SELECT COUNT(*) AS tp_count FROM `auth_rule` WHERE  `rule_val` = 'admin/policeman/index' LIMIT 1 [ RunTime:0.052501s ]
[ sql ] [ SQL ] SELECT COUNT(*) AS tp_count FROM `auth_rule` WHERE  `rule_val` = 'admin/rescue/index' LIMIT 1 [ RunTime:0.055001s ]
[ sql ] [ SQL ] SELECT `role_id` FROM `user` WHERE  `user`.`delete_time` IS NULL  AND `id` = 1 LIMIT 1 [ RunTime:0.052501s ]
[ sql ] [ SQL ] SELECT `rule_id` FROM `auth_access` WHERE  `role_id` = 1 [ RunTime:0.055001s ]
[ sql ] [ SQL ] SELECT `rule_val` FROM `auth_rule` WHERE  `id` IN (2) [ RunTime:0.052500s ]
[ sql ] [ SQL ] SELECT COUNT(*) AS tp_count FROM `auth_rule` WHERE  `rule_val` = 'admin/system/index' LIMIT 1 [ RunTime:0.052501s ]
[ sql ] [ SQL ] SELECT COUNT(*) AS tp_count FROM `auth_rule` WHERE  `rule_val` = 'admin/user/index' LIMIT 1 [ RunTime:0.052501s ]
[ sql ] [ SQL ] SELECT `role_id` FROM `user` WHERE  `user`.`delete_time` IS NULL  AND `id` = 1 LIMIT 1 [ RunTime:0.055001s ]
[ sql ] [ SQL ] SELECT `rule_id` FROM `auth_access` WHERE  `role_id` = 1 [ RunTime:0.052501s ]
[ sql ] [ SQL ] SELECT `rule_val` FROM `auth_rule` WHERE  `id` IN (2) [ RunTime:0.052501s ]
[ sql ] [ SQL ] SELECT COUNT(*) AS tp_count FROM `auth_rule` WHERE  `rule_val` = 'admin/role/index' LIMIT 1 [ RunTime:0.055000s ]
[ sql ] [ SQL ] SELECT COUNT(*) AS tp_count FROM `auth_rule` WHERE  `rule_val` = 'admin/authrule/index' LIMIT 1 [ RunTime:0.052501s ]
[ sql ] [ SQL ] SHOW COLUMNS FROM `rescue_info` [ RunTime:0.055001s ]
[ sql ] [ SQL ] SELECT COUNT(*) AS tp_count FROM `rescue_info` WHERE  `rescue_info`.`delete_time` IS NULL LIMIT 1 [ RunTime:0.065001s ]
[ sql ] [ SQL ] SELECT * FROM `rescue_info` WHERE  `rescue_info`.`delete_time` IS NULL ORDER BY  status asc,create_time asc LIMIT 0,10 [ RunTime:0.052501s ]

---------------------------------------------------------------
[ 2017-10-25T20:02:26+08:00 ] 127.0.0.1 127.0.0.1 GET /admin/rescue/getlist?offset=0&limit=10&province=330000&city=330100&area=330102
[ log ] www.city119.com/admin/rescue/getlist?offset=0&limit=10&province=330000&city=330100&area=330102 [运行时间：1.332520s][吞吐率：0.75req/s] [内存消耗：5,172.82kb] [文件加载：63]
[ info ] [ LANG ] D:\Software_Files\website\www.city119.com\thinkphp\lang\zh-cn.php
[ info ] [ ROUTE ] array (
  'type' => 'module',
  'module' => 
  array (
    0 => 'admin',
    1 => 'rescue',
    2 => 'getlist',
  ),
)
[ info ] [ HEADER ] array (
  'host' => 'www.city119.com',
  'connection' => 'keep-alive',
  'accept' => 'application/json, text/javascript, */*; q=0.01',
  'x-requested-with' => 'XMLHttpRequest',
  'user-agent' => 'Mozilla/5.0 (Windows NT 6.1; Win64; x64) AppleWebKit/537.36 (KHTML, like Gecko) Chrome/61.0.3163.79 Safari/537.36',
  'content-type' => 'application/json',
  'referer' => 'http://www.city119.com/admin/rescue/index',
  'accept-encoding' => 'gzip, deflate',
  'accept-language' => 'zh-CN,zh;q=0.8',
  'cookie' => 'think_var=zh-cn; PHPSESSID=6u1qkgqpk3lq40fqvvv39r6177',
)
[ info ] [ PARAM ] array (
  'offset' => '0',
  'limit' => '10',
  'province' => '330000',
  'city' => '330100',
  'area' => '330102',
)
[ info ] [ LANG ] D:\Software_Files\website\www.city119.com\public/../app/admin\lang\zh-cn.php
[ info ] [ SESSION ] INIT array (
  'id' => '',
  'var_session_id' => '',
  'prefix' => '',
  'type' => '',
  'auto_start' => true,
)
[ info ] [ DB ] INIT mysql
[ info ] [ RUN ] app\admin\controller\Rescue->getList[ D:\Software_Files\website\www.city119.com\app\admin\controller\Rescue.php ]
[ info ] [ LOG ] INIT File
[ sql ] [ DB ] CONNECT:[ UseTime:0.080001s ] mysql:dbname=city119;host=city119.anybind.com;port=3306;charset=utf8
[ sql ] [ SQL ] SHOW COLUMNS FROM `auth_rule` [ RunTime:0.052501s ]
[ sql ] [ SQL ] SELECT COUNT(*) AS tp_count FROM `auth_rule` WHERE  `rule_val` = 'admin/index/index' LIMIT 1 [ RunTime:0.050000s ]
[ sql ] [ SQL ] SHOW COLUMNS FROM `user` [ RunTime:0.055001s ]
[ sql ] [ SQL ] SELECT `role_id` FROM `user` WHERE  `user`.`delete_time` IS NULL  AND `id` = 1 LIMIT 1 [ RunTime:0.052501s ]
[ sql ] [ SQL ] SHOW COLUMNS FROM `auth_access` [ RunTime:0.052501s ]
[ sql ] [ SQL ] SELECT `rule_id` FROM `auth_access` WHERE  `role_id` = 1 [ RunTime:0.052501s ]
[ sql ] [ SQL ] SELECT `rule_val` FROM `auth_rule` WHERE  `id` IN (2) [ RunTime:0.052501s ]
[ sql ] [ SQL ] SELECT COUNT(*) AS tp_count FROM `auth_rule` WHERE  `rule_val` = 'admin/policeman/index' LIMIT 1 [ RunTime:0.052500s ]
[ sql ] [ SQL ] SELECT COUNT(*) AS tp_count FROM `auth_rule` WHERE  `rule_val` = 'admin/rescue/index' LIMIT 1 [ RunTime:0.050001s ]
[ sql ] [ SQL ] SELECT `role_id` FROM `user` WHERE  `user`.`delete_time` IS NULL  AND `id` = 1 LIMIT 1 [ RunTime:0.052501s ]
[ sql ] [ SQL ] SELECT `rule_id` FROM `auth_access` WHERE  `role_id` = 1 [ RunTime:0.052501s ]
[ sql ] [ SQL ] SELECT `rule_val` FROM `auth_rule` WHERE  `id` IN (2) [ RunTime:0.060001s ]
[ sql ] [ SQL ] SELECT COUNT(*) AS tp_count FROM `auth_rule` WHERE  `rule_val` = 'admin/system/index' LIMIT 1 [ RunTime:0.052500s ]
[ sql ] [ SQL ] SELECT COUNT(*) AS tp_count FROM `auth_rule` WHERE  `rule_val` = 'admin/user/index' LIMIT 1 [ RunTime:0.052501s ]
[ sql ] [ SQL ] SELECT `role_id` FROM `user` WHERE  `user`.`delete_time` IS NULL  AND `id` = 1 LIMIT 1 [ RunTime:0.052501s ]
[ sql ] [ SQL ] SELECT `rule_id` FROM `auth_access` WHERE  `role_id` = 1 [ RunTime:0.055001s ]
[ sql ] [ SQL ] SELECT `rule_val` FROM `auth_rule` WHERE  `id` IN (2) [ RunTime:0.067501s ]
[ sql ] [ SQL ] SELECT COUNT(*) AS tp_count FROM `auth_rule` WHERE  `rule_val` = 'admin/role/index' LIMIT 1 [ RunTime:0.052501s ]
[ sql ] [ SQL ] SELECT COUNT(*) AS tp_count FROM `auth_rule` WHERE  `rule_val` = 'admin/authrule/index' LIMIT 1 [ RunTime:0.055001s ]
[ sql ] [ SQL ] SHOW COLUMNS FROM `rescue_info` [ RunTime:0.052500s ]
[ sql ] [ SQL ] SELECT COUNT(*) AS tp_count FROM `rescue_info` WHERE  `rescue_info`.`delete_time` IS NULL  AND `province` = 330000  AND `city` = 330100  AND `area` = 330102 LIMIT 1 [ RunTime:0.052500s ]
[ sql ] [ SQL ] SELECT * FROM `rescue_info` WHERE  `rescue_info`.`delete_time` IS NULL  AND `province` = 330000  AND `city` = 330100  AND `area` = 330102 ORDER BY  status asc,create_time asc LIMIT 0,10 [ RunTime:0.057501s ]

---------------------------------------------------------------
[ 2017-10-25T20:02:37+08:00 ] 127.0.0.1 127.0.0.1 GET /admin/rescue/getlist?offset=0&limit=10
[ log ] www.city119.com/admin/rescue/getlist?offset=0&limit=10 [运行时间：1.377521s][吞吐率：0.73req/s] [内存消耗：5,186.18kb] [文件加载：63]
[ info ] [ LANG ] D:\Software_Files\website\www.city119.com\thinkphp\lang\zh-cn.php
[ info ] [ ROUTE ] array (
  'type' => 'module',
  'module' => 
  array (
    0 => 'admin',
    1 => 'rescue',
    2 => 'getlist',
  ),
)
[ info ] [ HEADER ] array (
  'host' => 'www.city119.com',
  'connection' => 'keep-alive',
  'accept' => 'application/json, text/javascript, */*; q=0.01',
  'x-requested-with' => 'XMLHttpRequest',
  'user-agent' => 'Mozilla/5.0 (Windows NT 6.1; Win64; x64) AppleWebKit/537.36 (KHTML, like Gecko) Chrome/61.0.3163.79 Safari/537.36',
  'content-type' => 'application/json',
  'referer' => 'http://www.city119.com/admin/rescue/index',
  'accept-encoding' => 'gzip, deflate',
  'accept-language' => 'zh-CN,zh;q=0.8',
  'cookie' => 'think_var=zh-cn; PHPSESSID=6u1qkgqpk3lq40fqvvv39r6177',
)
[ info ] [ PARAM ] array (
  'offset' => '0',
  'limit' => '10',
)
[ info ] [ LANG ] D:\Software_Files\website\www.city119.com\public/../app/admin\lang\zh-cn.php
[ info ] [ SESSION ] INIT array (
  'id' => '',
  'var_session_id' => '',
  'prefix' => '',
  'type' => '',
  'auto_start' => true,
)
[ info ] [ DB ] INIT mysql
[ info ] [ RUN ] app\admin\controller\Rescue->getList[ D:\Software_Files\website\www.city119.com\app\admin\controller\Rescue.php ]
[ info ] [ LOG ] INIT File
[ sql ] [ DB ] CONNECT:[ UseTime:0.077501s ] mysql:dbname=city119;host=city119.anybind.com;port=3306;charset=utf8
[ sql ] [ SQL ] SHOW COLUMNS FROM `auth_rule` [ RunTime:0.052501s ]
[ sql ] [ SQL ] SELECT COUNT(*) AS tp_count FROM `auth_rule` WHERE  `rule_val` = 'admin/index/index' LIMIT 1 [ RunTime:0.075001s ]
[ sql ] [ SQL ] SHOW COLUMNS FROM `user` [ RunTime:0.055001s ]
[ sql ] [ SQL ] SELECT `role_id` FROM `user` WHERE  `user`.`delete_time` IS NULL  AND `id` = 1 LIMIT 1 [ RunTime:0.052500s ]
[ sql ] [ SQL ] SHOW COLUMNS FROM `auth_access` [ RunTime:0.052501s ]
[ sql ] [ SQL ] SELECT `rule_id` FROM `auth_access` WHERE  `role_id` = 1 [ RunTime:0.062501s ]
[ sql ] [ SQL ] SELECT `rule_val` FROM `auth_rule` WHERE  `id` IN (2) [ RunTime:0.057501s ]
[ sql ] [ SQL ] SELECT COUNT(*) AS tp_count FROM `auth_rule` WHERE  `rule_val` = 'admin/policeman/index' LIMIT 1 [ RunTime:0.050001s ]
[ sql ] [ SQL ] SELECT COUNT(*) AS tp_count FROM `auth_rule` WHERE  `rule_val` = 'admin/rescue/index' LIMIT 1 [ RunTime:0.052501s ]
[ sql ] [ SQL ] SELECT `role_id` FROM `user` WHERE  `user`.`delete_time` IS NULL  AND `id` = 1 LIMIT 1 [ RunTime:0.052501s ]
[ sql ] [ SQL ] SELECT `rule_id` FROM `auth_access` WHERE  `role_id` = 1 [ RunTime:0.052501s ]
[ sql ] [ SQL ] SELECT `rule_val` FROM `auth_rule` WHERE  `id` IN (2) [ RunTime:0.052500s ]
[ sql ] [ SQL ] SELECT COUNT(*) AS tp_count FROM `auth_rule` WHERE  `rule_val` = 'admin/system/index' LIMIT 1 [ RunTime:0.052501s ]
[ sql ] [ SQL ] SELECT COUNT(*) AS tp_count FROM `auth_rule` WHERE  `rule_val` = 'admin/user/index' LIMIT 1 [ RunTime:0.052501s ]
[ sql ] [ SQL ] SELECT `role_id` FROM `user` WHERE  `user`.`delete_time` IS NULL  AND `id` = 1 LIMIT 1 [ RunTime:0.055001s ]
[ sql ] [ SQL ] SELECT `rule_id` FROM `auth_access` WHERE  `role_id` = 1 [ RunTime:0.055001s ]
[ sql ] [ SQL ] SELECT `rule_val` FROM `auth_rule` WHERE  `id` IN (2) [ RunTime:0.052501s ]
[ sql ] [ SQL ] SELECT COUNT(*) AS tp_count FROM `auth_rule` WHERE  `rule_val` = 'admin/role/index' LIMIT 1 [ RunTime:0.055000s ]
[ sql ] [ SQL ] SELECT COUNT(*) AS tp_count FROM `auth_rule` WHERE  `rule_val` = 'admin/authrule/index' LIMIT 1 [ RunTime:0.052501s ]
[ sql ] [ SQL ] SHOW COLUMNS FROM `rescue_info` [ RunTime:0.055001s ]
[ sql ] [ SQL ] SELECT COUNT(*) AS tp_count FROM `rescue_info` WHERE  `rescue_info`.`delete_time` IS NULL LIMIT 1 [ RunTime:0.050001s ]
[ sql ] [ SQL ] SELECT * FROM `rescue_info` WHERE  `rescue_info`.`delete_time` IS NULL ORDER BY  status asc,create_time asc LIMIT 0,10 [ RunTime:0.057501s ]

---------------------------------------------------------------
[ 2017-10-25T20:03:45+08:00 ] 127.0.0.1 127.0.0.1 GET /admin/rescue/detail/id/13
[ log ] www.city119.com/admin/rescue/detail/id/13 [运行时间：1.305020s][吞吐率：0.77req/s] [内存消耗：5,280.64kb] [文件加载：64]
[ info ] [ LANG ] D:\Software_Files\website\www.city119.com\thinkphp\lang\zh-cn.php
[ info ] [ ROUTE ] array (
  'type' => 'module',
  'module' => 
  array (
    0 => 'admin',
    1 => 'rescue',
    2 => 'detail',
  ),
)
[ info ] [ HEADER ] array (
  'host' => 'www.city119.com',
  'connection' => 'keep-alive',
  'upgrade-insecure-requests' => '1',
  'user-agent' => 'Mozilla/5.0 (Windows NT 6.1; Win64; x64) AppleWebKit/537.36 (KHTML, like Gecko) Chrome/61.0.3163.79 Safari/537.36',
  'accept' => 'text/html,application/xhtml+xml,application/xml;q=0.9,image/webp,image/apng,*/*;q=0.8',
  'referer' => 'http://www.city119.com/admin/rescue/index',
  'accept-encoding' => 'gzip, deflate',
  'accept-language' => 'zh-CN,zh;q=0.8',
  'cookie' => 'think_var=zh-cn; PHPSESSID=6u1qkgqpk3lq40fqvvv39r6177',
)
[ info ] [ PARAM ] array (
  'id' => '13',
)
[ info ] [ LANG ] D:\Software_Files\website\www.city119.com\public/../app/admin\lang\zh-cn.php
[ info ] [ SESSION ] INIT array (
  'id' => '',
  'var_session_id' => '',
  'prefix' => '',
  'type' => '',
  'auto_start' => true,
)
[ info ] [ DB ] INIT mysql
[ info ] [ RUN ] app\admin\controller\Rescue->detail[ D:\Software_Files\website\www.city119.com\app\admin\controller\Rescue.php ]
[ info ] [ VIEW ] D:\Software_Files\website\www.city119.com\public/../app/admin\view\rescue\detail.html [ array (
  0 => 'set_lang',
  1 => 'user',
  2 => 'menus',
  3 => 'rescue_type',
  4 => 'data',
) ]
[ info ] [ LOG ] INIT File
[ sql ] [ DB ] CONNECT:[ UseTime:0.095002s ] mysql:dbname=city119;host=city119.anybind.com;port=3306;charset=utf8
[ sql ] [ SQL ] SHOW COLUMNS FROM `auth_rule` [ RunTime:0.047500s ]
[ sql ] [ SQL ] SELECT COUNT(*) AS tp_count FROM `auth_rule` WHERE  `rule_val` = 'admin/index/index' LIMIT 1 [ RunTime:0.050001s ]
[ sql ] [ SQL ] SHOW COLUMNS FROM `user` [ RunTime:0.050001s ]
[ sql ] [ SQL ] SELECT `role_id` FROM `user` WHERE  `user`.`delete_time` IS NULL  AND `id` = 1 LIMIT 1 [ RunTime:0.052501s ]
[ sql ] [ SQL ] SHOW COLUMNS FROM `auth_access` [ RunTime:0.047501s ]
[ sql ] [ SQL ] SELECT `rule_id` FROM `auth_access` WHERE  `role_id` = 1 [ RunTime:0.047500s ]
[ sql ] [ SQL ] SELECT `rule_val` FROM `auth_rule` WHERE  `id` IN (2) [ RunTime:0.050001s ]
[ sql ] [ SQL ] SELECT COUNT(*) AS tp_count FROM `auth_rule` WHERE  `rule_val` = 'admin/policeman/index' LIMIT 1 [ RunTime:0.047501s ]
[ sql ] [ SQL ] SELECT COUNT(*) AS tp_count FROM `auth_rule` WHERE  `rule_val` = 'admin/rescue/index' LIMIT 1 [ RunTime:0.047501s ]
[ sql ] [ SQL ] SELECT `role_id` FROM `user` WHERE  `user`.`delete_time` IS NULL  AND `id` = 1 LIMIT 1 [ RunTime:0.047500s ]
[ sql ] [ SQL ] SELECT `rule_id` FROM `auth_access` WHERE  `role_id` = 1 [ RunTime:0.047501s ]
[ sql ] [ SQL ] SELECT `rule_val` FROM `auth_rule` WHERE  `id` IN (2) [ RunTime:0.050001s ]
[ sql ] [ SQL ] SELECT COUNT(*) AS tp_count FROM `auth_rule` WHERE  `rule_val` = 'admin/system/index' LIMIT 1 [ RunTime:0.052501s ]
[ sql ] [ SQL ] SELECT COUNT(*) AS tp_count FROM `auth_rule` WHERE  `rule_val` = 'admin/user/index' LIMIT 1 [ RunTime:0.047500s ]
[ sql ] [ SQL ] SELECT `role_id` FROM `user` WHERE  `user`.`delete_time` IS NULL  AND `id` = 1 LIMIT 1 [ RunTime:0.060000s ]
[ sql ] [ SQL ] SELECT `rule_id` FROM `auth_access` WHERE  `role_id` = 1 [ RunTime:0.047501s ]
[ sql ] [ SQL ] SELECT `rule_val` FROM `auth_rule` WHERE  `id` IN (2) [ RunTime:0.047501s ]
[ sql ] [ SQL ] SELECT COUNT(*) AS tp_count FROM `auth_rule` WHERE  `rule_val` = 'admin/role/index' LIMIT 1 [ RunTime:0.050001s ]
[ sql ] [ SQL ] SELECT COUNT(*) AS tp_count FROM `auth_rule` WHERE  `rule_val` = 'admin/authrule/index' LIMIT 1 [ RunTime:0.050000s ]
[ sql ] [ SQL ] SHOW COLUMNS FROM `rescue_info` [ RunTime:0.050000s ]
[ sql ] [ SQL ] SELECT * FROM `rescue_info` WHERE  `rescue_info`.`delete_time` IS NULL  AND `id` = 13 LIMIT 1 [ RunTime:0.047501s ]

---------------------------------------------------------------
[ 2017-10-25T20:03:52+08:00 ] 127.0.0.1 127.0.0.1 GET /admin/rescue/index
[ log ] www.city119.com/admin/rescue/index [运行时间：1.182518s][吞吐率：0.85req/s] [内存消耗：5,165.86kb] [文件加载：63]
[ info ] [ LANG ] D:\Software_Files\website\www.city119.com\thinkphp\lang\zh-cn.php
[ info ] [ ROUTE ] array (
  'type' => 'module',
  'module' => 
  array (
    0 => 'admin',
    1 => 'rescue',
    2 => 'index',
  ),
)
[ info ] [ HEADER ] array (
  'host' => 'www.city119.com',
  'connection' => 'keep-alive',
  'user-agent' => 'Mozilla/5.0 (Windows NT 6.1; Win64; x64) AppleWebKit/537.36 (KHTML, like Gecko) Chrome/61.0.3163.79 Safari/537.36',
  'upgrade-insecure-requests' => '1',
  'accept' => 'text/html,application/xhtml+xml,application/xml;q=0.9,image/webp,image/apng,*/*;q=0.8',
  'referer' => 'http://www.city119.com/admin/rescue/index',
  'accept-encoding' => 'gzip, deflate',
  'accept-language' => 'zh-CN,zh;q=0.8',
  'cookie' => 'think_var=zh-cn; PHPSESSID=6u1qkgqpk3lq40fqvvv39r6177',
)
[ info ] [ PARAM ] array (
)
[ info ] [ LANG ] D:\Software_Files\website\www.city119.com\public/../app/admin\lang\zh-cn.php
[ info ] [ SESSION ] INIT array (
  'id' => '',
  'var_session_id' => '',
  'prefix' => '',
  'type' => '',
  'auto_start' => true,
)
[ info ] [ DB ] INIT mysql
[ info ] [ RUN ] app\admin\controller\Rescue->index[ D:\Software_Files\website\www.city119.com\app\admin\controller\Rescue.php ]
[ info ] [ VIEW ] D:\Software_Files\website\www.city119.com\public/../app/admin\view\rescue\index.html [ array (
  0 => 'set_lang',
  1 => 'user',
  2 => 'menus',
) ]
[ info ] [ LOG ] INIT File
[ sql ] [ DB ] CONNECT:[ UseTime:0.080001s ] mysql:dbname=city119;host=city119.anybind.com;port=3306;charset=utf8
[ sql ] [ SQL ] SHOW COLUMNS FROM `auth_rule` [ RunTime:0.055001s ]
[ sql ] [ SQL ] SELECT COUNT(*) AS tp_count FROM `auth_rule` WHERE  `rule_val` = 'admin/index/index' LIMIT 1 [ RunTime:0.052501s ]
[ sql ] [ SQL ] SHOW COLUMNS FROM `user` [ RunTime:0.052501s ]
[ sql ] [ SQL ] SELECT `role_id` FROM `user` WHERE  `user`.`delete_time` IS NULL  AND `id` = 1 LIMIT 1 [ RunTime:0.055001s ]
[ sql ] [ SQL ] SHOW COLUMNS FROM `auth_access` [ RunTime:0.062501s ]
[ sql ] [ SQL ] SELECT `rule_id` FROM `auth_access` WHERE  `role_id` = 1 [ RunTime:0.055000s ]
[ sql ] [ SQL ] SELECT `rule_val` FROM `auth_rule` WHERE  `id` IN (2) [ RunTime:0.052501s ]
[ sql ] [ SQL ] SELECT COUNT(*) AS tp_count FROM `auth_rule` WHERE  `rule_val` = 'admin/policeman/index' LIMIT 1 [ RunTime:0.052501s ]
[ sql ] [ SQL ] SELECT COUNT(*) AS tp_count FROM `auth_rule` WHERE  `rule_val` = 'admin/rescue/index' LIMIT 1 [ RunTime:0.055001s ]
[ sql ] [ SQL ] SELECT `role_id` FROM `user` WHERE  `user`.`delete_time` IS NULL  AND `id` = 1 LIMIT 1 [ RunTime:0.052501s ]
[ sql ] [ SQL ] SELECT `rule_id` FROM `auth_access` WHERE  `role_id` = 1 [ RunTime:0.052501s ]
[ sql ] [ SQL ] SELECT `rule_val` FROM `auth_rule` WHERE  `id` IN (2) [ RunTime:0.052500s ]
[ sql ] [ SQL ] SELECT COUNT(*) AS tp_count FROM `auth_rule` WHERE  `rule_val` = 'admin/system/index' LIMIT 1 [ RunTime:0.052501s ]
[ sql ] [ SQL ] SELECT COUNT(*) AS tp_count FROM `auth_rule` WHERE  `rule_val` = 'admin/user/index' LIMIT 1 [ RunTime:0.052501s ]
[ sql ] [ SQL ] SELECT `role_id` FROM `user` WHERE  `user`.`delete_time` IS NULL  AND `id` = 1 LIMIT 1 [ RunTime:0.052501s ]
[ sql ] [ SQL ] SELECT `rule_id` FROM `auth_access` WHERE  `role_id` = 1 [ RunTime:0.052501s ]
[ sql ] [ SQL ] SELECT `rule_val` FROM `auth_rule` WHERE  `id` IN (2) [ RunTime:0.052501s ]
[ sql ] [ SQL ] SELECT COUNT(*) AS tp_count FROM `auth_rule` WHERE  `rule_val` = 'admin/role/index' LIMIT 1 [ RunTime:0.052500s ]
[ sql ] [ SQL ] SELECT COUNT(*) AS tp_count FROM `auth_rule` WHERE  `rule_val` = 'admin/authrule/index' LIMIT 1 [ RunTime:0.052501s ]

---------------------------------------------------------------
[ 2017-10-25T20:03:54+08:00 ] 127.0.0.1 127.0.0.1 GET /admin/rescue/getlist?offset=0&limit=10
[ log ] www.city119.com/admin/rescue/getlist?offset=0&limit=10 [运行时间：1.275020s][吞吐率：0.78req/s] [内存消耗：5,186.18kb] [文件加载：63]
[ info ] [ LANG ] D:\Software_Files\website\www.city119.com\thinkphp\lang\zh-cn.php
[ info ] [ ROUTE ] array (
  'type' => 'module',
  'module' => 
  array (
    0 => 'admin',
    1 => 'rescue',
    2 => 'getlist',
  ),
)
[ info ] [ HEADER ] array (
  'host' => 'www.city119.com',
  'connection' => 'keep-alive',
  'accept' => 'application/json, text/javascript, */*; q=0.01',
  'x-requested-with' => 'XMLHttpRequest',
  'user-agent' => 'Mozilla/5.0 (Windows NT 6.1; Win64; x64) AppleWebKit/537.36 (KHTML, like Gecko) Chrome/61.0.3163.79 Safari/537.36',
  'content-type' => 'application/json',
  'referer' => 'http://www.city119.com/admin/rescue/index',
  'accept-encoding' => 'gzip, deflate',
  'accept-language' => 'zh-CN,zh;q=0.8',
  'cookie' => 'think_var=zh-cn; PHPSESSID=6u1qkgqpk3lq40fqvvv39r6177',
)
[ info ] [ PARAM ] array (
  'offset' => '0',
  'limit' => '10',
)
[ info ] [ LANG ] D:\Software_Files\website\www.city119.com\public/../app/admin\lang\zh-cn.php
[ info ] [ SESSION ] INIT array (
  'id' => '',
  'var_session_id' => '',
  'prefix' => '',
  'type' => '',
  'auto_start' => true,
)
[ info ] [ DB ] INIT mysql
[ info ] [ RUN ] app\admin\controller\Rescue->getList[ D:\Software_Files\website\www.city119.com\app\admin\controller\Rescue.php ]
[ info ] [ LOG ] INIT File
[ sql ] [ DB ] CONNECT:[ UseTime:0.077501s ] mysql:dbname=city119;host=city119.anybind.com;port=3306;charset=utf8
[ sql ] [ SQL ] SHOW COLUMNS FROM `auth_rule` [ RunTime:0.050001s ]
[ sql ] [ SQL ] SELECT COUNT(*) AS tp_count FROM `auth_rule` WHERE  `rule_val` = 'admin/index/index' LIMIT 1 [ RunTime:0.050001s ]
[ sql ] [ SQL ] SHOW COLUMNS FROM `user` [ RunTime:0.050001s ]
[ sql ] [ SQL ] SELECT `role_id` FROM `user` WHERE  `user`.`delete_time` IS NULL  AND `id` = 1 LIMIT 1 [ RunTime:0.050000s ]
[ sql ] [ SQL ] SHOW COLUMNS FROM `auth_access` [ RunTime:0.052501s ]
[ sql ] [ SQL ] SELECT `rule_id` FROM `auth_access` WHERE  `role_id` = 1 [ RunTime:0.050001s ]
[ sql ] [ SQL ] SELECT `rule_val` FROM `auth_rule` WHERE  `id` IN (2) [ RunTime:0.047501s ]
[ sql ] [ SQL ] SELECT COUNT(*) AS tp_count FROM `auth_rule` WHERE  `rule_val` = 'admin/policeman/index' LIMIT 1 [ RunTime:0.050000s ]
[ sql ] [ SQL ] SELECT COUNT(*) AS tp_count FROM `auth_rule` WHERE  `rule_val` = 'admin/rescue/index' LIMIT 1 [ RunTime:0.052500s ]
[ sql ] [ SQL ] SELECT `role_id` FROM `user` WHERE  `user`.`delete_time` IS NULL  AND `id` = 1 LIMIT 1 [ RunTime:0.047501s ]
[ sql ] [ SQL ] SELECT `rule_id` FROM `auth_access` WHERE  `role_id` = 1 [ RunTime:0.050001s ]
[ sql ] [ SQL ] SELECT `rule_val` FROM `auth_rule` WHERE  `id` IN (2) [ RunTime:0.050001s ]
[ sql ] [ SQL ] SELECT COUNT(*) AS tp_count FROM `auth_rule` WHERE  `rule_val` = 'admin/system/index' LIMIT 1 [ RunTime:0.050000s ]
[ sql ] [ SQL ] SELECT COUNT(*) AS tp_count FROM `auth_rule` WHERE  `rule_val` = 'admin/user/index' LIMIT 1 [ RunTime:0.050001s ]
[ sql ] [ SQL ] SELECT `role_id` FROM `user` WHERE  `user`.`delete_time` IS NULL  AND `id` = 1 LIMIT 1 [ RunTime:0.047501s ]
[ sql ] [ SQL ] SELECT `rule_id` FROM `auth_access` WHERE  `role_id` = 1 [ RunTime:0.050001s ]
[ sql ] [ SQL ] SELECT `rule_val` FROM `auth_rule` WHERE  `id` IN (2) [ RunTime:0.050001s ]
[ sql ] [ SQL ] SELECT COUNT(*) AS tp_count FROM `auth_rule` WHERE  `rule_val` = 'admin/role/index' LIMIT 1 [ RunTime:0.050000s ]
[ sql ] [ SQL ] SELECT COUNT(*) AS tp_count FROM `auth_rule` WHERE  `rule_val` = 'admin/authrule/index' LIMIT 1 [ RunTime:0.050001s ]
[ sql ] [ SQL ] SHOW COLUMNS FROM `rescue_info` [ RunTime:0.050001s ]
[ sql ] [ SQL ] SELECT COUNT(*) AS tp_count FROM `rescue_info` WHERE  `rescue_info`.`delete_time` IS NULL LIMIT 1 [ RunTime:0.050001s ]
[ sql ] [ SQL ] SELECT * FROM `rescue_info` WHERE  `rescue_info`.`delete_time` IS NULL ORDER BY  status asc,create_time asc LIMIT 0,10 [ RunTime:0.052501s ]

---------------------------------------------------------------
[ 2017-10-25T20:04:02+08:00 ] 127.0.0.1 127.0.0.1 GET /admin/rescue/getlist?offset=20&limit=10
[ log ] www.city119.com/admin/rescue/getlist?offset=20&limit=10 [运行时间：1.275020s][吞吐率：0.78req/s] [内存消耗：5,180.55kb] [文件加载：63]
[ info ] [ LANG ] D:\Software_Files\website\www.city119.com\thinkphp\lang\zh-cn.php
[ info ] [ ROUTE ] array (
  'type' => 'module',
  'module' => 
  array (
    0 => 'admin',
    1 => 'rescue',
    2 => 'getlist',
  ),
)
[ info ] [ HEADER ] array (
  'host' => 'www.city119.com',
  'connection' => 'keep-alive',
  'accept' => 'application/json, text/javascript, */*; q=0.01',
  'x-requested-with' => 'XMLHttpRequest',
  'user-agent' => 'Mozilla/5.0 (Windows NT 6.1; Win64; x64) AppleWebKit/537.36 (KHTML, like Gecko) Chrome/61.0.3163.79 Safari/537.36',
  'content-type' => 'application/json',
  'referer' => 'http://www.city119.com/admin/rescue/index',
  'accept-encoding' => 'gzip, deflate',
  'accept-language' => 'zh-CN,zh;q=0.8',
  'cookie' => 'think_var=zh-cn; PHPSESSID=6u1qkgqpk3lq40fqvvv39r6177',
)
[ info ] [ PARAM ] array (
  'offset' => '20',
  'limit' => '10',
)
[ info ] [ LANG ] D:\Software_Files\website\www.city119.com\public/../app/admin\lang\zh-cn.php
[ info ] [ SESSION ] INIT array (
  'id' => '',
  'var_session_id' => '',
  'prefix' => '',
  'type' => '',
  'auto_start' => true,
)
[ info ] [ DB ] INIT mysql
[ info ] [ RUN ] app\admin\controller\Rescue->getList[ D:\Software_Files\website\www.city119.com\app\admin\controller\Rescue.php ]
[ info ] [ LOG ] INIT File
[ sql ] [ DB ] CONNECT:[ UseTime:0.075001s ] mysql:dbname=city119;host=city119.anybind.com;port=3306;charset=utf8
[ sql ] [ SQL ] SHOW COLUMNS FROM `auth_rule` [ RunTime:0.047500s ]
[ sql ] [ SQL ] SELECT COUNT(*) AS tp_count FROM `auth_rule` WHERE  `rule_val` = 'admin/index/index' LIMIT 1 [ RunTime:0.055001s ]
[ sql ] [ SQL ] SHOW COLUMNS FROM `user` [ RunTime:0.047501s ]
[ sql ] [ SQL ] SELECT `role_id` FROM `user` WHERE  `user`.`delete_time` IS NULL  AND `id` = 1 LIMIT 1 [ RunTime:0.047501s ]
[ sql ] [ SQL ] SHOW COLUMNS FROM `auth_access` [ RunTime:0.047500s ]
[ sql ] [ SQL ] SELECT `rule_id` FROM `auth_access` WHERE  `role_id` = 1 [ RunTime:0.062501s ]
[ sql ] [ SQL ] SELECT `rule_val` FROM `auth_rule` WHERE  `id` IN (2) [ RunTime:0.047501s ]
[ sql ] [ SQL ] SELECT COUNT(*) AS tp_count FROM `auth_rule` WHERE  `rule_val` = 'admin/policeman/index' LIMIT 1 [ RunTime:0.047501s ]
[ sql ] [ SQL ] SELECT COUNT(*) AS tp_count FROM `auth_rule` WHERE  `rule_val` = 'admin/rescue/index' LIMIT 1 [ RunTime:0.050001s ]
[ sql ] [ SQL ] SELECT `role_id` FROM `user` WHERE  `user`.`delete_time` IS NULL  AND `id` = 1 LIMIT 1 [ RunTime:0.047500s ]
[ sql ] [ SQL ] SELECT `rule_id` FROM `auth_access` WHERE  `role_id` = 1 [ RunTime:0.050001s ]
[ sql ] [ SQL ] SELECT `rule_val` FROM `auth_rule` WHERE  `id` IN (2) [ RunTime:0.047501s ]
[ sql ] [ SQL ] SELECT COUNT(*) AS tp_count FROM `auth_rule` WHERE  `rule_val` = 'admin/system/index' LIMIT 1 [ RunTime:0.050001s ]
[ sql ] [ SQL ] SELECT COUNT(*) AS tp_count FROM `auth_rule` WHERE  `rule_val` = 'admin/user/index' LIMIT 1 [ RunTime:0.050001s ]
[ sql ] [ SQL ] SELECT `role_id` FROM `user` WHERE  `user`.`delete_time` IS NULL  AND `id` = 1 LIMIT 1 [ RunTime:0.050000s ]
[ sql ] [ SQL ] SELECT `rule_id` FROM `auth_access` WHERE  `role_id` = 1 [ RunTime:0.050001s ]
[ sql ] [ SQL ] SELECT `rule_val` FROM `auth_rule` WHERE  `id` IN (2) [ RunTime:0.050001s ]
[ sql ] [ SQL ] SELECT COUNT(*) AS tp_count FROM `auth_rule` WHERE  `rule_val` = 'admin/role/index' LIMIT 1 [ RunTime:0.050001s ]
[ sql ] [ SQL ] SELECT COUNT(*) AS tp_count FROM `auth_rule` WHERE  `rule_val` = 'admin/authrule/index' LIMIT 1 [ RunTime:0.047500s ]
[ sql ] [ SQL ] SHOW COLUMNS FROM `rescue_info` [ RunTime:0.050001s ]
[ sql ] [ SQL ] SELECT COUNT(*) AS tp_count FROM `rescue_info` WHERE  `rescue_info`.`delete_time` IS NULL LIMIT 1 [ RunTime:0.050001s ]
[ sql ] [ SQL ] SELECT * FROM `rescue_info` WHERE  `rescue_info`.`delete_time` IS NULL ORDER BY  status asc,create_time asc LIMIT 20,10 [ RunTime:0.050001s ]

---------------------------------------------------------------
[ 2017-10-25T20:04:07+08:00 ] 127.0.0.1 127.0.0.1 GET /admin/rescue/detail/id/12
[ log ] www.city119.com/admin/rescue/detail/id/12 [运行时间：1.470023s][吞吐率：0.68req/s] [内存消耗：5,338.52kb] [文件加载：65]
[ info ] [ LANG ] D:\Software_Files\website\www.city119.com\thinkphp\lang\zh-cn.php
[ info ] [ ROUTE ] array (
  'type' => 'module',
  'module' => 
  array (
    0 => 'admin',
    1 => 'rescue',
    2 => 'detail',
  ),
)
[ info ] [ HEADER ] array (
  'host' => 'www.city119.com',
  'connection' => 'keep-alive',
  'upgrade-insecure-requests' => '1',
  'user-agent' => 'Mozilla/5.0 (Windows NT 6.1; Win64; x64) AppleWebKit/537.36 (KHTML, like Gecko) Chrome/61.0.3163.79 Safari/537.36',
  'accept' => 'text/html,application/xhtml+xml,application/xml;q=0.9,image/webp,image/apng,*/*;q=0.8',
  'referer' => 'http://www.city119.com/admin/rescue/index',
  'accept-encoding' => 'gzip, deflate',
  'accept-language' => 'zh-CN,zh;q=0.8',
  'cookie' => 'think_var=zh-cn; PHPSESSID=6u1qkgqpk3lq40fqvvv39r6177',
)
[ info ] [ PARAM ] array (
  'id' => '12',
)
[ info ] [ LANG ] D:\Software_Files\website\www.city119.com\public/../app/admin\lang\zh-cn.php
[ info ] [ SESSION ] INIT array (
  'id' => '',
  'var_session_id' => '',
  'prefix' => '',
  'type' => '',
  'auto_start' => true,
)
[ info ] [ DB ] INIT mysql
[ info ] [ RUN ] app\admin\controller\Rescue->detail[ D:\Software_Files\website\www.city119.com\app\admin\controller\Rescue.php ]
[ info ] [ VIEW ] D:\Software_Files\website\www.city119.com\public/../app/admin\view\rescue\detail.html [ array (
  0 => 'set_lang',
  1 => 'user',
  2 => 'menus',
  3 => 'rescue_type',
  4 => 'data',
) ]
[ info ] [ LOG ] INIT File
[ sql ] [ DB ] CONNECT:[ UseTime:0.080002s ] mysql:dbname=city119;host=city119.anybind.com;port=3306;charset=utf8
[ sql ] [ SQL ] SHOW COLUMNS FROM `auth_rule` [ RunTime:0.055000s ]
[ sql ] [ SQL ] SELECT COUNT(*) AS tp_count FROM `auth_rule` WHERE  `rule_val` = 'admin/index/index' LIMIT 1 [ RunTime:0.052501s ]
[ sql ] [ SQL ] SHOW COLUMNS FROM `user` [ RunTime:0.055001s ]
[ sql ] [ SQL ] SELECT `role_id` FROM `user` WHERE  `user`.`delete_time` IS NULL  AND `id` = 1 LIMIT 1 [ RunTime:0.052501s ]
[ sql ] [ SQL ] SHOW COLUMNS FROM `auth_access` [ RunTime:0.052501s ]
[ sql ] [ SQL ] SELECT `rule_id` FROM `auth_access` WHERE  `role_id` = 1 [ RunTime:0.052501s ]
[ sql ] [ SQL ] SELECT `rule_val` FROM `auth_rule` WHERE  `id` IN (2) [ RunTime:0.062501s ]
[ sql ] [ SQL ] SELECT COUNT(*) AS tp_count FROM `auth_rule` WHERE  `rule_val` = 'admin/policeman/index' LIMIT 1 [ RunTime:0.052500s ]
[ sql ] [ SQL ] SELECT COUNT(*) AS tp_count FROM `auth_rule` WHERE  `rule_val` = 'admin/rescue/index' LIMIT 1 [ RunTime:0.052501s ]
[ sql ] [ SQL ] SELECT `role_id` FROM `user` WHERE  `user`.`delete_time` IS NULL  AND `id` = 1 LIMIT 1 [ RunTime:0.055001s ]
[ sql ] [ SQL ] SELECT `rule_id` FROM `auth_access` WHERE  `role_id` = 1 [ RunTime:0.052501s ]
[ sql ] [ SQL ] SELECT `rule_val` FROM `auth_rule` WHERE  `id` IN (2) [ RunTime:0.052501s ]
[ sql ] [ SQL ] SELECT COUNT(*) AS tp_count FROM `auth_rule` WHERE  `rule_val` = 'admin/system/index' LIMIT 1 [ RunTime:0.052501s ]
[ sql ] [ SQL ] SELECT COUNT(*) AS tp_count FROM `auth_rule` WHERE  `rule_val` = 'admin/user/index' LIMIT 1 [ RunTime:0.052500s ]
[ sql ] [ SQL ] SELECT `role_id` FROM `user` WHERE  `user`.`delete_time` IS NULL  AND `id` = 1 LIMIT 1 [ RunTime:0.055001s ]
[ sql ] [ SQL ] SELECT `rule_id` FROM `auth_access` WHERE  `role_id` = 1 [ RunTime:0.052501s ]
[ sql ] [ SQL ] SELECT `rule_val` FROM `auth_rule` WHERE  `id` IN (2) [ RunTime:0.057501s ]
[ sql ] [ SQL ] SELECT COUNT(*) AS tp_count FROM `auth_rule` WHERE  `rule_val` = 'admin/role/index' LIMIT 1 [ RunTime:0.052501s ]
[ sql ] [ SQL ] SELECT COUNT(*) AS tp_count FROM `auth_rule` WHERE  `rule_val` = 'admin/authrule/index' LIMIT 1 [ RunTime:0.055001s ]
[ sql ] [ SQL ] SHOW COLUMNS FROM `rescue_info` [ RunTime:0.052501s ]
[ sql ] [ SQL ] SELECT * FROM `rescue_info` WHERE  `rescue_info`.`delete_time` IS NULL  AND `id` = 12 LIMIT 1 [ RunTime:0.057500s ]
[ sql ] [ SQL ] SHOW COLUMNS FROM `police_force` [ RunTime:0.052501s ]
[ sql ] [ SQL ] SELECT * FROM `police_force` WHERE  `police_force`.`delete_time` IS NULL  AND `id` = 1 LIMIT 1 [ RunTime:0.052500s ]

---------------------------------------------------------------
