[ 2017-10-28T21:29:31+08:00 ] 127.0.0.1 127.0.0.1 GET /
[ log ] www.city119.com/ [运行时间：0.737042s][吞吐率：1.36req/s] [内存消耗：3,195.23kb] [文件加载：50]
[ info ] [ LANG ] D:\Software_Files\website\www.city119.com\thinkphp\lang\zh-cn.php
[ info ] [ ROUTE ] array (
  'type' => 'module',
  'module' => 
  array (
    0 => '',
    1 => NULL,
    2 => NULL,
  ),
)
[ info ] [ HEADER ] array (
  'host' => 'www.city119.com',
  'connection' => 'keep-alive',
  'user-agent' => 'Mozilla/5.0 (Windows NT 6.1; Win64; x64) AppleWebKit/537.36 (KHTML, like Gecko) Chrome/61.0.3163.79 Safari/537.36',
  'upgrade-insecure-requests' => '1',
  'accept' => 'text/html,application/xhtml+xml,application/xml;q=0.9,image/webp,image/apng,*/*;q=0.8',
  'accept-encoding' => 'gzip, deflate',
  'accept-language' => 'zh-CN,zh;q=0.8',
)
[ info ] [ PARAM ] array (
)
[ info ] [ LANG ] D:\Software_Files\website\www.city119.com\public/../app/admin\lang\zh-cn.php
[ info ] [ SESSION ] INIT array (
  'id' => '',
  'var_session_id' => '',
  'prefix' => '',
  'type' => '',
  'auto_start' => true,
)
[ info ] [ LOG ] INIT File

---------------------------------------------------------------
[ 2017-10-28T21:29:31+08:00 ] 127.0.0.1 127.0.0.1 GET /admin/login/index
[ log ] www.city119.com/admin/login/index [运行时间：0.071005s][吞吐率：14.08req/s] [内存消耗：3,154.27kb] [文件加载：49]
[ info ] [ LANG ] D:\Software_Files\website\www.city119.com\thinkphp\lang\zh-cn.php
[ info ] [ ROUTE ] array (
  'type' => 'module',
  'module' => 
  array (
    0 => 'admin',
    1 => 'login',
    2 => 'index',
  ),
)
[ info ] [ HEADER ] array (
  'host' => 'www.city119.com',
  'connection' => 'keep-alive',
  'user-agent' => 'Mozilla/5.0 (Windows NT 6.1; Win64; x64) AppleWebKit/537.36 (KHTML, like Gecko) Chrome/61.0.3163.79 Safari/537.36',
  'upgrade-insecure-requests' => '1',
  'accept' => 'text/html,application/xhtml+xml,application/xml;q=0.9,image/webp,image/apng,*/*;q=0.8',
  'accept-encoding' => 'gzip, deflate',
  'accept-language' => 'zh-CN,zh;q=0.8',
  'cookie' => 'think_var=zh-cn; PHPSESSID=4ksnnb4i4u6q1rjifqn9m53hd3',
)
[ info ] [ PARAM ] array (
)
[ info ] [ LANG ] D:\Software_Files\website\www.city119.com\public/../app/admin\lang\zh-cn.php
[ info ] [ RUN ] app\admin\controller\Login->index[ D:\Software_Files\website\www.city119.com\app\admin\controller\Login.php ]
[ info ] [ SESSION ] INIT array (
  'id' => '',
  'var_session_id' => '',
  'prefix' => '',
  'type' => '',
  'auto_start' => true,
)
[ info ] [ VIEW ] D:\Software_Files\website\www.city119.com\public/../app/admin\view\login\index.html [ array (
  0 => 'set_lang',
) ]
[ info ] [ LOG ] INIT File

---------------------------------------------------------------
[ 2017-10-28T21:29:31+08:00 ] 127.0.0.1 127.0.0.1 GET /captcha
[ log ] www.city119.com/captcha [运行时间：0.072004s][吞吐率：13.89req/s] [内存消耗：2,510.66kb] [文件加载：36]
[ info ] [ LANG ] D:\Software_Files\website\www.city119.com\thinkphp\lang\zh-cn.php
[ info ] [ ROUTE ] array (
  'type' => 'method',
  'method' => 
  array (
    0 => '\\think\\captcha\\CaptchaController',
    1 => 'index',
  ),
  'var' => 
  array (
  ),
)
[ info ] [ HEADER ] array (
  'host' => 'www.city119.com',
  'connection' => 'keep-alive',
  'user-agent' => 'Mozilla/5.0 (Windows NT 6.1; Win64; x64) AppleWebKit/537.36 (KHTML, like Gecko) Chrome/61.0.3163.79 Safari/537.36',
  'accept' => 'image/webp,image/apng,image/*,*/*;q=0.8',
  'referer' => 'http://www.city119.com/admin/login/index',
  'accept-encoding' => 'gzip, deflate',
  'accept-language' => 'zh-CN,zh;q=0.8',
  'cookie' => 'think_var=zh-cn; PHPSESSID=4ksnnb4i4u6q1rjifqn9m53hd3',
)
[ info ] [ PARAM ] array (
  'id' => NULL,
)
[ info ] [ RUN ] think\captcha\CaptchaController->index[ D:\Software_Files\website\www.city119.com\vendor\topthink\think-captcha\src\CaptchaController.php ]
[ info ] [ SESSION ] INIT array (
  'id' => '',
  'var_session_id' => '',
  'prefix' => 'think',
  'type' => '',
  'auto_start' => true,
)
[ info ] [ LOG ] INIT File

---------------------------------------------------------------
[ 2017-10-28T21:29:38+08:00 ] 127.0.0.1 127.0.0.1 POST /admin/login/doLogin
[ log ] www.city119.com/admin/login/doLogin [运行时间：0.719042s][吞吐率：1.39req/s] [内存消耗：5,205.40kb] [文件加载：65]
[ info ] [ LANG ] D:\Software_Files\website\www.city119.com\thinkphp\lang\zh-cn.php
[ info ] [ ROUTE ] array (
  'type' => 'module',
  'module' => 
  array (
    0 => 'admin',
    1 => 'login',
    2 => 'doLogin',
  ),
)
[ info ] [ HEADER ] array (
  'host' => 'www.city119.com',
  'connection' => 'keep-alive',
  'content-length' => '47',
  'accept' => 'application/json, text/javascript, */*; q=0.01',
  'origin' => 'http://www.city119.com',
  'x-requested-with' => 'XMLHttpRequest',
  'user-agent' => 'Mozilla/5.0 (Windows NT 6.1; Win64; x64) AppleWebKit/537.36 (KHTML, like Gecko) Chrome/61.0.3163.79 Safari/537.36',
  'content-type' => 'application/x-www-form-urlencoded; charset=UTF-8',
  'referer' => 'http://www.city119.com/admin/login/index',
  'accept-encoding' => 'gzip, deflate',
  'accept-language' => 'zh-CN,zh;q=0.8',
  'cookie' => 'think_var=zh-cn; PHPSESSID=4ksnnb4i4u6q1rjifqn9m53hd3',
)
[ info ] [ PARAM ] array (
  'mobile' => '13800000000',
  'password' => '123456',
  'captcha' => '6574',
)
[ info ] [ LANG ] D:\Software_Files\website\www.city119.com\public/../app/admin\lang\zh-cn.php
[ info ] [ RUN ] app\admin\controller\Login->doLogin[ D:\Software_Files\website\www.city119.com\app\admin\controller\Login.php ]
[ info ] [ SESSION ] INIT array (
  'id' => '',
  'var_session_id' => '',
  'prefix' => '',
  'type' => '',
  'auto_start' => true,
)
[ info ] [ DB ] INIT mysql
[ info ] [ LOG ] INIT File
[ sql ] [ DB ] CONNECT:[ UseTime:0.135008s ] mysql:dbname=city119;host=city119.anybind.com;port=3306;charset=utf8
[ sql ] [ SQL ] SHOW COLUMNS FROM `user` [ RunTime:0.072004s ]
[ sql ] [ SQL ] SELECT * FROM `user` WHERE  `user`.`delete_time` IS NULL  AND `mobile` = '13800000000' LIMIT 1 [ RunTime:0.071004s ]
[ sql ] [ SQL ] SHOW COLUMNS FROM `log_record` [ RunTime:0.075004s ]
[ sql ] [ SQL ] INSERT INTO `log_record` (`remark` , `ip` , `user_id` , `browser` , `os` , `create_time`) VALUES ('登录成功' , '127.0.0.1' , 1 , 'chrome-61' , 'Windows 7' , 1509197377) [ RunTime:0.129007s ]

---------------------------------------------------------------
[ 2017-10-28T21:29:40+08:00 ] 127.0.0.1 127.0.0.1 GET /admin/index/index
[ log ] www.city119.com/admin/index/index [运行时间：2.354135s][吞吐率：0.42req/s] [内存消耗：5,215.00kb] [文件加载：65]
[ info ] [ LANG ] D:\Software_Files\website\www.city119.com\thinkphp\lang\zh-cn.php
[ info ] [ ROUTE ] array (
  'type' => 'module',
  'module' => 
  array (
    0 => 'admin',
    1 => 'index',
    2 => 'index',
  ),
)
[ info ] [ HEADER ] array (
  'host' => 'www.city119.com',
  'connection' => 'keep-alive',
  'upgrade-insecure-requests' => '1',
  'user-agent' => 'Mozilla/5.0 (Windows NT 6.1; Win64; x64) AppleWebKit/537.36 (KHTML, like Gecko) Chrome/61.0.3163.79 Safari/537.36',
  'accept' => 'text/html,application/xhtml+xml,application/xml;q=0.9,image/webp,image/apng,*/*;q=0.8',
  'referer' => 'http://www.city119.com/admin/login/index',
  'accept-encoding' => 'gzip, deflate',
  'accept-language' => 'zh-CN,zh;q=0.8',
  'cookie' => 'think_var=zh-cn; PHPSESSID=4ksnnb4i4u6q1rjifqn9m53hd3',
)
[ info ] [ PARAM ] array (
)
[ info ] [ LANG ] D:\Software_Files\website\www.city119.com\public/../app/admin\lang\zh-cn.php
[ info ] [ SESSION ] INIT array (
  'id' => '',
  'var_session_id' => '',
  'prefix' => '',
  'type' => '',
  'auto_start' => true,
)
[ info ] [ DB ] INIT mysql
[ info ] [ RUN ] app\admin\controller\Index->index[ D:\Software_Files\website\www.city119.com\app\admin\controller\Index.php ]
[ info ] [ VIEW ] D:\Software_Files\website\www.city119.com\public/../app/admin\view\index\index.html [ array (
  0 => 'set_lang',
  1 => 'user',
  2 => 'menus',
  3 => 'data',
) ]
[ info ] [ LOG ] INIT File
[ sql ] [ DB ] CONNECT:[ UseTime:0.114007s ] mysql:dbname=city119;host=city119.anybind.com;port=3306;charset=utf8
[ sql ] [ SQL ] SHOW COLUMNS FROM `auth_rule` [ RunTime:0.075004s ]
[ sql ] [ SQL ] SELECT COUNT(*) AS tp_count FROM `auth_rule` WHERE  `rule_val` = 'admin/index/index' LIMIT 1 [ RunTime:0.083005s ]
[ sql ] [ SQL ] SHOW COLUMNS FROM `user` [ RunTime:0.087005s ]
[ sql ] [ SQL ] SELECT `role_id` FROM `user` WHERE  `user`.`delete_time` IS NULL  AND `id` = 1 LIMIT 1 [ RunTime:0.095006s ]
[ sql ] [ SQL ] SHOW COLUMNS FROM `auth_access` [ RunTime:0.074004s ]
[ sql ] [ SQL ] SELECT `rule_id` FROM `auth_access` WHERE  `role_id` = 1 [ RunTime:0.090005s ]
[ sql ] [ SQL ] SELECT `rule_val` FROM `auth_rule` WHERE  `id` IN (2) [ RunTime:0.094006s ]
[ sql ] [ SQL ] SELECT COUNT(*) AS tp_count FROM `auth_rule` WHERE  `rule_val` = 'admin/policeman/index' LIMIT 1 [ RunTime:0.088005s ]
[ sql ] [ SQL ] SELECT COUNT(*) AS tp_count FROM `auth_rule` WHERE  `rule_val` = 'admin/rescue/index' LIMIT 1 [ RunTime:0.138008s ]
[ sql ] [ SQL ] SELECT `role_id` FROM `user` WHERE  `user`.`delete_time` IS NULL  AND `id` = 1 LIMIT 1 [ RunTime:0.159009s ]
[ sql ] [ SQL ] SELECT `rule_id` FROM `auth_access` WHERE  `role_id` = 1 [ RunTime:0.121007s ]
[ sql ] [ SQL ] SELECT `rule_val` FROM `auth_rule` WHERE  `id` IN (2) [ RunTime:0.077004s ]
[ sql ] [ SQL ] SELECT COUNT(*) AS tp_count FROM `auth_rule` WHERE  `rule_val` = 'admin/system/index' LIMIT 1 [ RunTime:0.099005s ]
[ sql ] [ SQL ] SELECT COUNT(*) AS tp_count FROM `auth_rule` WHERE  `rule_val` = 'admin/user/index' LIMIT 1 [ RunTime:0.102006s ]
[ sql ] [ SQL ] SELECT `role_id` FROM `user` WHERE  `user`.`delete_time` IS NULL  AND `id` = 1 LIMIT 1 [ RunTime:0.080005s ]
[ sql ] [ SQL ] SELECT `rule_id` FROM `auth_access` WHERE  `role_id` = 1 [ RunTime:0.085005s ]
[ sql ] [ SQL ] SELECT `rule_val` FROM `auth_rule` WHERE  `id` IN (2) [ RunTime:0.084004s ]
[ sql ] [ SQL ] SELECT COUNT(*) AS tp_count FROM `auth_rule` WHERE  `rule_val` = 'admin/role/index' LIMIT 1 [ RunTime:0.086004s ]
[ sql ] [ SQL ] SELECT COUNT(*) AS tp_count FROM `auth_rule` WHERE  `rule_val` = 'admin/authrule/index' LIMIT 1 [ RunTime:0.092005s ]
[ sql ] [ SQL ] SHOW COLUMNS FROM `log_record` [ RunTime:0.076004s ]
[ sql ] [ SQL ] SELECT `ip` FROM `log_record` [ RunTime:0.184011s ]

---------------------------------------------------------------
[ 2017-10-28T21:29:40+08:00 ] 127.0.0.1 127.0.0.1 GET /captcha?=r0.561324027640618?=r0.42575505419577575
[ log ] www.city119.com/captcha?=r0.561324027640618?=r0.42575505419577575 [运行时间：2.384137s][吞吐率：0.42req/s] [内存消耗：3,137.63kb] [文件加载：41]
[ info ] [ LANG ] D:\Software_Files\website\www.city119.com\thinkphp\lang\zh-cn.php
[ info ] [ ROUTE ] array (
  'type' => 'method',
  'method' => 
  array (
    0 => '\\think\\captcha\\CaptchaController',
    1 => 'index',
  ),
  'var' => 
  array (
  ),
)
[ info ] [ HEADER ] array (
  'host' => 'www.city119.com',
  'connection' => 'keep-alive',
  'user-agent' => 'Mozilla/5.0 (Windows NT 6.1; Win64; x64) AppleWebKit/537.36 (KHTML, like Gecko) Chrome/61.0.3163.79 Safari/537.36',
  'accept' => 'image/webp,image/apng,image/*,*/*;q=0.8',
  'referer' => 'http://www.city119.com/admin/login/index',
  'accept-encoding' => 'gzip, deflate',
  'accept-language' => 'zh-CN,zh;q=0.8',
  'cookie' => 'think_var=zh-cn; PHPSESSID=4ksnnb4i4u6q1rjifqn9m53hd3',
)
[ info ] [ PARAM ] array (
  'id' => NULL,
)
[ info ] [ RUN ] think\captcha\CaptchaController->index[ D:\Software_Files\website\www.city119.com\vendor\topthink\think-captcha\src\CaptchaController.php ]
[ info ] [ SESSION ] INIT array (
  'id' => '',
  'var_session_id' => '',
  'prefix' => 'think',
  'type' => '',
  'auto_start' => true,
)
[ info ] [ LOG ] INIT File

---------------------------------------------------------------
[ 2017-10-28T21:29:44+08:00 ] 127.0.0.1 127.0.0.1 GET /admin/rescue/index
[ log ] www.city119.com/admin/rescue/index [运行时间：1.829105s][吞吐率：0.55req/s] [内存消耗：5,165.75kb] [文件加载：63]
[ info ] [ LANG ] D:\Software_Files\website\www.city119.com\thinkphp\lang\zh-cn.php
[ info ] [ ROUTE ] array (
  'type' => 'module',
  'module' => 
  array (
    0 => 'admin',
    1 => 'rescue',
    2 => 'index',
  ),
)
[ info ] [ HEADER ] array (
  'host' => 'www.city119.com',
  'connection' => 'keep-alive',
  'upgrade-insecure-requests' => '1',
  'user-agent' => 'Mozilla/5.0 (Windows NT 6.1; Win64; x64) AppleWebKit/537.36 (KHTML, like Gecko) Chrome/61.0.3163.79 Safari/537.36',
  'accept' => 'text/html,application/xhtml+xml,application/xml;q=0.9,image/webp,image/apng,*/*;q=0.8',
  'referer' => 'http://www.city119.com/admin/index/index',
  'accept-encoding' => 'gzip, deflate',
  'accept-language' => 'zh-CN,zh;q=0.8',
  'cookie' => 'think_var=zh-cn; PHPSESSID=4ksnnb4i4u6q1rjifqn9m53hd3',
)
[ info ] [ PARAM ] array (
)
[ info ] [ LANG ] D:\Software_Files\website\www.city119.com\public/../app/admin\lang\zh-cn.php
[ info ] [ SESSION ] INIT array (
  'id' => '',
  'var_session_id' => '',
  'prefix' => '',
  'type' => '',
  'auto_start' => true,
)
[ info ] [ DB ] INIT mysql
[ info ] [ RUN ] app\admin\controller\Rescue->index[ D:\Software_Files\website\www.city119.com\app\admin\controller\Rescue.php ]
[ info ] [ VIEW ] D:\Software_Files\website\www.city119.com\public/../app/admin\view\rescue\index.html [ array (
  0 => 'set_lang',
  1 => 'user',
  2 => 'menus',
) ]
[ info ] [ LOG ] INIT File
[ sql ] [ DB ] CONNECT:[ UseTime:0.117007s ] mysql:dbname=city119;host=city119.anybind.com;port=3306;charset=utf8
[ sql ] [ SQL ] SHOW COLUMNS FROM `auth_rule` [ RunTime:0.070004s ]
[ sql ] [ SQL ] SELECT COUNT(*) AS tp_count FROM `auth_rule` WHERE  `rule_val` = 'admin/index/index' LIMIT 1 [ RunTime:0.090005s ]
[ sql ] [ SQL ] SHOW COLUMNS FROM `user` [ RunTime:0.084005s ]
[ sql ] [ SQL ] SELECT `role_id` FROM `user` WHERE  `user`.`delete_time` IS NULL  AND `id` = 1 LIMIT 1 [ RunTime:0.075004s ]
[ sql ] [ SQL ] SHOW COLUMNS FROM `auth_access` [ RunTime:0.087005s ]
[ sql ] [ SQL ] SELECT `rule_id` FROM `auth_access` WHERE  `role_id` = 1 [ RunTime:0.074004s ]
[ sql ] [ SQL ] SELECT `rule_val` FROM `auth_rule` WHERE  `id` IN (2) [ RunTime:0.108006s ]
[ sql ] [ SQL ] SELECT COUNT(*) AS tp_count FROM `auth_rule` WHERE  `rule_val` = 'admin/policeman/index' LIMIT 1 [ RunTime:0.088005s ]
[ sql ] [ SQL ] SELECT COUNT(*) AS tp_count FROM `auth_rule` WHERE  `rule_val` = 'admin/rescue/index' LIMIT 1 [ RunTime:0.078004s ]
[ sql ] [ SQL ] SELECT `role_id` FROM `user` WHERE  `user`.`delete_time` IS NULL  AND `id` = 1 LIMIT 1 [ RunTime:0.089006s ]
[ sql ] [ SQL ] SELECT `rule_id` FROM `auth_access` WHERE  `role_id` = 1 [ RunTime:0.103005s ]
[ sql ] [ SQL ] SELECT `rule_val` FROM `auth_rule` WHERE  `id` IN (2) [ RunTime:0.081004s ]
[ sql ] [ SQL ] SELECT COUNT(*) AS tp_count FROM `auth_rule` WHERE  `rule_val` = 'admin/system/index' LIMIT 1 [ RunTime:0.081005s ]
[ sql ] [ SQL ] SELECT COUNT(*) AS tp_count FROM `auth_rule` WHERE  `rule_val` = 'admin/user/index' LIMIT 1 [ RunTime:0.074004s ]
[ sql ] [ SQL ] SELECT `role_id` FROM `user` WHERE  `user`.`delete_time` IS NULL  AND `id` = 1 LIMIT 1 [ RunTime:0.076005s ]
[ sql ] [ SQL ] SELECT `rule_id` FROM `auth_access` WHERE  `role_id` = 1 [ RunTime:0.093005s ]
[ sql ] [ SQL ] SELECT `rule_val` FROM `auth_rule` WHERE  `id` IN (2) [ RunTime:0.079005s ]
[ sql ] [ SQL ] SELECT COUNT(*) AS tp_count FROM `auth_rule` WHERE  `rule_val` = 'admin/role/index' LIMIT 1 [ RunTime:0.084004s ]
[ sql ] [ SQL ] SELECT COUNT(*) AS tp_count FROM `auth_rule` WHERE  `rule_val` = 'admin/authrule/index' LIMIT 1 [ RunTime:0.079005s ]

---------------------------------------------------------------
[ 2017-10-28T21:29:46+08:00 ] 127.0.0.1 127.0.0.1 GET /admin/rescue/getlist?offset=0&limit=10
[ log ] www.city119.com/admin/rescue/getlist?offset=0&limit=10 [运行时间：2.041117s][吞吐率：0.49req/s] [内存消耗：5,189.43kb] [文件加载：63]
[ info ] [ LANG ] D:\Software_Files\website\www.city119.com\thinkphp\lang\zh-cn.php
[ info ] [ ROUTE ] array (
  'type' => 'module',
  'module' => 
  array (
    0 => 'admin',
    1 => 'rescue',
    2 => 'getlist',
  ),
)
[ info ] [ HEADER ] array (
  'host' => 'www.city119.com',
  'connection' => 'keep-alive',
  'accept' => 'application/json, text/javascript, */*; q=0.01',
  'x-requested-with' => 'XMLHttpRequest',
  'user-agent' => 'Mozilla/5.0 (Windows NT 6.1; Win64; x64) AppleWebKit/537.36 (KHTML, like Gecko) Chrome/61.0.3163.79 Safari/537.36',
  'content-type' => 'application/json',
  'referer' => 'http://www.city119.com/admin/rescue/index',
  'accept-encoding' => 'gzip, deflate',
  'accept-language' => 'zh-CN,zh;q=0.8',
  'cookie' => 'think_var=zh-cn; PHPSESSID=4ksnnb4i4u6q1rjifqn9m53hd3',
)
[ info ] [ PARAM ] array (
  'offset' => '0',
  'limit' => '10',
)
[ info ] [ LANG ] D:\Software_Files\website\www.city119.com\public/../app/admin\lang\zh-cn.php
[ info ] [ SESSION ] INIT array (
  'id' => '',
  'var_session_id' => '',
  'prefix' => '',
  'type' => '',
  'auto_start' => true,
)
[ info ] [ DB ] INIT mysql
[ info ] [ RUN ] app\admin\controller\Rescue->getList[ D:\Software_Files\website\www.city119.com\app\admin\controller\Rescue.php ]
[ info ] [ LOG ] INIT File
[ sql ] [ DB ] CONNECT:[ UseTime:0.121007s ] mysql:dbname=city119;host=city119.anybind.com;port=3306;charset=utf8
[ sql ] [ SQL ] SHOW COLUMNS FROM `auth_rule` [ RunTime:0.074004s ]
[ sql ] [ SQL ] SELECT COUNT(*) AS tp_count FROM `auth_rule` WHERE  `rule_val` = 'admin/index/index' LIMIT 1 [ RunTime:0.070004s ]
[ sql ] [ SQL ] SHOW COLUMNS FROM `user` [ RunTime:0.073004s ]
[ sql ] [ SQL ] SELECT `role_id` FROM `user` WHERE  `user`.`delete_time` IS NULL  AND `id` = 1 LIMIT 1 [ RunTime:0.072004s ]
[ sql ] [ SQL ] SHOW COLUMNS FROM `auth_access` [ RunTime:0.079004s ]
[ sql ] [ SQL ] SELECT `rule_id` FROM `auth_access` WHERE  `role_id` = 1 [ RunTime:0.073005s ]
[ sql ] [ SQL ] SELECT `rule_val` FROM `auth_rule` WHERE  `id` IN (2) [ RunTime:0.073004s ]
[ sql ] [ SQL ] SELECT COUNT(*) AS tp_count FROM `auth_rule` WHERE  `rule_val` = 'admin/policeman/index' LIMIT 1 [ RunTime:0.070004s ]
[ sql ] [ SQL ] SELECT COUNT(*) AS tp_count FROM `auth_rule` WHERE  `rule_val` = 'admin/rescue/index' LIMIT 1 [ RunTime:0.074004s ]
[ sql ] [ SQL ] SELECT `role_id` FROM `user` WHERE  `user`.`delete_time` IS NULL  AND `id` = 1 LIMIT 1 [ RunTime:0.073005s ]
[ sql ] [ SQL ] SELECT `rule_id` FROM `auth_access` WHERE  `role_id` = 1 [ RunTime:0.079004s ]
[ sql ] [ SQL ] SELECT `rule_val` FROM `auth_rule` WHERE  `id` IN (2) [ RunTime:0.138008s ]
[ sql ] [ SQL ] SELECT COUNT(*) AS tp_count FROM `auth_rule` WHERE  `rule_val` = 'admin/system/index' LIMIT 1 [ RunTime:0.072004s ]
[ sql ] [ SQL ] SELECT COUNT(*) AS tp_count FROM `auth_rule` WHERE  `rule_val` = 'admin/user/index' LIMIT 1 [ RunTime:0.077005s ]
[ sql ] [ SQL ] SELECT `role_id` FROM `user` WHERE  `user`.`delete_time` IS NULL  AND `id` = 1 LIMIT 1 [ RunTime:0.080004s ]
[ sql ] [ SQL ] SELECT `rule_id` FROM `auth_access` WHERE  `role_id` = 1 [ RunTime:0.072004s ]
[ sql ] [ SQL ] SELECT `rule_val` FROM `auth_rule` WHERE  `id` IN (2) [ RunTime:0.072004s ]
[ sql ] [ SQL ] SELECT COUNT(*) AS tp_count FROM `auth_rule` WHERE  `rule_val` = 'admin/role/index' LIMIT 1 [ RunTime:0.070004s ]
[ sql ] [ SQL ] SELECT COUNT(*) AS tp_count FROM `auth_rule` WHERE  `rule_val` = 'admin/authrule/index' LIMIT 1 [ RunTime:0.072004s ]
[ sql ] [ SQL ] SHOW COLUMNS FROM `rescue_info` [ RunTime:0.086005s ]
[ sql ] [ SQL ] SELECT COUNT(*) AS tp_count FROM `rescue_info` WHERE  `rescue_info`.`delete_time` IS NULL LIMIT 1 [ RunTime:0.115007s ]
[ sql ] [ SQL ] SELECT * FROM `rescue_info` WHERE  `rescue_info`.`delete_time` IS NULL ORDER BY  status asc,create_time asc LIMIT 0,10 [ RunTime:0.077004s ]

---------------------------------------------------------------
[ 2017-10-28T21:30:06+08:00 ] 127.0.0.1 127.0.0.1 GET /admin/rescue/detail/id/14
[ log ] www.city119.com/admin/rescue/detail/id/14 [运行时间：2.262130s][吞吐率：0.44req/s] [内存消耗：5,283.23kb] [文件加载：64]
[ info ] [ LANG ] D:\Software_Files\website\www.city119.com\thinkphp\lang\zh-cn.php
[ info ] [ ROUTE ] array (
  'type' => 'module',
  'module' => 
  array (
    0 => 'admin',
    1 => 'rescue',
    2 => 'detail',
  ),
)
[ info ] [ HEADER ] array (
  'host' => 'www.city119.com',
  'connection' => 'keep-alive',
  'upgrade-insecure-requests' => '1',
  'user-agent' => 'Mozilla/5.0 (Windows NT 6.1; Win64; x64) AppleWebKit/537.36 (KHTML, like Gecko) Chrome/61.0.3163.79 Safari/537.36',
  'accept' => 'text/html,application/xhtml+xml,application/xml;q=0.9,image/webp,image/apng,*/*;q=0.8',
  'referer' => 'http://www.city119.com/admin/rescue/index',
  'accept-encoding' => 'gzip, deflate',
  'accept-language' => 'zh-CN,zh;q=0.8',
  'cookie' => 'think_var=zh-cn; PHPSESSID=4ksnnb4i4u6q1rjifqn9m53hd3',
)
[ info ] [ PARAM ] array (
  'id' => '14',
)
[ info ] [ LANG ] D:\Software_Files\website\www.city119.com\public/../app/admin\lang\zh-cn.php
[ info ] [ SESSION ] INIT array (
  'id' => '',
  'var_session_id' => '',
  'prefix' => '',
  'type' => '',
  'auto_start' => true,
)
[ info ] [ DB ] INIT mysql
[ info ] [ RUN ] app\admin\controller\Rescue->detail[ D:\Software_Files\website\www.city119.com\app\admin\controller\Rescue.php ]
[ info ] [ VIEW ] D:\Software_Files\website\www.city119.com\public/../app/admin\view\rescue\detail.html [ array (
  0 => 'set_lang',
  1 => 'user',
  2 => 'menus',
  3 => 'rescue_type',
  4 => 'data',
) ]
[ info ] [ LOG ] INIT File
[ sql ] [ DB ] CONNECT:[ UseTime:0.115006s ] mysql:dbname=city119;host=city119.anybind.com;port=3306;charset=utf8
[ sql ] [ SQL ] SHOW COLUMNS FROM `auth_rule` [ RunTime:0.092006s ]
[ sql ] [ SQL ] SELECT COUNT(*) AS tp_count FROM `auth_rule` WHERE  `rule_val` = 'admin/index/index' LIMIT 1 [ RunTime:0.074004s ]
[ sql ] [ SQL ] SHOW COLUMNS FROM `user` [ RunTime:0.073004s ]
[ sql ] [ SQL ] SELECT `role_id` FROM `user` WHERE  `user`.`delete_time` IS NULL  AND `id` = 1 LIMIT 1 [ RunTime:0.077005s ]
[ sql ] [ SQL ] SHOW COLUMNS FROM `auth_access` [ RunTime:0.074004s ]
[ sql ] [ SQL ] SELECT `rule_id` FROM `auth_access` WHERE  `role_id` = 1 [ RunTime:0.120007s ]
[ sql ] [ SQL ] SELECT `rule_val` FROM `auth_rule` WHERE  `id` IN (2) [ RunTime:0.076004s ]
[ sql ] [ SQL ] SELECT COUNT(*) AS tp_count FROM `auth_rule` WHERE  `rule_val` = 'admin/policeman/index' LIMIT 1 [ RunTime:0.126008s ]
[ sql ] [ SQL ] SELECT COUNT(*) AS tp_count FROM `auth_rule` WHERE  `rule_val` = 'admin/rescue/index' LIMIT 1 [ RunTime:0.073004s ]
[ sql ] [ SQL ] SELECT `role_id` FROM `user` WHERE  `user`.`delete_time` IS NULL  AND `id` = 1 LIMIT 1 [ RunTime:0.086005s ]
[ sql ] [ SQL ] SELECT `rule_id` FROM `auth_access` WHERE  `role_id` = 1 [ RunTime:0.079004s ]
[ sql ] [ SQL ] SELECT `rule_val` FROM `auth_rule` WHERE  `id` IN (2) [ RunTime:0.076005s ]
[ sql ] [ SQL ] SELECT COUNT(*) AS tp_count FROM `auth_rule` WHERE  `rule_val` = 'admin/system/index' LIMIT 1 [ RunTime:0.076004s ]
[ sql ] [ SQL ] SELECT COUNT(*) AS tp_count FROM `auth_rule` WHERE  `rule_val` = 'admin/user/index' LIMIT 1 [ RunTime:0.327019s ]
[ sql ] [ SQL ] SELECT `role_id` FROM `user` WHERE  `user`.`delete_time` IS NULL  AND `id` = 1 LIMIT 1 [ RunTime:0.075004s ]
[ sql ] [ SQL ] SELECT `rule_id` FROM `auth_access` WHERE  `role_id` = 1 [ RunTime:0.076005s ]
[ sql ] [ SQL ] SELECT `rule_val` FROM `auth_rule` WHERE  `id` IN (2) [ RunTime:0.083005s ]
[ sql ] [ SQL ] SELECT COUNT(*) AS tp_count FROM `auth_rule` WHERE  `rule_val` = 'admin/role/index' LIMIT 1 [ RunTime:0.072004s ]
[ sql ] [ SQL ] SELECT COUNT(*) AS tp_count FROM `auth_rule` WHERE  `rule_val` = 'admin/authrule/index' LIMIT 1 [ RunTime:0.081004s ]
[ sql ] [ SQL ] SHOW COLUMNS FROM `rescue_info` [ RunTime:0.080004s ]
[ sql ] [ SQL ] SELECT * FROM `rescue_info` WHERE  `rescue_info`.`delete_time` IS NULL  AND `id` = 14 LIMIT 1 [ RunTime:0.107006s ]

---------------------------------------------------------------
